Edge TPU Compiler version 16.0.384591198
Warning: For the given model, you're creating more segmentsthan is necessary, which can increase inference latency.We instead recommend num_segments = 1
Started a compilation timeout timer of 180 seconds.

Model compiled successfully in 1349 ms.

Input model: /mnt/c/Users/jjw74/Desktop/SNU/SNU 3-2/Creative Integrated Design/repnext-optimization/logs/iter4_segments/n3/repnext_m5_relu_sparse_stage2_downsample_512_int8_dwpatched_segment_0_of_3.tflite
Input size: 741.50KiB
Output model: /mnt/c/Users/jjw74/Desktop/SNU/SNU 3-2/Creative Integrated Design/repnext-optimization/logs/iter4_segments/n3/repnext_m5_relu_sparse_stage2_downsample_512_int8_dwpatched_segment_0_of_3_edgetpu.tflite
Output size: 1.04MiB
On-chip memory used for caching model parameters: 65.00KiB
On-chip memory remaining for caching model parameters: 6.12MiB
Off-chip memory used for streaming uncached model parameters: 0.00B
Number of Edge TPU subgraphs: 1
Total number of operations: 349
Operation log: /mnt/c/Users/jjw74/Desktop/SNU/SNU 3-2/Creative Integrated Design/repnext-optimization/logs/iter4_segments/n3/repnext_m5_relu_sparse_stage2_downsample_512_int8_dwpatched_segment_0_of_3_edgetpu.log

Model successfully compiled but not all operations are supported by the Edge TPU. A percentage of the model will instead run on the CPU, which is slower. If possible, consider updating your model to use only operations supported by the Edge TPU. For details, visit g.co/coral/model-reqs.
Number of operations that will run on Edge TPU: 25
Number of operations that will run on CPU: 324

Operator                       Count      Status

CONV_2D                        2          Mapped to Edge TPU
CONV_2D                        18         More than one subgraph is not supported
MUL                            10         More than one subgraph is not supported
DEPTHWISE_CONV_2D              13         Mapped to Edge TPU
DEPTHWISE_CONV_2D              115        More than one subgraph is not supported
CONCATENATION                  10         More than one subgraph is not supported
PAD                            2          Mapped to Edge TPU
PAD                            10         More than one subgraph is not supported
TRANSPOSE                      72         Operation is otherwise supported, but not mapped due to some unspecified limitation
SPLIT                          8          More than one subgraph is not supported
SPLIT                          1          Mapped to Edge TPU
ADD                            7          Mapped to Edge TPU
ADD                            81         More than one subgraph is not supported
Compilation child process completed within timeout period.
Compilation succeeded! 
Started a compilation timeout timer of 180 seconds.

Model compiled successfully in 160 ms.

Input model: /mnt/c/Users/jjw74/Desktop/SNU/SNU 3-2/Creative Integrated Design/repnext-optimization/logs/iter4_segments/n3/repnext_m5_relu_sparse_stage2_downsample_512_int8_dwpatched_segment_1_of_3.tflite
Input size: 639.94KiB
Output model: /mnt/c/Users/jjw74/Desktop/SNU/SNU 3-2/Creative Integrated Design/repnext-optimization/logs/iter4_segments/n3/repnext_m5_relu_sparse_stage2_downsample_512_int8_dwpatched_segment_1_of_3_edgetpu.tflite
Output size: 677.34KiB
On-chip memory used for caching model parameters: 116.00KiB
On-chip memory remaining for caching model parameters: 7.23MiB
Off-chip memory used for streaming uncached model parameters: 0.00B
Number of Edge TPU subgraphs: 1
Total number of operations: 141
Operation log: /mnt/c/Users/jjw74/Desktop/SNU/SNU 3-2/Creative Integrated Design/repnext-optimization/logs/iter4_segments/n3/repnext_m5_relu_sparse_stage2_downsample_512_int8_dwpatched_segment_1_of_3_edgetpu.log

Model successfully compiled but not all operations are supported by the Edge TPU. A percentage of the model will instead run on the CPU, which is slower. If possible, consider updating your model to use only operations supported by the Edge TPU. For details, visit g.co/coral/model-reqs.
Number of operations that will run on Edge TPU: 3
Number of operations that will run on CPU: 138

Operator                       Count      Status

CONCATENATION                  4          More than one subgraph is not supported
TRANSPOSE                      32         Operation is otherwise supported, but not mapped due to some unspecified limitation
CONV_2D                        7          More than one subgraph is not supported
CONV_2D                        2          Mapped to Edge TPU
DEPTHWISE_CONV_2D              52         More than one subgraph is not supported
MUL                            4          More than one subgraph is not supported
SPLIT                          4          More than one subgraph is not supported
ADD                            1          Mapped to Edge TPU
ADD                            35         More than one subgraph is not supported
Compilation child process completed within timeout period.
Compilation succeeded! 
Started a compilation timeout timer of 180 seconds.

Model compiled successfully in 103 ms.

Input model: /mnt/c/Users/jjw74/Desktop/SNU/SNU 3-2/Creative Integrated Design/repnext-optimization/logs/iter4_segments/n3/repnext_m5_relu_sparse_stage2_downsample_512_int8_dwpatched_segment_2_of_3.tflite
Input size: 707.36KiB
Output model: /mnt/c/Users/jjw74/Desktop/SNU/SNU 3-2/Creative Integrated Design/repnext-optimization/logs/iter4_segments/n3/repnext_m5_relu_sparse_stage2_downsample_512_int8_dwpatched_segment_2_of_3_edgetpu.tflite
Output size: 750.50KiB
On-chip memory used for caching model parameters: 62.25KiB
On-chip memory remaining for caching model parameters: 7.29MiB
Off-chip memory used for streaming uncached model parameters: 0.00B
Number of Edge TPU subgraphs: 1
Total number of operations: 74
Operation log: /mnt/c/Users/jjw74/Desktop/SNU/SNU 3-2/Creative Integrated Design/repnext-optimization/logs/iter4_segments/n3/repnext_m5_relu_sparse_stage2_downsample_512_int8_dwpatched_segment_2_of_3_edgetpu.log

Model successfully compiled but not all operations are supported by the Edge TPU. A percentage of the model will instead run on the CPU, which is slower. If possible, consider updating your model to use only operations supported by the Edge TPU. For details, visit g.co/coral/model-reqs.
Number of operations that will run on Edge TPU: 2
Number of operations that will run on CPU: 72

Operator                       Count      Status

DEPTHWISE_CONV_2D              24         More than one subgraph is not supported
PAD                            10         More than one subgraph is not supported
TRANSPOSE                      12         Operation is otherwise supported, but not mapped due to some unspecified limitation
CONCATENATION                  2          More than one subgraph is not supported
SPLIT                          1          More than one subgraph is not supported
ADD                            17         More than one subgraph is not supported
ADD                            1          Mapped to Edge TPU
CONV_2D                        4          More than one subgraph is not supported
CONV_2D                        1          Mapped to Edge TPU
MUL                            2          More than one subgraph is not supported
Compilation child process completed within timeout period.
Compilation succeeded! 
