Edge TPU Compiler version 16.0.384591198
Started a compilation timeout timer of 180 seconds.

Model compiled successfully in 78396 ms.

Input model: artifacts/w48_tpu/repnext_m5_tanhgelu_real_full_192_logits_full_integer_quant_dwpatched.tflite
Input size: 4.93MiB
Output model: artifacts/w48_tpu/repnext_m5_tanhgelu_real_full_192_logits_full_integer_quant_dwpatched_edgetpu.tflite
Output size: 9.10MiB
On-chip memory used for caching model parameters: 6.77MiB
On-chip memory remaining for caching model parameters: 585.25KiB
Off-chip memory used for streaming uncached model parameters: 57.75KiB
Number of Edge TPU subgraphs: 1
Total number of operations: 960
Operation log: artifacts/w48_tpu/repnext_m5_tanhgelu_real_full_192_logits_full_integer_quant_dwpatched_edgetpu.log

Operator                       Count      Status

MUL                            132        Mapped to Edge TPU
CONV_2D                        60         Mapped to Edge TPU
ADD                            236        Mapped to Edge TPU
TRANSPOSE                      109        Mapped to Edge TPU
TANH                           22         Mapped to Edge TPU
STRIDED_SLICE                  72         Mapped to Edge TPU
PAD                            32         Mapped to Edge TPU
CONCATENATION                  21         Mapped to Edge TPU
DEPTHWISE_CONV_2D              267        Mapped to Edge TPU
RESIZE_NEAREST_NEIGHBOR        3          Mapped to Edge TPU
RESIZE_BILINEAR                6          Mapped to Edge TPU
Compilation child process completed within timeout period.
Compilation succeeded! 
