[cmd] /workspace/tvm/local-convert-env/bin/onnx2tf -i artifacts/w48_tpu/repnext_m5_tanhgelu_real_full_192_logits.onnx -o artifacts/w48_tpu/onnx2tf_tanhgelu_192_logits -dsm -n -oiqt -iqd int8 -oqd int8 -cind input artifacts/calib/calib_real_192_nhwc_float32.npy [[[[0.0]]]] [[[[1.0]]]]
WARNING: All log messages before absl::InitializeLog() is called are written to STDERR
E0000 00:00:1781530563.232329  426985 cuda_dnn.cc:8579] Unable to register cuDNN factory: Attempting to register factory for plugin cuDNN when one has already been registered
E0000 00:00:1781530563.237850  426985 cuda_blas.cc:1407] Unable to register cuBLAS factory: Attempting to register factory for plugin cuBLAS when one has already been registered
W0000 00:00:1781530563.255143  426985 computation_placer.cc:177] computation placer already registered. Please check linkage and avoid linking the same target more than once.
W0000 00:00:1781530563.255297  426985 computation_placer.cc:177] computation placer already registered. Please check linkage and avoid linking the same target more than once.
W0000 00:00:1781530563.255307  426985 computation_placer.cc:177] computation placer already registered. Please check linkage and avoid linking the same target more than once.
W0000 00:00:1781530563.255311  426985 computation_placer.cc:177] computation placer already registered. Please check linkage and avoid linking the same target more than once.
Saved artifact at 'artifacts/w48_tpu/onnx2tf_tanhgelu_192_logits'. The following endpoints are available:

* Endpoint 'serving_default'
  inputs_0 (POSITIONAL_ONLY): TensorSpec(shape=(1, 192, 192, 3), dtype=tf.float32, name='input')
Output Type:
  TensorSpec(shape=(1, 48, 48, 150), dtype=tf.float32, name=None)
Captures:
  127993628916432: TensorSpec(shape=(4, 2), dtype=tf.int32, name=None)
  127993628917008: TensorSpec(shape=(3, 3, 3, 24), dtype=tf.float32, name=None)
  127993628914896: TensorSpec(shape=(24,), dtype=tf.float32, name=None)
  127993567464336: TensorSpec(shape=(1, 1, 1, 1), dtype=tf.float32, name=None)
  127993567466064: TensorSpec(shape=(1, 1, 1, 1), dtype=tf.float32, name=None)
  127993567466832: TensorSpec(shape=(1, 1, 1, 1), dtype=tf.float32, name=None)
  127993567467216: TensorSpec(shape=(1, 1, 1, 1), dtype=tf.float32, name=None)
  127993567467408: TensorSpec(shape=(4, 2), dtype=tf.int32, name=None)
  127993567465488: TensorSpec(shape=(3, 3, 24, 48), dtype=tf.float32, name=None)
  127993567467600: TensorSpec(shape=(48,), dtype=tf.float32, name=None)
  127993567468176: TensorSpec(shape=(4,), dtype=tf.int64, name=None)
  127993567469520: TensorSpec(shape=(4,), dtype=tf.int64, name=None)
  127993567472400: TensorSpec(shape=(5, 3, 12, 1), dtype=tf.float32, name=None)
  127993567472016: TensorSpec(shape=(7, 7, 12, 1), dtype=tf.float32, name=None)
  127993567472976: TensorSpec(shape=(12,), dtype=tf.float32, name=None)
  127993567472592: TensorSpec(shape=(12,), dtype=tf.float32, name=None)
  127993567467984: TensorSpec(shape=(4,), dtype=tf.int64, name=None)
  127993567467792: TensorSpec(shape=(4,), dtype=tf.int64, name=None)
  127993567472784: TensorSpec(shape=(3, 5, 12, 1), dtype=tf.float32, name=None)
  127993567471824: TensorSpec(shape=(3, 1, 12, 1), dtype=tf.float32, name=None)
  127993567468944: TensorSpec(shape=(3, 3, 12, 1), dtype=tf.float32, name=None)
  127993567473360: TensorSpec(shape=(12,), dtype=tf.float32, name=None)
  127993567469136: TensorSpec(shape=(12,), dtype=tf.float32, name=None)
  127993567470480: TensorSpec(shape=(12,), dtype=tf.float32, name=None)
  127993567473168: TensorSpec(shape=(1, 7, 12, 1), dtype=tf.float32, name=None)
  127993567469712: TensorSpec(shape=(1, 3, 12, 1), dtype=tf.float32, name=None)
  127993567467024: TensorSpec(shape=(4,), dtype=tf.int64, name=None)
  127993567470288: TensorSpec(shape=(4,), dtype=tf.int64, name=None)
  127993567473552: TensorSpec(shape=(7, 1, 12, 1), dtype=tf.float32, name=None)
  127993567472208: TensorSpec(shape=(12,), dtype=tf.float32, name=None)
  127993567474320: TensorSpec(shape=(1, 11, 12, 1), dtype=tf.float32, name=None)
  127993567473936: TensorSpec(shape=(12,), dtype=tf.float32, name=None)
  127993567473744: TensorSpec(shape=(1, 5, 12, 1), dtype=tf.float32, name=None)
  127993567471056: TensorSpec(shape=(2, 2, 12, 1), dtype=tf.float32, name=None)
  127993567474128: TensorSpec(shape=(11, 1, 12, 1), dtype=tf.float32, name=None)
  127993567474512: TensorSpec(shape=(5, 1, 12, 1), dtype=tf.float32, name=None)
  127993567471248: TensorSpec(shape=(12,), dtype=tf.float32, name=None)
  127993567474704: TensorSpec(shape=(12,), dtype=tf.float32, name=None)
  127993567468368: TensorSpec(shape=(4,), dtype=tf.int64, name=None)
  127993567468560: TensorSpec(shape=(4,), dtype=tf.int64, name=None)
  127993567476240: TensorSpec(shape=(48,), dtype=tf.float32, name=None)
  127993567476432: TensorSpec(shape=(48,), dtype=tf.float32, name=None)
  127993567475856: TensorSpec(shape=(1, 1, 48, 96), dtype=tf.float32, name=None)
  127993567475664: TensorSpec(shape=(96,), dtype=tf.float32, name=None)
  127993567476624: TensorSpec(shape=(1, 1, 1, 1), dtype=tf.float32, name=None)
  127993567474896: TensorSpec(shape=(1, 1, 1, 1), dtype=tf.float32, name=None)
  127993567476048: TensorSpec(shape=(1, 1, 1, 1), dtype=tf.float32, name=None)
  127993567477008: TensorSpec(shape=(1, 1, 1, 1), dtype=tf.float32, name=None)
  127993567476816: TensorSpec(shape=(1, 1, 96, 48), dtype=tf.float32, name=None)
  127993567477200: TensorSpec(shape=(48,), dtype=tf.float32, name=None)
  127993517328528: TensorSpec(shape=(4,), dtype=tf.int64, name=None)
  127993517327376: TensorSpec(shape=(4,), dtype=tf.int64, name=None)
  127993517330640: TensorSpec(shape=(5, 3, 12, 1), dtype=tf.float32, name=None)
  127993517330256: TensorSpec(shape=(7, 7, 12, 1), dtype=tf.float32, name=None)
  127993517331216: TensorSpec(shape=(12,), dtype=tf.float32, name=None)
  127993517330832: TensorSpec(shape=(12,), dtype=tf.float32, name=None)
  127993517327760: TensorSpec(shape=(4,), dtype=tf.int64, name=None)
  127993517326416: TensorSpec(shape=(4,), dtype=tf.int64, name=None)
  127993517331024: TensorSpec(shape=(3, 5, 12, 1), dtype=tf.float32, name=None)
  127993517330064: TensorSpec(shape=(3, 1, 12, 1), dtype=tf.float32, name=None)
  127993567477584: TensorSpec(shape=(3, 3, 12, 1), dtype=tf.float32, name=None)
  127993517331600: TensorSpec(shape=(12,), dtype=tf.float32, name=None)
  127993567475280: TensorSpec(shape=(12,), dtype=tf.float32, name=None)
  127993567477392: TensorSpec(shape=(12,), dtype=tf.float32, name=None)
  127993517331408: TensorSpec(shape=(1, 7, 12, 1), dtype=tf.float32, name=None)
  127993517328720: TensorSpec(shape=(1, 3, 12, 1), dtype=tf.float32, name=None)
  127993517329296: TensorSpec(shape=(4,), dtype=tf.int64, name=None)
  127993517327184: TensorSpec(shape=(4,), dtype=tf.int64, name=None)
  127993517332752: TensorSpec(shape=(7, 1, 12, 1), dtype=tf.float32, name=None)
  127993517330448: TensorSpec(shape=(12,), dtype=tf.float32, name=None)
  127993517331792: TensorSpec(shape=(1, 11, 12, 1), dtype=tf.float32, name=None)
  127993517332176: TensorSpec(shape=(12,), dtype=tf.float32, name=None)
  127993517331984: TensorSpec(shape=(1, 5, 12, 1), dtype=tf.float32, name=None)
  127993517327952: TensorSpec(shape=(2, 2, 12, 1), dtype=tf.float32, name=None)
  127993517332560: TensorSpec(shape=(11, 1, 12, 1), dtype=tf.float32, name=None)
  127993517332944: TensorSpec(shape=(5, 1, 12, 1), dtype=tf.float32, name=None)
  127993517329488: TensorSpec(shape=(12,), dtype=tf.float32, name=None)
  127993517332368: TensorSpec(shape=(12,), dtype=tf.float32, name=None)
  127993517326608: TensorSpec(shape=(4,), dtype=tf.int64, name=None)
  127993517326800: TensorSpec(shape=(4,), dtype=tf.int64, name=None)
  127993517334288: TensorSpec(shape=(48,), dtype=tf.float32, name=None)
  127993517334480: TensorSpec(shape=(48,), dtype=tf.float32, name=None)
  127993517333904: TensorSpec(shape=(1, 1, 48, 96), dtype=tf.float32, name=None)
  127993517333136: TensorSpec(shape=(96,), dtype=tf.float32, name=None)
  127993517334672: TensorSpec(shape=(1, 1, 1, 1), dtype=tf.float32, name=None)
  127993517333712: TensorSpec(shape=(1, 1, 1, 1), dtype=tf.float32, name=None)
  127993517334096: TensorSpec(shape=(1, 1, 1, 1), dtype=tf.float32, name=None)
  127993517335056: TensorSpec(shape=(1, 1, 1, 1), dtype=tf.float32, name=None)
  127993517333328: TensorSpec(shape=(1, 1, 96, 48), dtype=tf.float32, name=None)
  127993517335248: TensorSpec(shape=(48,), dtype=tf.float32, name=None)
  127993517334864: TensorSpec(shape=(4,), dtype=tf.int64, name=None)
  127993517337168: TensorSpec(shape=(4,), dtype=tf.int64, name=None)
  127993517340048: TensorSpec(shape=(5, 3, 12, 1), dtype=tf.float32, name=None)
  127993517339664: TensorSpec(shape=(7, 7, 12, 1), dtype=tf.float32, name=None)
  127993517340624: TensorSpec(shape=(12,), dtype=tf.float32, name=None)
  127993517340240: TensorSpec(shape=(12,), dtype=tf.float32, name=None)
  127993517335824: TensorSpec(shape=(4,), dtype=tf.int64, name=None)
  127993517335632: TensorSpec(shape=(4,), dtype=tf.int64, name=None)
  127993517340432: TensorSpec(shape=(3, 5, 12, 1), dtype=tf.float32, name=None)
  127993517339472: TensorSpec(shape=(3, 1, 12, 1), dtype=tf.float32, name=None)
  127993517336592: TensorSpec(shape=(3, 3, 12, 1), dtype=tf.float32, name=None)
  127993517341008: TensorSpec(shape=(12,), dtype=tf.float32, name=None)
  127993517336784: TensorSpec(shape=(12,), dtype=tf.float32, name=None)
  127993517338128: TensorSpec(shape=(12,), dtype=tf.float32, name=None)
  127993517340816: TensorSpec(shape=(1, 7, 12, 1), dtype=tf.float32, name=None)
  127993517337360: TensorSpec(shape=(1, 3, 12, 1), dtype=tf.float32, name=None)
  127993517335440: TensorSpec(shape=(4,), dtype=tf.int64, name=None)
  127993517337936: TensorSpec(shape=(4,), dtype=tf.int64, name=None)
  127993517342160: TensorSpec(shape=(7, 1, 12, 1), dtype=tf.float32, name=None)
  127993517339856: TensorSpec(shape=(12,), dtype=tf.float32, name=None)
  127993517341200: TensorSpec(shape=(1, 11, 12, 1), dtype=tf.float32, name=None)
  127993517341584: TensorSpec(shape=(12,), dtype=tf.float32, name=None)
  127993517341392: TensorSpec(shape=(1, 5, 12, 1), dtype=tf.float32, name=None)
  127993517338704: TensorSpec(shape=(2, 2, 12, 1), dtype=tf.float32, name=None)
  127993517341968: TensorSpec(shape=(11, 1, 12, 1), dtype=tf.float32, name=None)
  127993517342352: TensorSpec(shape=(5, 1, 12, 1), dtype=tf.float32, name=None)
  127993517338896: TensorSpec(shape=(12,), dtype=tf.float32, name=None)
  127993517341776: TensorSpec(shape=(12,), dtype=tf.float32, name=None)
  127993517336016: TensorSpec(shape=(4,), dtype=tf.int64, name=None)
  127993517336208: TensorSpec(shape=(4,), dtype=tf.int64, name=None)
  127993388352528: TensorSpec(shape=(48,), dtype=tf.float32, name=None)
  127993388352720: TensorSpec(shape=(48,), dtype=tf.float32, name=None)
  127993517342544: TensorSpec(shape=(1, 1, 48, 96), dtype=tf.float32, name=None)
  127993388352144: TensorSpec(shape=(96,), dtype=tf.float32, name=None)
  127993388351952: TensorSpec(shape=(1, 1, 1, 1), dtype=tf.float32, name=None)
  127993388351760: TensorSpec(shape=(1, 1, 1, 1), dtype=tf.float32, name=None)
  127993388352336: TensorSpec(shape=(1, 1, 1, 1), dtype=tf.float32, name=None)
  127993388353296: TensorSpec(shape=(1, 1, 1, 1), dtype=tf.float32, name=None)
  127993388352912: TensorSpec(shape=(1, 1, 96, 48), dtype=tf.float32, name=None)
  127993388353488: TensorSpec(shape=(48,), dtype=tf.float32, name=None)
  127993388353104: TensorSpec(shape=(4,), dtype=tf.int64, name=None)
  127993388355408: TensorSpec(shape=(4,), dtype=tf.int64, name=None)
  127993388358288: TensorSpec(shape=(5, 3, 12, 1), dtype=tf.float32, name=None)
  127993388357904: TensorSpec(shape=(7, 7, 12, 1), dtype=tf.float32, name=None)
  127993388358864: TensorSpec(shape=(12,), dtype=tf.float32, name=None)
  127993388358480: TensorSpec(shape=(12,), dtype=tf.float32, name=None)
  127993388354064: TensorSpec(shape=(4,), dtype=tf.int64, name=None)
  127993388353872: TensorSpec(shape=(4,), dtype=tf.int64, name=None)
  127993388358672: TensorSpec(shape=(3, 5, 12, 1), dtype=tf.float32, name=None)
  127993388357712: TensorSpec(shape=(3, 1, 12, 1), dtype=tf.float32, name=None)
  127993388354832: TensorSpec(shape=(3, 3, 12, 1), dtype=tf.float32, name=None)
  127993388359248: TensorSpec(shape=(12,), dtype=tf.float32, name=None)
  127993388355024: TensorSpec(shape=(12,), dtype=tf.float32, name=None)
  127993388356368: TensorSpec(shape=(12,), dtype=tf.float32, name=None)
  127993388359056: TensorSpec(shape=(1, 7, 12, 1), dtype=tf.float32, name=None)
  127993388355600: TensorSpec(shape=(1, 3, 12, 1), dtype=tf.float32, name=None)
  127993388353680: TensorSpec(shape=(4,), dtype=tf.int64, name=None)
  127993388356176: TensorSpec(shape=(4,), dtype=tf.int64, name=None)
  127993388360400: TensorSpec(shape=(7, 1, 12, 1), dtype=tf.float32, name=None)
  127993388358096: TensorSpec(shape=(12,), dtype=tf.float32, name=None)
  127993388359440: TensorSpec(shape=(1, 11, 12, 1), dtype=tf.float32, name=None)
  127993388359824: TensorSpec(shape=(12,), dtype=tf.float32, name=None)
  127993388359632: TensorSpec(shape=(1, 5, 12, 1), dtype=tf.float32, name=None)
  127993388356944: TensorSpec(shape=(2, 2, 12, 1), dtype=tf.float32, name=None)
  127993388360208: TensorSpec(shape=(11, 1, 12, 1), dtype=tf.float32, name=None)
  127993388360592: TensorSpec(shape=(5, 1, 12, 1), dtype=tf.float32, name=None)
  127993388357136: TensorSpec(shape=(12,), dtype=tf.float32, name=None)
  127993388360016: TensorSpec(shape=(12,), dtype=tf.float32, name=None)
  127993388354256: TensorSpec(shape=(4,), dtype=tf.int64, name=None)
  127993388354448: TensorSpec(shape=(4,), dtype=tf.int64, name=None)
  127993388361936: TensorSpec(shape=(48,), dtype=tf.float32, name=None)
  127993388362128: TensorSpec(shape=(48,), dtype=tf.float32, name=None)
  127993388361552: TensorSpec(shape=(1, 1, 48, 96), dtype=tf.float32, name=None)
  127993388360784: TensorSpec(shape=(96,), dtype=tf.float32, name=None)
  127993388362320: TensorSpec(shape=(1, 1, 1, 1), dtype=tf.float32, name=None)
  127993388360976: TensorSpec(shape=(1, 1, 1, 1), dtype=tf.float32, name=None)
  127993388361744: TensorSpec(shape=(1, 1, 1, 1), dtype=tf.float32, name=None)
  127993388362896: TensorSpec(shape=(1, 1, 1, 1), dtype=tf.float32, name=None)
  127993388362512: TensorSpec(shape=(1, 1, 96, 48), dtype=tf.float32, name=None)
  127993388363088: TensorSpec(shape=(48,), dtype=tf.float32, name=None)
  127993388366352: TensorSpec(shape=(4, 2), dtype=tf.int32, name=None)
  127993388365584: TensorSpec(shape=(4, 2), dtype=tf.int32, name=None)
  127993388366160: TensorSpec(shape=(5, 3, 48, 1), dtype=tf.float32, name=None)
  127993388365008: TensorSpec(shape=(7, 7, 48, 1), dtype=tf.float32, name=None)
  127993388366544: TensorSpec(shape=(48,), dtype=tf.float32, name=None)
  127993388365776: TensorSpec(shape=(48,), dtype=tf.float32, name=None)
  127993388366928: TensorSpec(shape=(4, 2), dtype=tf.int32, name=None)
  127993388366736: TensorSpec(shape=(3, 5, 48, 1), dtype=tf.float32, name=None)
  127993388367504: TensorSpec(shape=(4, 2), dtype=tf.int32, name=None)
  127993388367120: TensorSpec(shape=(48,), dtype=tf.float32, name=None)
  127993388363664: TensorSpec(shape=(4, 2), dtype=tf.int32, name=None)
  127993386451024: TensorSpec(shape=(), dtype=tf.resource, name=None)
  127993388364432: TensorSpec(shape=(), dtype=tf.resource, name=None)
  127993388362704: TensorSpec(shape=(4, 2), dtype=tf.int32, name=None)
  127993386452368: TensorSpec(shape=(4, 2), dtype=tf.int32, name=None)
  127993386451792: TensorSpec(shape=(4, 2), dtype=tf.int32, name=None)
  127993388363472: TensorSpec(shape=(3, 3, 48, 1), dtype=tf.float32, name=None)
  127993388367312: TensorSpec(shape=(4, 2), dtype=tf.int32, name=None)
  127993386452752: TensorSpec(shape=(), dtype=tf.resource, name=None)
  127993386452176: TensorSpec(shape=(), dtype=tf.resource, name=None)
  127993388363280: TensorSpec(shape=(48,), dtype=tf.float32, name=None)
  127993386451408: TensorSpec(shape=(), dtype=tf.resource, name=None)
  127993388364816: TensorSpec(shape=(4, 2), dtype=tf.int32, name=None)
  127993386452944: TensorSpec(shape=(4, 2), dtype=tf.int32, name=None)
  127993388364624: TensorSpec(shape=(3, 3, 48, 1), dtype=tf.float32, name=None)
  127993386451216: TensorSpec(shape=(), dtype=tf.resource, name=None)
  127993388363856: TensorSpec(shape=(48,), dtype=tf.float32, name=None)
  127993386454480: TensorSpec(shape=(96,), dtype=tf.float32, name=None)
  127993386454672: TensorSpec(shape=(96,), dtype=tf.float32, name=None)
  127993386453520: TensorSpec(shape=(1, 1, 96, 192), dtype=tf.float32, name=None)
  127993386453904: TensorSpec(shape=(192,), dtype=tf.float32, name=None)
  127993386451984: TensorSpec(shape=(1, 1, 1, 1), dtype=tf.float32, name=None)
  127993386454096: TensorSpec(shape=(1, 1, 1, 1), dtype=tf.float32, name=None)
  127993386453136: TensorSpec(shape=(1, 1, 1, 1), dtype=tf.float32, name=None)
  127993386454864: TensorSpec(shape=(1, 1, 1, 1), dtype=tf.float32, name=None)
  127993386452560: TensorSpec(shape=(1, 1, 192, 96), dtype=tf.float32, name=None)
  127993386454288: TensorSpec(shape=(96,), dtype=tf.float32, name=None)
  127993386453712: TensorSpec(shape=(4,), dtype=tf.int64, name=None)
  127993386456784: TensorSpec(shape=(4,), dtype=tf.int64, name=None)
  127993386459664: TensorSpec(shape=(5, 3, 24, 1), dtype=tf.float32, name=None)
  127993386459280: TensorSpec(shape=(7, 7, 24, 1), dtype=tf.float32, name=None)
  127993386455440: TensorSpec(shape=(4,), dtype=tf.int64, name=None)
  127993386455056: TensorSpec(shape=(4,), dtype=tf.int64, name=None)
  127993386455248: TensorSpec(shape=(4,), dtype=tf.int64, name=None)
  127993386457552: TensorSpec(shape=(4,), dtype=tf.int64, name=None)
  127993386460048: TensorSpec(shape=(3, 5, 24, 1), dtype=tf.float32, name=None)
  127993386459856: TensorSpec(shape=(24,), dtype=tf.float32, name=None)
  127993386460240: TensorSpec(shape=(24,), dtype=tf.float32, name=None)
  127993386459088: TensorSpec(shape=(3, 1, 24, 1), dtype=tf.float32, name=None)
  127993386456208: TensorSpec(shape=(3, 3, 24, 1), dtype=tf.float32, name=None)
  127993386460816: TensorSpec(shape=(1, 11, 24, 1), dtype=tf.float32, name=None)
  127993386460432: TensorSpec(shape=(1, 7, 24, 1), dtype=tf.float32, name=None)
  127993386460624: TensorSpec(shape=(24,), dtype=tf.float32, name=None)
  127993386456976: TensorSpec(shape=(1, 3, 24, 1), dtype=tf.float32, name=None)
  127993386457744: TensorSpec(shape=(24,), dtype=tf.float32, name=None)
  127993386456400: TensorSpec(shape=(24,), dtype=tf.float32, name=None)
  127993386461200: TensorSpec(shape=(24,), dtype=tf.float32, name=None)
  127993386461008: TensorSpec(shape=(1, 5, 24, 1), dtype=tf.float32, name=None)
  127993386461776: TensorSpec(shape=(7, 1, 24, 1), dtype=tf.float32, name=None)
  127993386458320: TensorSpec(shape=(2, 2, 24, 1), dtype=tf.float32, name=None)
  127993386459472: TensorSpec(shape=(24,), dtype=tf.float32, name=None)
  127993386461968: TensorSpec(shape=(11, 1, 24, 1), dtype=tf.float32, name=None)
  127993386461392: TensorSpec(shape=(5, 1, 24, 1), dtype=tf.float32, name=None)
  127993386458512: TensorSpec(shape=(24,), dtype=tf.float32, name=None)
  127993386455632: TensorSpec(shape=(4,), dtype=tf.int64, name=None)
  127993386455824: TensorSpec(shape=(4,), dtype=tf.int64, name=None)
  127993386461584: TensorSpec(shape=(24,), dtype=tf.float32, name=None)
  127993386463120: TensorSpec(shape=(96,), dtype=tf.float32, name=None)
  127993386463312: TensorSpec(shape=(96,), dtype=tf.float32, name=None)
  127993386462544: TensorSpec(shape=(1, 1, 96, 192), dtype=tf.float32, name=None)
  127993386462736: TensorSpec(shape=(192,), dtype=tf.float32, name=None)
  127993386463504: TensorSpec(shape=(1, 1, 1, 1), dtype=tf.float32, name=None)
  127993386462160: TensorSpec(shape=(1, 1, 1, 1), dtype=tf.float32, name=None)
  127993386462928: TensorSpec(shape=(1, 1, 1, 1), dtype=tf.float32, name=None)
  127993386464080: TensorSpec(shape=(1, 1, 1, 1), dtype=tf.float32, name=None)
  127993386463696: TensorSpec(shape=(1, 1, 192, 96), dtype=tf.float32, name=None)
  127993386464272: TensorSpec(shape=(96,), dtype=tf.float32, name=None)
  127993386464464: TensorSpec(shape=(4,), dtype=tf.int64, name=None)
  127993386466192: TensorSpec(shape=(4,), dtype=tf.int64, name=None)
  127993384208144: TensorSpec(shape=(5, 3, 24, 1), dtype=tf.float32, name=None)
  127993384207760: TensorSpec(shape=(7, 7, 24, 1), dtype=tf.float32, name=None)
  127993386464848: TensorSpec(shape=(4,), dtype=tf.int64, name=None)
  127993386464656: TensorSpec(shape=(4,), dtype=tf.int64, name=None)
  127993386466960: TensorSpec(shape=(4,), dtype=tf.int64, name=None)
  127993386466384: TensorSpec(shape=(4,), dtype=tf.int64, name=None)
  127993384208528: TensorSpec(shape=(3, 5, 24, 1), dtype=tf.float32, name=None)
  127993384208336: TensorSpec(shape=(24,), dtype=tf.float32, name=None)
  127993384208720: TensorSpec(shape=(24,), dtype=tf.float32, name=None)
  127993384206992: TensorSpec(shape=(3, 1, 24, 1), dtype=tf.float32, name=None)
  127993386465616: TensorSpec(shape=(3, 3, 24, 1), dtype=tf.float32, name=None)
  127993384209296: TensorSpec(shape=(1, 11, 24, 1), dtype=tf.float32, name=None)
  127993384208912: TensorSpec(shape=(1, 7, 24, 1), dtype=tf.float32, name=None)
  127993384209104: TensorSpec(shape=(24,), dtype=tf.float32, name=None)
  127993384207952: TensorSpec(shape=(1, 3, 24, 1), dtype=tf.float32, name=None)
  127993386463888: TensorSpec(shape=(24,), dtype=tf.float32, name=None)
  127993386467152: TensorSpec(shape=(24,), dtype=tf.float32, name=None)
  127993384209680: TensorSpec(shape=(24,), dtype=tf.float32, name=None)
  127993384209488: TensorSpec(shape=(1, 5, 24, 1), dtype=tf.float32, name=None)
  127993384210256: TensorSpec(shape=(7, 1, 24, 1), dtype=tf.float32, name=None)
  127993384207568: TensorSpec(shape=(2, 2, 24, 1), dtype=tf.float32, name=None)
  127993386465808: TensorSpec(shape=(24,), dtype=tf.float32, name=None)
  127993384210448: TensorSpec(shape=(11, 1, 24, 1), dtype=tf.float32, name=None)
  127993384209872: TensorSpec(shape=(5, 1, 24, 1), dtype=tf.float32, name=None)
  127993384207184: TensorSpec(shape=(24,), dtype=tf.float32, name=None)
  127993386465040: TensorSpec(shape=(4,), dtype=tf.int64, name=None)
  127993386465232: TensorSpec(shape=(4,), dtype=tf.int64, name=None)
  127993384210064: TensorSpec(shape=(24,), dtype=tf.float32, name=None)
  127993384211600: TensorSpec(shape=(96,), dtype=tf.float32, name=None)
  127993384211792: TensorSpec(shape=(96,), dtype=tf.float32, name=None)
  127993384211024: TensorSpec(shape=(1, 1, 96, 192), dtype=tf.float32, name=None)
  127993384211216: TensorSpec(shape=(192,), dtype=tf.float32, name=None)
  127993384211984: TensorSpec(shape=(1, 1, 1, 1), dtype=tf.float32, name=None)
  127993384210640: TensorSpec(shape=(1, 1, 1, 1), dtype=tf.float32, name=None)
  127993384211408: TensorSpec(shape=(1, 1, 1, 1), dtype=tf.float32, name=None)
  127993384212560: TensorSpec(shape=(1, 1, 1, 1), dtype=tf.float32, name=None)
  127993384212176: TensorSpec(shape=(1, 1, 192, 96), dtype=tf.float32, name=None)
  127993384212752: TensorSpec(shape=(96,), dtype=tf.float32, name=None)
  127993384212944: TensorSpec(shape=(4,), dtype=tf.int64, name=None)
  127993384214672: TensorSpec(shape=(4,), dtype=tf.int64, name=None)
  127993384217552: TensorSpec(shape=(5, 3, 24, 1), dtype=tf.float32, name=None)
  127993384217168: TensorSpec(shape=(7, 7, 24, 1), dtype=tf.float32, name=None)
  127993384213328: TensorSpec(shape=(4,), dtype=tf.int64, name=None)
  127993384213136: TensorSpec(shape=(4,), dtype=tf.int64, name=None)
  127993384212368: TensorSpec(shape=(4,), dtype=tf.int64, name=None)
  127993384215440: TensorSpec(shape=(4,), dtype=tf.int64, name=None)
  127993628917200: TensorSpec(shape=(3, 5, 24, 1), dtype=tf.float32, name=None)
  127993384217744: TensorSpec(shape=(24,), dtype=tf.float32, name=None)
  127993384218128: TensorSpec(shape=(24,), dtype=tf.float32, name=None)
  127993384216976: TensorSpec(shape=(3, 1, 24, 1), dtype=tf.float32, name=None)
  127993384214096: TensorSpec(shape=(3, 3, 24, 1), dtype=tf.float32, name=None)
  127993628916240: TensorSpec(shape=(1, 11, 24, 1), dtype=tf.float32, name=None)
  127993628916048: TensorSpec(shape=(1, 7, 24, 1), dtype=tf.float32, name=None)
  127993388361360: TensorSpec(shape=(24,), dtype=tf.float32, name=None)
  127993384214864: TensorSpec(shape=(1, 3, 24, 1), dtype=tf.float32, name=None)
  127993384215632: TensorSpec(shape=(24,), dtype=tf.float32, name=None)
  127993384214288: TensorSpec(shape=(24,), dtype=tf.float32, name=None)
  127993628915856: TensorSpec(shape=(24,), dtype=tf.float32, name=None)
  127993628915472: TensorSpec(shape=(1, 5, 24, 1), dtype=tf.float32, name=None)
  127993384218320: TensorSpec(shape=(7, 1, 24, 1), dtype=tf.float32, name=None)
  127993384216208: TensorSpec(shape=(2, 2, 24, 1), dtype=tf.float32, name=None)
  127993384217360: TensorSpec(shape=(24,), dtype=tf.float32, name=None)
  127993384218704: TensorSpec(shape=(11, 1, 24, 1), dtype=tf.float32, name=None)
  127993384217936: TensorSpec(shape=(5, 1, 24, 1), dtype=tf.float32, name=None)
  127993384216400: TensorSpec(shape=(24,), dtype=tf.float32, name=None)
  127993384213520: TensorSpec(shape=(4,), dtype=tf.int64, name=None)
  127993384213712: TensorSpec(shape=(4,), dtype=tf.int64, name=None)
  127993628915664: TensorSpec(shape=(24,), dtype=tf.float32, name=None)
  127993384219664: TensorSpec(shape=(96,), dtype=tf.float32, name=None)
  127993384219856: TensorSpec(shape=(96,), dtype=tf.float32, name=None)
  127993384219088: TensorSpec(shape=(1, 1, 96, 192), dtype=tf.float32, name=None)
  127993384219280: TensorSpec(shape=(192,), dtype=tf.float32, name=None)
  127993384220048: TensorSpec(shape=(1, 1, 1, 1), dtype=tf.float32, name=None)
  127993384218512: TensorSpec(shape=(1, 1, 1, 1), dtype=tf.float32, name=None)
  127993384219472: TensorSpec(shape=(1, 1, 1, 1), dtype=tf.float32, name=None)
  127993384220624: TensorSpec(shape=(1, 1, 1, 1), dtype=tf.float32, name=None)
  127993384220240: TensorSpec(shape=(1, 1, 192, 96), dtype=tf.float32, name=None)
  127993384220816: TensorSpec(shape=(96,), dtype=tf.float32, name=None)
  127993384222160: TensorSpec(shape=(4,), dtype=tf.int64, name=None)
  127993568592144: TensorSpec(shape=(4,), dtype=tf.int64, name=None)
  127993568594832: TensorSpec(shape=(5, 3, 24, 1), dtype=tf.float32, name=None)
  127993568594448: TensorSpec(shape=(7, 7, 24, 1), dtype=tf.float32, name=None)
  127993384221392: TensorSpec(shape=(4,), dtype=tf.int64, name=None)
  127993384221200: TensorSpec(shape=(4,), dtype=tf.int64, name=None)
  127993568592912: TensorSpec(shape=(4,), dtype=tf.int64, name=None)
  127993568593488: TensorSpec(shape=(4,), dtype=tf.int64, name=None)
  127993568595216: TensorSpec(shape=(3, 5, 24, 1), dtype=tf.float32, name=None)
  127993568595024: TensorSpec(shape=(24,), dtype=tf.float32, name=None)
  127993568595408: TensorSpec(shape=(24,), dtype=tf.float32, name=None)
  127993568593104: TensorSpec(shape=(3, 1, 24, 1), dtype=tf.float32, name=None)
  127993384221008: TensorSpec(shape=(3, 3, 24, 1), dtype=tf.float32, name=None)
  127993568595984: TensorSpec(shape=(1, 11, 24, 1), dtype=tf.float32, name=None)
  127993568595600: TensorSpec(shape=(1, 7, 24, 1), dtype=tf.float32, name=None)
  127993568595792: TensorSpec(shape=(24,), dtype=tf.float32, name=None)
  127993568594640: TensorSpec(shape=(1, 3, 24, 1), dtype=tf.float32, name=None)
  127993384222352: TensorSpec(shape=(24,), dtype=tf.float32, name=None)
  127993384221968: TensorSpec(shape=(24,), dtype=tf.float32, name=None)
  127993568596368: TensorSpec(shape=(24,), dtype=tf.float32, name=None)
  127993568596176: TensorSpec(shape=(1, 5, 24, 1), dtype=tf.float32, name=None)
  127993568596944: TensorSpec(shape=(7, 1, 24, 1), dtype=tf.float32, name=None)
  127993568594256: TensorSpec(shape=(2, 2, 24, 1), dtype=tf.float32, name=None)
  127993384220432: TensorSpec(shape=(24,), dtype=tf.float32, name=None)
  127993568597136: TensorSpec(shape=(11, 1, 24, 1), dtype=tf.float32, name=None)
  127993568596560: TensorSpec(shape=(5, 1, 24, 1), dtype=tf.float32, name=None)
  127993568593680: TensorSpec(shape=(24,), dtype=tf.float32, name=None)
  127993384221584: TensorSpec(shape=(4,), dtype=tf.int64, name=None)
  127993384221776: TensorSpec(shape=(4,), dtype=tf.int64, name=None)
  127993568596752: TensorSpec(shape=(24,), dtype=tf.float32, name=None)
  127993568598288: TensorSpec(shape=(96,), dtype=tf.float32, name=None)
  127993568598480: TensorSpec(shape=(96,), dtype=tf.float32, name=None)
  127993568597712: TensorSpec(shape=(1, 1, 96, 192), dtype=tf.float32, name=None)
  127993568597904: TensorSpec(shape=(192,), dtype=tf.float32, name=None)
  127993568598672: TensorSpec(shape=(1, 1, 1, 1), dtype=tf.float32, name=None)
  127993568597328: TensorSpec(shape=(1, 1, 1, 1), dtype=tf.float32, name=None)
  127993568598096: TensorSpec(shape=(1, 1, 1, 1), dtype=tf.float32, name=None)
  127993568599248: TensorSpec(shape=(1, 1, 1, 1), dtype=tf.float32, name=None)
  127993568598864: TensorSpec(shape=(1, 1, 192, 96), dtype=tf.float32, name=None)
  127993568599440: TensorSpec(shape=(96,), dtype=tf.float32, name=None)
  127993568601360: TensorSpec(shape=(4, 2), dtype=tf.int32, name=None)
  127993568600592: TensorSpec(shape=(4, 2), dtype=tf.int32, name=None)
  127993568601936: TensorSpec(shape=(), dtype=tf.resource, name=None)
  127993568602896: TensorSpec(shape=(), dtype=tf.resource, name=None)
  127993568602320: TensorSpec(shape=(96,), dtype=tf.float32, name=None)
  127993568601552: TensorSpec(shape=(96,), dtype=tf.float32, name=None)
  127993568602704: TensorSpec(shape=(4, 2), dtype=tf.int32, name=None)
  127993568603088: TensorSpec(shape=(), dtype=tf.resource, name=None)
  127993568603472: TensorSpec(shape=(4, 2), dtype=tf.int32, name=None)
  127993568603280: TensorSpec(shape=(96,), dtype=tf.float32, name=None)
  127993568600400: TensorSpec(shape=(4, 2), dtype=tf.int32, name=None)
  127993568603856: TensorSpec(shape=(), dtype=tf.resource, name=None)
  127993568600784: TensorSpec(shape=(), dtype=tf.resource, name=None)
  127993568599824: TensorSpec(shape=(4, 2), dtype=tf.int32, name=None)
  127993568605392: TensorSpec(shape=(4, 2), dtype=tf.int32, name=None)
  127993568604816: TensorSpec(shape=(4, 2), dtype=tf.int32, name=None)
  127993568600208: TensorSpec(shape=(), dtype=tf.resource, name=None)
  127993568604048: TensorSpec(shape=(4, 2), dtype=tf.int32, name=None)
  127993568603664: TensorSpec(shape=(), dtype=tf.resource, name=None)
  127993568605200: TensorSpec(shape=(), dtype=tf.resource, name=None)
  127993568599632: TensorSpec(shape=(96,), dtype=tf.float32, name=None)
  127993568604240: TensorSpec(shape=(), dtype=tf.resource, name=None)
  127993568600976: TensorSpec(shape=(4, 2), dtype=tf.int32, name=None)
  127993568605776: TensorSpec(shape=(4, 2), dtype=tf.int32, name=None)
  127993568602128: TensorSpec(shape=(), dtype=tf.resource, name=None)
  127993568605968: TensorSpec(shape=(), dtype=tf.resource, name=None)
  127993568601168: TensorSpec(shape=(96,), dtype=tf.float32, name=None)
  127993568607696: TensorSpec(shape=(192,), dtype=tf.float32, name=None)
  127993568606736: TensorSpec(shape=(192,), dtype=tf.float32, name=None)
  127993568607312: TensorSpec(shape=(1, 1, 192, 384), dtype=tf.float32, name=None)
  127993568606544: TensorSpec(shape=(384,), dtype=tf.float32, name=None)
  127993568607888: TensorSpec(shape=(1, 1, 1, 1), dtype=tf.float32, name=None)
  127993568606928: TensorSpec(shape=(1, 1, 1, 1), dtype=tf.float32, name=None)
  127993568607504: TensorSpec(shape=(1, 1, 1, 1), dtype=tf.float32, name=None)
  127993568608080: TensorSpec(shape=(1, 1, 1, 1), dtype=tf.float32, name=None)
  127993568606160: TensorSpec(shape=(1, 1, 384, 192), dtype=tf.float32, name=None)
  127993568605584: TensorSpec(shape=(192,), dtype=tf.float32, name=None)
  127993519851088: TensorSpec(shape=(4,), dtype=tf.int64, name=None)
  127993519850704: TensorSpec(shape=(4,), dtype=tf.int64, name=None)
  127993519854928: TensorSpec(shape=(), dtype=tf.resource, name=None)
  127993519854544: TensorSpec(shape=(), dtype=tf.resource, name=None)
  127993519854352: TensorSpec(shape=(48,), dtype=tf.float32, name=None)
  127993519854736: TensorSpec(shape=(48,), dtype=tf.float32, name=None)
  127993519849744: TensorSpec(shape=(4,), dtype=tf.int64, name=None)
  127993519849552: TensorSpec(shape=(4,), dtype=tf.int64, name=None)
  127993519855312: TensorSpec(shape=(), dtype=tf.resource, name=None)
  127993519852624: TensorSpec(shape=(), dtype=tf.resource, name=None)
  127993519852048: TensorSpec(shape=(), dtype=tf.resource, name=None)
  127993519855120: TensorSpec(shape=(48,), dtype=tf.float32, name=None)
  127993519853392: TensorSpec(shape=(48,), dtype=tf.float32, name=None)
  127993568606352: TensorSpec(shape=(48,), dtype=tf.float32, name=None)
  127993519851856: TensorSpec(shape=(4,), dtype=tf.int64, name=None)
  127993519850512: TensorSpec(shape=(4,), dtype=tf.int64, name=None)
  127993519853968: TensorSpec(shape=(), dtype=tf.resource, name=None)
  127993519853776: TensorSpec(shape=(), dtype=tf.resource, name=None)
  127993519855888: TensorSpec(shape=(7, 1, 48, 1), dtype=tf.float32, name=None)
  127993519851280: TensorSpec(shape=(48,), dtype=tf.float32, name=None)
  127993519855696: TensorSpec(shape=(), dtype=tf.resource, name=None)
  127993519852816: TensorSpec(shape=(), dtype=tf.resource, name=None)
  127993519855504: TensorSpec(shape=(48,), dtype=tf.float32, name=None)
  127993519854160: TensorSpec(shape=(), dtype=tf.resource, name=None)
  127993519856464: TensorSpec(shape=(11, 1, 48, 1), dtype=tf.float32, name=None)
  127993519856080: TensorSpec(shape=(5, 1, 48, 1), dtype=tf.float32, name=None)
  127993519853584: TensorSpec(shape=(48,), dtype=tf.float32, name=None)
  127993568605008: TensorSpec(shape=(48,), dtype=tf.float32, name=None)
  127993519849936: TensorSpec(shape=(4,), dtype=tf.int64, name=None)
  127993519850128: TensorSpec(shape=(4,), dtype=tf.int64, name=None)
  127993519858192: TensorSpec(shape=(192,), dtype=tf.float32, name=None)
  127993519858384: TensorSpec(shape=(192,), dtype=tf.float32, name=None)
  127993519858000: TensorSpec(shape=(1, 1, 192, 384), dtype=tf.float32, name=None)
  127993519857040: TensorSpec(shape=(384,), dtype=tf.float32, name=None)
  127993519858576: TensorSpec(shape=(1, 1, 1, 1), dtype=tf.float32, name=None)
  127993519857808: TensorSpec(shape=(1, 1, 1, 1), dtype=tf.float32, name=None)
  127993519857424: TensorSpec(shape=(1, 1, 1, 1), dtype=tf.float32, name=None)
  127993519859152: TensorSpec(shape=(1, 1, 1, 1), dtype=tf.float32, name=None)
  127993519858768: TensorSpec(shape=(1, 1, 384, 192), dtype=tf.float32, name=None)
  127993519859344: TensorSpec(shape=(192,), dtype=tf.float32, name=None)
  127993519859536: TensorSpec(shape=(4,), dtype=tf.int64, name=None)
  127993519861264: TensorSpec(shape=(4,), dtype=tf.int64, name=None)
  127993519865104: TensorSpec(shape=(), dtype=tf.resource, name=None)
  127993519864720: TensorSpec(shape=(), dtype=tf.resource, name=None)
  127993519864528: TensorSpec(shape=(48,), dtype=tf.float32, name=None)
  127993519864912: TensorSpec(shape=(48,), dtype=tf.float32, name=None)
  127993519859920: TensorSpec(shape=(4,), dtype=tf.int64, name=None)
  127993519859728: TensorSpec(shape=(4,), dtype=tf.int64, name=None)
  127993519865488: TensorSpec(shape=(), dtype=tf.resource, name=None)
  127993519860880: TensorSpec(shape=(), dtype=tf.resource, name=None)
  127993519860688: TensorSpec(shape=(), dtype=tf.resource, name=None)
  127993519865296: TensorSpec(shape=(48,), dtype=tf.float32, name=None)
  127993519861456: TensorSpec(shape=(48,), dtype=tf.float32, name=None)
  127993519863568: TensorSpec(shape=(48,), dtype=tf.float32, name=None)
  127993519858960: TensorSpec(shape=(4,), dtype=tf.int64, name=None)
  127993519862032: TensorSpec(shape=(4,), dtype=tf.int64, name=None)
  127993382076496: TensorSpec(shape=(), dtype=tf.resource, name=None)
  127993519863952: TensorSpec(shape=(), dtype=tf.resource, name=None)
  127993519864144: TensorSpec(shape=(7, 1, 48, 1), dtype=tf.float32, name=None)
  127993519862800: TensorSpec(shape=(48,), dtype=tf.float32, name=None)
  127993382076880: TensorSpec(shape=(), dtype=tf.resource, name=None)
  127993519862992: TensorSpec(shape=(), dtype=tf.resource, name=None)
  127993519865680: TensorSpec(shape=(48,), dtype=tf.float32, name=None)
  127993382076688: TensorSpec(shape=(), dtype=tf.resource, name=None)
  127993382077072: TensorSpec(shape=(11, 1, 48, 1), dtype=tf.float32, name=None)
  127993382077456: TensorSpec(shape=(5, 1, 48, 1), dtype=tf.float32, name=None)
  127993519863760: TensorSpec(shape=(48,), dtype=tf.float32, name=None)
  127993519864336: TensorSpec(shape=(48,), dtype=tf.float32, name=None)
  127993519860112: TensorSpec(shape=(4,), dtype=tf.int64, name=None)
  127993519860304: TensorSpec(shape=(4,), dtype=tf.int64, name=None)
  127993382079184: TensorSpec(shape=(192,), dtype=tf.float32, name=None)
  127993382079376: TensorSpec(shape=(192,), dtype=tf.float32, name=None)
  127993382078224: TensorSpec(shape=(1, 1, 192, 384), dtype=tf.float32, name=None)
  127993382078800: TensorSpec(shape=(384,), dtype=tf.float32, name=None)
  127993382078416: TensorSpec(shape=(1, 1, 1, 1), dtype=tf.float32, name=None)
  127993382079568: TensorSpec(shape=(1, 1, 1, 1), dtype=tf.float32, name=None)
  127993382078032: TensorSpec(shape=(1, 1, 1, 1), dtype=tf.float32, name=None)
  127993382077264: TensorSpec(shape=(1, 1, 1, 1), dtype=tf.float32, name=None)
  127993382077840: TensorSpec(shape=(1, 1, 384, 192), dtype=tf.float32, name=None)
  127993382078608: TensorSpec(shape=(192,), dtype=tf.float32, name=None)
  127993382078992: TensorSpec(shape=(4,), dtype=tf.int64, name=None)
  127993382081296: TensorSpec(shape=(4,), dtype=tf.int64, name=None)
  127993382085136: TensorSpec(shape=(), dtype=tf.resource, name=None)
  127993382084752: TensorSpec(shape=(), dtype=tf.resource, name=None)
  127993382084560: TensorSpec(shape=(48,), dtype=tf.float32, name=None)
  127993382084944: TensorSpec(shape=(48,), dtype=tf.float32, name=None)
  127993382079952: TensorSpec(shape=(4,), dtype=tf.int64, name=None)
  127993382079760: TensorSpec(shape=(4,), dtype=tf.int64, name=None)
  127993382085520: TensorSpec(shape=(), dtype=tf.resource, name=None)
  127993382080912: TensorSpec(shape=(), dtype=tf.resource, name=None)
  127993382080720: TensorSpec(shape=(), dtype=tf.resource, name=None)
  127993382085328: TensorSpec(shape=(48,), dtype=tf.float32, name=None)
  127993382081488: TensorSpec(shape=(48,), dtype=tf.float32, name=None)
  127993382083600: TensorSpec(shape=(48,), dtype=tf.float32, name=None)
  127993382077648: TensorSpec(shape=(4,), dtype=tf.int64, name=None)
  127993382082064: TensorSpec(shape=(4,), dtype=tf.int64, name=None)
  127993382085712: TensorSpec(shape=(), dtype=tf.resource, name=None)
  127993382083984: TensorSpec(shape=(), dtype=tf.resource, name=None)
  127993382082256: TensorSpec(shape=(7, 1, 48, 1), dtype=tf.float32, name=None)
  127993382082832: TensorSpec(shape=(48,), dtype=tf.float32, name=None)
  127993382085904: TensorSpec(shape=(), dtype=tf.resource, name=None)
  127993382083024: TensorSpec(shape=(), dtype=tf.resource, name=None)
  127993382086288: TensorSpec(shape=(48,), dtype=tf.float32, name=None)
  127993382086096: TensorSpec(shape=(), dtype=tf.resource, name=None)
  127993382086480: TensorSpec(shape=(11, 1, 48, 1), dtype=tf.float32, name=None)
  127993382086864: TensorSpec(shape=(5, 1, 48, 1), dtype=tf.float32, name=None)
  127993382083792: TensorSpec(shape=(48,), dtype=tf.float32, name=None)
  127993382084176: TensorSpec(shape=(48,), dtype=tf.float32, name=None)
  127993382080144: TensorSpec(shape=(4,), dtype=tf.int64, name=None)
  127993382080336: TensorSpec(shape=(4,), dtype=tf.int64, name=None)
  127993382088592: TensorSpec(shape=(192,), dtype=tf.float32, name=None)
  127993382088784: TensorSpec(shape=(192,), dtype=tf.float32, name=None)
  127993382087632: TensorSpec(shape=(1, 1, 192, 384), dtype=tf.float32, name=None)
  127993382088208: TensorSpec(shape=(384,), dtype=tf.float32, name=None)
  127993382088976: TensorSpec(shape=(1, 1, 1, 1), dtype=tf.float32, name=None)
  127993382088016: TensorSpec(shape=(1, 1, 1, 1), dtype=tf.float32, name=None)
  127993382084368: TensorSpec(shape=(1, 1, 1, 1), dtype=tf.float32, name=None)
  127993382087248: TensorSpec(shape=(1, 1, 1, 1), dtype=tf.float32, name=None)
  127993382087056: TensorSpec(shape=(1, 1, 384, 192), dtype=tf.float32, name=None)
  127993382087824: TensorSpec(shape=(192,), dtype=tf.float32, name=None)
  127993382089168: TensorSpec(shape=(4,), dtype=tf.int64, name=None)
  127993382090704: TensorSpec(shape=(4,), dtype=tf.int64, name=None)
  127992985126672: TensorSpec(shape=(), dtype=tf.resource, name=None)
  127992985126288: TensorSpec(shape=(), dtype=tf.resource, name=None)
  127992985126096: TensorSpec(shape=(48,), dtype=tf.float32, name=None)
  127992985126480: TensorSpec(shape=(48,), dtype=tf.float32, name=None)
  127993382089360: TensorSpec(shape=(4,), dtype=tf.int64, name=None)
  127993382088400: TensorSpec(shape=(4,), dtype=tf.int64, name=None)
  127992985127056: TensorSpec(shape=(), dtype=tf.resource, name=None)
  127993382090320: TensorSpec(shape=(), dtype=tf.resource, name=None)
  127993382090128: TensorSpec(shape=(), dtype=tf.resource, name=None)
  127992985126864: TensorSpec(shape=(48,), dtype=tf.float32, name=None)
  127993382090896: TensorSpec(shape=(48,), dtype=tf.float32, name=None)
  127993382092624: TensorSpec(shape=(48,), dtype=tf.float32, name=None)
  127993382086672: TensorSpec(shape=(4,), dtype=tf.int64, name=None)
  127993382091472: TensorSpec(shape=(4,), dtype=tf.int64, name=None)
  127992985127248: TensorSpec(shape=(), dtype=tf.resource, name=None)
  127992985125520: TensorSpec(shape=(), dtype=tf.resource, name=None)
  127992985128016: TensorSpec(shape=(7, 1, 48, 1), dtype=tf.float32, name=None)
  127993382092240: TensorSpec(shape=(48,), dtype=tf.float32, name=None)
  127992985127440: TensorSpec(shape=(), dtype=tf.resource, name=None)
  127992985125328: TensorSpec(shape=(), dtype=tf.resource, name=None)
  127992985127824: TensorSpec(shape=(48,), dtype=tf.float32, name=None)
  127992985127632: TensorSpec(shape=(), dtype=tf.resource, name=None)
  127992985128592: TensorSpec(shape=(11, 1, 48, 1), dtype=tf.float32, name=None)
  127992985128208: TensorSpec(shape=(5, 1, 48, 1), dtype=tf.float32, name=None)
  127993382092432: TensorSpec(shape=(48,), dtype=tf.float32, name=None)
  127993382091664: TensorSpec(shape=(48,), dtype=tf.float32, name=None)
  127993382089552: TensorSpec(shape=(4,), dtype=tf.int64, name=None)
  127993382089744: TensorSpec(shape=(4,), dtype=tf.int64, name=None)
  127992985130512: TensorSpec(shape=(192,), dtype=tf.float32, name=None)
  127992985130704: TensorSpec(shape=(192,), dtype=tf.float32, name=None)
  127992985129552: TensorSpec(shape=(1, 1, 192, 384), dtype=tf.float32, name=None)
  127992985130128: TensorSpec(shape=(384,), dtype=tf.float32, name=None)
  127992985130896: TensorSpec(shape=(1, 1, 1, 1), dtype=tf.float32, name=None)
  127992985129936: TensorSpec(shape=(1, 1, 1, 1), dtype=tf.float32, name=None)
  127992985130320: TensorSpec(shape=(1, 1, 1, 1), dtype=tf.float32, name=None)
  127992985131472: TensorSpec(shape=(1, 1, 1, 1), dtype=tf.float32, name=None)
  127992985128976: TensorSpec(shape=(1, 1, 384, 192), dtype=tf.float32, name=None)
  127992985129360: TensorSpec(shape=(192,), dtype=tf.float32, name=None)
  127992985128400: TensorSpec(shape=(4,), dtype=tf.int64, name=None)
  127992985132624: TensorSpec(shape=(4,), dtype=tf.int64, name=None)
  127992985136464: TensorSpec(shape=(), dtype=tf.resource, name=None)
  127992985136080: TensorSpec(shape=(), dtype=tf.resource, name=None)
  127992985135888: TensorSpec(shape=(48,), dtype=tf.float32, name=None)
  127992985136272: TensorSpec(shape=(48,), dtype=tf.float32, name=None)
  127992985129168: TensorSpec(shape=(4,), dtype=tf.int64, name=None)
  127992985128784: TensorSpec(shape=(4,), dtype=tf.int64, name=None)
  127992985136848: TensorSpec(shape=(), dtype=tf.resource, name=None)
  127992985132240: TensorSpec(shape=(), dtype=tf.resource, name=None)
  127992985132048: TensorSpec(shape=(), dtype=tf.resource, name=None)
  127992985136656: TensorSpec(shape=(48,), dtype=tf.float32, name=None)
  127992985132816: TensorSpec(shape=(48,), dtype=tf.float32, name=None)
  127992985134928: TensorSpec(shape=(48,), dtype=tf.float32, name=None)
  127992985131280: TensorSpec(shape=(4,), dtype=tf.int64, name=None)
  127992985133392: TensorSpec(shape=(4,), dtype=tf.int64, name=None)
  127992985135504: TensorSpec(shape=(), dtype=tf.resource, name=None)
  127992985135312: TensorSpec(shape=(), dtype=tf.resource, name=None)
  127992985133584: TensorSpec(shape=(7, 1, 48, 1), dtype=tf.float32, name=None)
  127992985134160: TensorSpec(shape=(48,), dtype=tf.float32, name=None)
  127992985137232: TensorSpec(shape=(), dtype=tf.resource, name=None)
  127992985134352: TensorSpec(shape=(), dtype=tf.resource, name=None)
  127992985137040: TensorSpec(shape=(48,), dtype=tf.float32, name=None)
  127992985135696: TensorSpec(shape=(), dtype=tf.resource, name=None)
  127992985137424: TensorSpec(shape=(11, 1, 48, 1), dtype=tf.float32, name=None)
  127992985137808: TensorSpec(shape=(5, 1, 48, 1), dtype=tf.float32, name=None)
  127992985135120: TensorSpec(shape=(48,), dtype=tf.float32, name=None)
  127992985137616: TensorSpec(shape=(48,), dtype=tf.float32, name=None)
  127992985131664: TensorSpec(shape=(4,), dtype=tf.int64, name=None)
  127992985131088: TensorSpec(shape=(4,), dtype=tf.int64, name=None)
  127992985139728: TensorSpec(shape=(192,), dtype=tf.float32, name=None)
  127992985139920: TensorSpec(shape=(192,), dtype=tf.float32, name=None)
  127992985139536: TensorSpec(shape=(1, 1, 192, 384), dtype=tf.float32, name=None)
  127992985138576: TensorSpec(shape=(384,), dtype=tf.float32, name=None)
  127992985140112: TensorSpec(shape=(1, 1, 1, 1), dtype=tf.float32, name=None)
  127992985139344: TensorSpec(shape=(1, 1, 1, 1), dtype=tf.float32, name=None)
  127992985138960: TensorSpec(shape=(1, 1, 1, 1), dtype=tf.float32, name=None)
  127992985140688: TensorSpec(shape=(1, 1, 1, 1), dtype=tf.float32, name=None)
  127992985140304: TensorSpec(shape=(1, 1, 384, 192), dtype=tf.float32, name=None)
  127992985140880: TensorSpec(shape=(192,), dtype=tf.float32, name=None)
  127992981489232: TensorSpec(shape=(4,), dtype=tf.int64, name=None)
  127992981488848: TensorSpec(shape=(4,), dtype=tf.int64, name=None)
  127992981493072: TensorSpec(shape=(), dtype=tf.resource, name=None)
  127992981492688: TensorSpec(shape=(), dtype=tf.resource, name=None)
  127992981492496: TensorSpec(shape=(48,), dtype=tf.float32, name=None)
  127992981492880: TensorSpec(shape=(48,), dtype=tf.float32, name=None)
  127992981487888: TensorSpec(shape=(4,), dtype=tf.int64, name=None)
  127992981487696: TensorSpec(shape=(4,), dtype=tf.int64, name=None)
  127992981493456: TensorSpec(shape=(), dtype=tf.resource, name=None)
  127992981490768: TensorSpec(shape=(), dtype=tf.resource, name=None)
  127992981490192: TensorSpec(shape=(), dtype=tf.resource, name=None)
  127992981493264: TensorSpec(shape=(48,), dtype=tf.float32, name=None)
  127992981491536: TensorSpec(shape=(48,), dtype=tf.float32, name=None)
  127992985141072: TensorSpec(shape=(48,), dtype=tf.float32, name=None)
  127992981490000: TensorSpec(shape=(4,), dtype=tf.int64, name=None)
  127992981488656: TensorSpec(shape=(4,), dtype=tf.int64, name=None)
  127992981493648: TensorSpec(shape=(), dtype=tf.resource, name=None)
  127992981491920: TensorSpec(shape=(), dtype=tf.resource, name=None)
  127992981492112: TensorSpec(shape=(7, 1, 48, 1), dtype=tf.float32, name=None)
  127992981489424: TensorSpec(shape=(48,), dtype=tf.float32, name=None)
  127992981493840: TensorSpec(shape=(), dtype=tf.resource, name=None)
  127992981490960: TensorSpec(shape=(), dtype=tf.resource, name=None)
  127992981494224: TensorSpec(shape=(48,), dtype=tf.float32, name=None)
  127992981494032: TensorSpec(shape=(), dtype=tf.resource, name=None)
  127992981494416: TensorSpec(shape=(11, 1, 48, 1), dtype=tf.float32, name=None)
  127992981492304: TensorSpec(shape=(5, 1, 48, 1), dtype=tf.float32, name=None)
  127992981491728: TensorSpec(shape=(48,), dtype=tf.float32, name=None)
  127992985140496: TensorSpec(shape=(48,), dtype=tf.float32, name=None)
  127992981488080: TensorSpec(shape=(4,), dtype=tf.int64, name=None)
  127992981488272: TensorSpec(shape=(4,), dtype=tf.int64, name=None)
  127992981496528: TensorSpec(shape=(192,), dtype=tf.float32, name=None)
  127992981496720: TensorSpec(shape=(192,), dtype=tf.float32, name=None)
  127992981495568: TensorSpec(shape=(1, 1, 192, 384), dtype=tf.float32, name=None)
  127992981496144: TensorSpec(shape=(384,), dtype=tf.float32, name=None)
  127992985138384: TensorSpec(shape=(1, 1, 1, 1), dtype=tf.float32, name=None)
  127992985138000: TensorSpec(shape=(1, 1, 1, 1), dtype=tf.float32, name=None)
  127992985138768: TensorSpec(shape=(1, 1, 1, 1), dtype=tf.float32, name=None)
  127992985125904: TensorSpec(shape=(1, 1, 1, 1), dtype=tf.float32, name=None)
  127992985125712: TensorSpec(shape=(1, 1, 384, 192), dtype=tf.float32, name=None)
  127992985138192: TensorSpec(shape=(192,), dtype=tf.float32, name=None)
  127992981495952: TensorSpec(shape=(4,), dtype=tf.int64, name=None)
  127992981497296: TensorSpec(shape=(4,), dtype=tf.int64, name=None)
  127992981500560: TensorSpec(shape=(), dtype=tf.resource, name=None)
  127992981500176: TensorSpec(shape=(), dtype=tf.resource, name=None)
  127992981499984: TensorSpec(shape=(48,), dtype=tf.float32, name=None)
  127992981500368: TensorSpec(shape=(48,), dtype=tf.float32, name=None)
  127992981494992: TensorSpec(shape=(4,), dtype=tf.int64, name=None)
  127992981494608: TensorSpec(shape=(4,), dtype=tf.int64, name=None)
  127992981500944: TensorSpec(shape=(), dtype=tf.resource, name=None)
  127992981498832: TensorSpec(shape=(), dtype=tf.resource, name=None)
  127992981497488: TensorSpec(shape=(), dtype=tf.resource, name=None)
  127992981500752: TensorSpec(shape=(48,), dtype=tf.float32, name=None)
  127993519856272: TensorSpec(shape=(48,), dtype=tf.float32, name=None)
  127993519857232: TensorSpec(shape=(48,), dtype=tf.float32, name=None)
  127992981495184: TensorSpec(shape=(4,), dtype=tf.int64, name=None)
  127992981498064: TensorSpec(shape=(4,), dtype=tf.int64, name=None)
  127992981501136: TensorSpec(shape=(), dtype=tf.resource, name=None)
  127992981499024: TensorSpec(shape=(), dtype=tf.resource, name=None)
  127992981501904: TensorSpec(shape=(7, 1, 48, 1), dtype=tf.float32, name=None)
  127992981499216: TensorSpec(shape=(48,), dtype=tf.float32, name=None)
  127992981501328: TensorSpec(shape=(), dtype=tf.resource, name=None)
  127992981499408: TensorSpec(shape=(), dtype=tf.resource, name=None)
  127992981501712: TensorSpec(shape=(48,), dtype=tf.float32, name=None)
  127992981501520: TensorSpec(shape=(), dtype=tf.resource, name=None)
  127992981499792: TensorSpec(shape=(11, 1, 48, 1), dtype=tf.float32, name=None)
  127992981499600: TensorSpec(shape=(5, 1, 48, 1), dtype=tf.float32, name=None)
  127992981498256: TensorSpec(shape=(48,), dtype=tf.float32, name=None)
  127993519856848: TensorSpec(shape=(48,), dtype=tf.float32, name=None)
  127992981496912: TensorSpec(shape=(4,), dtype=tf.int64, name=None)
  127992981495376: TensorSpec(shape=(4,), dtype=tf.int64, name=None)
  127992981192976: TensorSpec(shape=(192,), dtype=tf.float32, name=None)
  127992981192784: TensorSpec(shape=(192,), dtype=tf.float32, name=None)
  127992981503824: TensorSpec(shape=(1, 1, 192, 384), dtype=tf.float32, name=None)
  127992981503056: TensorSpec(shape=(384,), dtype=tf.float32, name=None)
  127992981503632: TensorSpec(shape=(1, 1, 1, 1), dtype=tf.float32, name=None)
  127992981502864: TensorSpec(shape=(1, 1, 1, 1), dtype=tf.float32, name=None)
  127992981502288: TensorSpec(shape=(1, 1, 1, 1), dtype=tf.float32, name=None)
  127992981502672: TensorSpec(shape=(1, 1, 1, 1), dtype=tf.float32, name=None)
  127992981502480: TensorSpec(shape=(1, 1, 384, 192), dtype=tf.float32, name=None)
  127992981503440: TensorSpec(shape=(192,), dtype=tf.float32, name=None)
  127992981194896: TensorSpec(shape=(4,), dtype=tf.int64, name=None)
  127992981194512: TensorSpec(shape=(4,), dtype=tf.int64, name=None)
  127992981198736: TensorSpec(shape=(), dtype=tf.resource, name=None)
  127992981198352: TensorSpec(shape=(), dtype=tf.resource, name=None)
  127992981198160: TensorSpec(shape=(48,), dtype=tf.float32, name=None)
  127992981198544: TensorSpec(shape=(48,), dtype=tf.float32, name=None)
  127992981193552: TensorSpec(shape=(4,), dtype=tf.int64, name=None)
  127992981193168: TensorSpec(shape=(4,), dtype=tf.int64, name=None)
  127992981199120: TensorSpec(shape=(), dtype=tf.resource, name=None)
  127992981196432: TensorSpec(shape=(), dtype=tf.resource, name=None)
  127992981197200: TensorSpec(shape=(), dtype=tf.resource, name=None)
  127992981198928: TensorSpec(shape=(48,), dtype=tf.float32, name=None)
  127992981193360: TensorSpec(shape=(48,), dtype=tf.float32, name=None)
  127992981195856: TensorSpec(shape=(48,), dtype=tf.float32, name=None)
  127992981195664: TensorSpec(shape=(4,), dtype=tf.int64, name=None)
  127992981194320: TensorSpec(shape=(4,), dtype=tf.int64, name=None)
  127992981199312: TensorSpec(shape=(), dtype=tf.resource, name=None)
  127992981197584: TensorSpec(shape=(), dtype=tf.resource, name=None)
  127992981200080: TensorSpec(shape=(7, 1, 48, 1), dtype=tf.float32, name=None)
  127992981195088: TensorSpec(shape=(48,), dtype=tf.float32, name=None)
  127992981199504: TensorSpec(shape=(), dtype=tf.resource, name=None)
  127992981196624: TensorSpec(shape=(), dtype=tf.resource, name=None)
  127992981199888: TensorSpec(shape=(48,), dtype=tf.float32, name=None)
  127992981199696: TensorSpec(shape=(), dtype=tf.resource, name=None)
  127992981200656: TensorSpec(shape=(11, 1, 48, 1), dtype=tf.float32, name=None)
  127992981200272: TensorSpec(shape=(5, 1, 48, 1), dtype=tf.float32, name=None)
  127992981197392: TensorSpec(shape=(48,), dtype=tf.float32, name=None)
  127992981502096: TensorSpec(shape=(48,), dtype=tf.float32, name=None)
  127992981193744: TensorSpec(shape=(4,), dtype=tf.int64, name=None)
  127992981193936: TensorSpec(shape=(4,), dtype=tf.int64, name=None)
  127992981202192: TensorSpec(shape=(192,), dtype=tf.float32, name=None)
  127992981202384: TensorSpec(shape=(192,), dtype=tf.float32, name=None)
  127992981201232: TensorSpec(shape=(1, 1, 192, 384), dtype=tf.float32, name=None)
  127992981201808: TensorSpec(shape=(384,), dtype=tf.float32, name=None)
  127992981202576: TensorSpec(shape=(1, 1, 1, 1), dtype=tf.float32, name=None)
  127992981201616: TensorSpec(shape=(1, 1, 1, 1), dtype=tf.float32, name=None)
  127992981202000: TensorSpec(shape=(1, 1, 1, 1), dtype=tf.float32, name=None)
  127992981203152: TensorSpec(shape=(1, 1, 1, 1), dtype=tf.float32, name=None)
  127992981201040: TensorSpec(shape=(1, 1, 384, 192), dtype=tf.float32, name=None)
  127992981197776: TensorSpec(shape=(192,), dtype=tf.float32, name=None)
  127992981204688: TensorSpec(shape=(4, 2), dtype=tf.int32, name=None)
  127992981204112: TensorSpec(shape=(4, 2), dtype=tf.int32, name=None)
  127992981204880: TensorSpec(shape=(), dtype=tf.resource, name=None)
  127992981204304: TensorSpec(shape=(), dtype=tf.resource, name=None)
  127992981205072: TensorSpec(shape=(192,), dtype=tf.float32, name=None)
  127992981204496: TensorSpec(shape=(192,), dtype=tf.float32, name=None)
  127992981205264: TensorSpec(shape=(4, 2), dtype=tf.int32, name=None)
  127992981205456: TensorSpec(shape=(), dtype=tf.resource, name=None)
  127992981205840: TensorSpec(shape=(4, 2), dtype=tf.int32, name=None)
  127992981205648: TensorSpec(shape=(192,), dtype=tf.float32, name=None)
  127992981202960: TensorSpec(shape=(4, 2), dtype=tf.int32, name=None)
  127992981206224: TensorSpec(shape=(), dtype=tf.resource, name=None)
  127992981203536: TensorSpec(shape=(), dtype=tf.resource, name=None)
  127992981200464: TensorSpec(shape=(4, 2), dtype=tf.int32, name=None)
  127992981207760: TensorSpec(shape=(4, 2), dtype=tf.int32, name=None)
  127992981207184: TensorSpec(shape=(4, 2), dtype=tf.int32, name=None)
  127992981202768: TensorSpec(shape=(), dtype=tf.resource, name=None)
  127992981206416: TensorSpec(shape=(4, 2), dtype=tf.int32, name=None)
  127992981206032: TensorSpec(shape=(), dtype=tf.resource, name=None)
  127992981207568: TensorSpec(shape=(), dtype=tf.resource, name=None)
  127992981200848: TensorSpec(shape=(192,), dtype=tf.float32, name=None)
  127992981206608: TensorSpec(shape=(), dtype=tf.resource, name=None)
  127992981203728: TensorSpec(shape=(4, 2), dtype=tf.int32, name=None)
  127992981208144: TensorSpec(shape=(4, 2), dtype=tf.int32, name=None)
  127992981203344: TensorSpec(shape=(), dtype=tf.resource, name=None)
  127992981208336: TensorSpec(shape=(), dtype=tf.resource, name=None)
  127992981203920: TensorSpec(shape=(192,), dtype=tf.float32, name=None)
  127992422827024: TensorSpec(shape=(384,), dtype=tf.float32, name=None)
  127992422826832: TensorSpec(shape=(384,), dtype=tf.float32, name=None)
  127992981208912: TensorSpec(shape=(1, 1, 384, 768), dtype=tf.float32, name=None)
  127992422826640: TensorSpec(shape=(768,), dtype=tf.float32, name=None)
  127992981207952: TensorSpec(shape=(1, 1, 1, 1), dtype=tf.float32, name=None)
  127992981207376: TensorSpec(shape=(1, 1, 1, 1), dtype=tf.float32, name=None)
  127992422827216: TensorSpec(shape=(1, 1, 1, 1), dtype=tf.float32, name=None)
  127992422826448: TensorSpec(shape=(1, 1, 1, 1), dtype=tf.float32, name=None)
  127992981208528: TensorSpec(shape=(1, 1, 768, 384), dtype=tf.float32, name=None)
  127992422826256: TensorSpec(shape=(384,), dtype=tf.float32, name=None)
  127992422826064: TensorSpec(shape=(4,), dtype=tf.int64, name=None)
  127992422829136: TensorSpec(shape=(4,), dtype=tf.int64, name=None)
  127992422832784: TensorSpec(shape=(), dtype=tf.resource, name=None)
  127992422832016: TensorSpec(shape=(), dtype=tf.resource, name=None)
  127992422833168: TensorSpec(shape=(96,), dtype=tf.float32, name=None)
  127992422832976: TensorSpec(shape=(96,), dtype=tf.float32, name=None)
  127992422827792: TensorSpec(shape=(4,), dtype=tf.int64, name=None)
  127992422827408: TensorSpec(shape=(4,), dtype=tf.int64, name=None)
  127992422833552: TensorSpec(shape=(), dtype=tf.resource, name=None)
  127992422828752: TensorSpec(shape=(), dtype=tf.resource, name=None)
  127992422828560: TensorSpec(shape=(), dtype=tf.resource, name=None)
  127992422833360: TensorSpec(shape=(96,), dtype=tf.float32, name=None)
  127992422829328: TensorSpec(shape=(96,), dtype=tf.float32, name=None)
  127992422831440: TensorSpec(shape=(96,), dtype=tf.float32, name=None)
  127992422827600: TensorSpec(shape=(4,), dtype=tf.int64, name=None)
  127992422829904: TensorSpec(shape=(4,), dtype=tf.int64, name=None)
  127992422833744: TensorSpec(shape=(), dtype=tf.resource, name=None)
  127992422831824: TensorSpec(shape=(), dtype=tf.resource, name=None)
  127992422830096: TensorSpec(shape=(7, 1, 96, 1), dtype=tf.float32, name=None)
  127992422830672: TensorSpec(shape=(96,), dtype=tf.float32, name=None)
  127992422833936: TensorSpec(shape=(), dtype=tf.resource, name=None)
  127992422830864: TensorSpec(shape=(), dtype=tf.resource, name=None)
  127992422834320: TensorSpec(shape=(96,), dtype=tf.float32, name=None)
  127992422834128: TensorSpec(shape=(), dtype=tf.resource, name=None)
  127992422834512: TensorSpec(shape=(11, 1, 96, 1), dtype=tf.float32, name=None)
  127992422834896: TensorSpec(shape=(5, 1, 96, 1), dtype=tf.float32, name=None)
  127992422831632: TensorSpec(shape=(96,), dtype=tf.float32, name=None)
  127992422832592: TensorSpec(shape=(96,), dtype=tf.float32, name=None)
  127992422827984: TensorSpec(shape=(4,), dtype=tf.int64, name=None)
  127992422828176: TensorSpec(shape=(4,), dtype=tf.int64, name=None)
  127992422836432: TensorSpec(shape=(384,), dtype=tf.float32, name=None)
  127992422836624: TensorSpec(shape=(384,), dtype=tf.float32, name=None)
  127992422835472: TensorSpec(shape=(1, 1, 384, 768), dtype=tf.float32, name=None)
  127992422836048: TensorSpec(shape=(768,), dtype=tf.float32, name=None)
  127992422836816: TensorSpec(shape=(1, 1, 1, 1), dtype=tf.float32, name=None)
  127992422835856: TensorSpec(shape=(1, 1, 1, 1), dtype=tf.float32, name=None)
  127992422832208: TensorSpec(shape=(1, 1, 1, 1), dtype=tf.float32, name=None)
  127992422835088: TensorSpec(shape=(1, 1, 1, 1), dtype=tf.float32, name=None)
  127992422834704: TensorSpec(shape=(1, 1, 768, 384), dtype=tf.float32, name=None)
  127992422835664: TensorSpec(shape=(384,), dtype=tf.float32, name=None)
  127992422837008: TensorSpec(shape=(4,), dtype=tf.int64, name=None)
  127992422838544: TensorSpec(shape=(4,), dtype=tf.int64, name=None)
  127992420614224: TensorSpec(shape=(), dtype=tf.resource, name=None)
  127992420614416: TensorSpec(shape=(), dtype=tf.resource, name=None)
  127992422841424: TensorSpec(shape=(96,), dtype=tf.float32, name=None)
  127992422842192: TensorSpec(shape=(96,), dtype=tf.float32, name=None)
  127992422837200: TensorSpec(shape=(4,), dtype=tf.int64, name=None)
  127992422836240: TensorSpec(shape=(4,), dtype=tf.int64, name=None)
  127992420614800: TensorSpec(shape=(), dtype=tf.resource, name=None)
  127992422838160: TensorSpec(shape=(), dtype=tf.resource, name=None)
  127992422837968: TensorSpec(shape=(), dtype=tf.resource, name=None)
  127992420614608: TensorSpec(shape=(96,), dtype=tf.float32, name=None)
  127992422838736: TensorSpec(shape=(96,), dtype=tf.float32, name=None)
  127992422840848: TensorSpec(shape=(96,), dtype=tf.float32, name=None)
  127992422832400: TensorSpec(shape=(4,), dtype=tf.int64, name=None)
  127992422839312: TensorSpec(shape=(4,), dtype=tf.int64, name=None)
  127992420614992: TensorSpec(shape=(), dtype=tf.resource, name=None)
  127992422841232: TensorSpec(shape=(), dtype=tf.resource, name=None)
  127992420615760: TensorSpec(shape=(7, 1, 96, 1), dtype=tf.float32, name=None)
  127992422840080: TensorSpec(shape=(96,), dtype=tf.float32, name=None)
  127992420615184: TensorSpec(shape=(), dtype=tf.resource, name=None)
  127992422840272: TensorSpec(shape=(), dtype=tf.resource, name=None)
  127992420615568: TensorSpec(shape=(96,), dtype=tf.float32, name=None)
  127992420615376: TensorSpec(shape=(), dtype=tf.resource, name=None)
  127992420616336: TensorSpec(shape=(11, 1, 96, 1), dtype=tf.float32, name=None)
  127992420615952: TensorSpec(shape=(5, 1, 96, 1), dtype=tf.float32, name=None)
  127992422841040: TensorSpec(shape=(96,), dtype=tf.float32, name=None)
  127992422839504: TensorSpec(shape=(96,), dtype=tf.float32, name=None)
  127992422837392: TensorSpec(shape=(4,), dtype=tf.int64, name=None)
  127992422837584: TensorSpec(shape=(4,), dtype=tf.int64, name=None)
  127992420618256: TensorSpec(shape=(384,), dtype=tf.float32, name=None)
  127992420618448: TensorSpec(shape=(384,), dtype=tf.float32, name=None)
  127992420617296: TensorSpec(shape=(1, 1, 384, 768), dtype=tf.float32, name=None)
  127992420617872: TensorSpec(shape=(768,), dtype=tf.float32, name=None)
  127992420618640: TensorSpec(shape=(1, 1, 1, 1), dtype=tf.float32, name=None)
  127992420617680: TensorSpec(shape=(1, 1, 1, 1), dtype=tf.float32, name=None)
  127992420618064: TensorSpec(shape=(1, 1, 1, 1), dtype=tf.float32, name=None)
  127992420619216: TensorSpec(shape=(1, 1, 1, 1), dtype=tf.float32, name=None)
  127992420616720: TensorSpec(shape=(1, 1, 768, 384), dtype=tf.float32, name=None)
  127992420617104: TensorSpec(shape=(384,), dtype=tf.float32, name=None)
  127992420619024: TensorSpec(shape=(1, 1, 384, 96), dtype=tf.float32, name=None)
  127992420616528: TensorSpec(shape=(96,), dtype=tf.float32, name=None)
  127992981197968: TensorSpec(shape=(1, 1, 192, 96), dtype=tf.float32, name=None)
  127992420616912: TensorSpec(shape=(2,), dtype=tf.int32, name=None)
  127992981206992: TensorSpec(shape=(96,), dtype=tf.float32, name=None)
  127993568599056: TensorSpec(shape=(1, 1, 96, 96), dtype=tf.float32, name=None)
  127992420618832: TensorSpec(shape=(2,), dtype=tf.int32, name=None)
  127993568604624: TensorSpec(shape=(96,), dtype=tf.float32, name=None)
  127993388367696: TensorSpec(shape=(1, 1, 48, 96), dtype=tf.float32, name=None)
  127992420621136: TensorSpec(shape=(2,), dtype=tf.int32, name=None)
  127993386451600: TensorSpec(shape=(96,), dtype=tf.float32, name=None)
  127992420619408: TensorSpec(shape=(3, 3, 96, 96), dtype=tf.float32, name=None)
  127992420616144: TensorSpec(shape=(96,), dtype=tf.float32, name=None)
  127992420620176: TensorSpec(shape=(3, 3, 96, 96), dtype=tf.float32, name=None)
  127992420619792: TensorSpec(shape=(3, 3, 96, 64), dtype=tf.float32, name=None)
  127992420619984: TensorSpec(shape=(96,), dtype=tf.float32, name=None)
  127992420621328: TensorSpec(shape=(3, 3, 96, 96), dtype=tf.float32, name=None)
  127992420619600: TensorSpec(shape=(64,), dtype=tf.float32, name=None)
  127992420620944: TensorSpec(shape=(3, 3, 96, 64), dtype=tf.float32, name=None)
  127992420620752: TensorSpec(shape=(96,), dtype=tf.float32, name=None)
  127992420622480: TensorSpec(shape=(3, 3, 96, 96), dtype=tf.float32, name=None)
  127992420620560: TensorSpec(shape=(64,), dtype=tf.float32, name=None)
  127992420622288: TensorSpec(shape=(3, 3, 96, 64), dtype=tf.float32, name=None)
  127992420621904: TensorSpec(shape=(96,), dtype=tf.float32, name=None)
  127992420622096: TensorSpec(shape=(64,), dtype=tf.float32, name=None)
  127992420623248: TensorSpec(shape=(3, 3, 96, 64), dtype=tf.float32, name=None)
  127992420621712: TensorSpec(shape=(3, 3, 64, 64), dtype=tf.float32, name=None)
  127992420623056: TensorSpec(shape=(64,), dtype=tf.float32, name=None)
  127992420621520: TensorSpec(shape=(64,), dtype=tf.float32, name=None)
  127992420622864: TensorSpec(shape=(3, 3, 64, 64), dtype=tf.float32, name=None)
  127992420622672: TensorSpec(shape=(64,), dtype=tf.float32, name=None)
  127992420623440: TensorSpec(shape=(3, 3, 64, 64), dtype=tf.float32, name=None)
  127992420623632: TensorSpec(shape=(64,), dtype=tf.float32, name=None)
  127992420623824: TensorSpec(shape=(1, 1, 64, 150), dtype=tf.float32, name=None)
  127992420624016: TensorSpec(shape=(150,), dtype=tf.float32, name=None)
I0000 00:00:1781530651.016001  426985 devices.cc:67] Number of eligible GPUs (core count >= 8, compute capability >= 0.0): 0
WARNING: All log messages before absl::InitializeLog() is called are written to STDERR
I0000 00:00:1781530651.016533  426985 single_machine.cc:374] Starting new session
W0000 00:00:1781530657.314209  426985 tf_tfl_flatbuffer_helpers.cc:365] Ignored output_format.
W0000 00:00:1781530657.314357  426985 tf_tfl_flatbuffer_helpers.cc:368] Ignored drop_control_dependency.
I0000 00:00:1781530689.432433  426985 devices.cc:67] Number of eligible GPUs (core count >= 8, compute capability >= 0.0): 0
I0000 00:00:1781530689.432714  426985 single_machine.cc:374] Starting new session
W0000 00:00:1781530694.138648  426985 tf_tfl_flatbuffer_helpers.cc:365] Ignored output_format.
W0000 00:00:1781530694.138742  426985 tf_tfl_flatbuffer_helpers.cc:368] Ignored drop_control_dependency.
I0000 00:00:1781530696.822199  426985 devices.cc:67] Number of eligible GPUs (core count >= 8, compute capability >= 0.0): 0
I0000 00:00:1781530696.823044  426985 single_machine.cc:374] Starting new session
W0000 00:00:1781530700.320660  426985 tf_tfl_flatbuffer_helpers.cc:365] Ignored output_format.
W0000 00:00:1781530700.320760  426985 tf_tfl_flatbuffer_helpers.cc:368] Ignored drop_control_dependency.
W0000 00:00:1781530709.012935  426985 tf_tfl_flatbuffer_helpers.cc:365] Ignored output_format.
W0000 00:00:1781530709.013036  426985 tf_tfl_flatbuffer_helpers.cc:368] Ignored drop_control_dependency.
I0000 00:00:1781530709.148396  426985 mlir_graph_optimization_pass.cc:425] MLIR V1 optimization pass is not enabled
fully_quantize: 0, inference_type: 6, input_inference_type: FLOAT32, output_inference_type: FLOAT32
W0000 00:00:1781530803.790042  426985 tf_tfl_flatbuffer_helpers.cc:365] Ignored output_format.
W0000 00:00:1781530803.790172  426985 tf_tfl_flatbuffer_helpers.cc:368] Ignored drop_control_dependency.
fully_quantize: 0, inference_type: 6, input_inference_type: INT8, output_inference_type: INT8
W0000 00:00:1781530890.372168  426985 tf_tfl_flatbuffer_helpers.cc:365] Ignored output_format.
W0000 00:00:1781530890.372358  426985 tf_tfl_flatbuffer_helpers.cc:368] Ignored drop_control_dependency.
W0000 00:00:1781531066.069110  426985 tf_tfl_flatbuffer_helpers.cc:365] Ignored output_format.
W0000 00:00:1781531066.069266  426985 tf_tfl_flatbuffer_helpers.cc:368] Ignored drop_control_dependency.
