Edge TPU Compiler version 16.0.384591198
Warning: For the given model, you're creating more segmentsthan is necessary, which can increase inference latency.We instead recommend num_segments = 1
Started a compilation timeout timer of 180 seconds.

Model compiled successfully in 905 ms.

Input model: /mnt/c/Users/jjw74/Desktop/SNU/SNU 3-2/Creative Integrated Design/repnext-optimization/logs/iter3_segments/n2/repnext_m5_relu_sparse_stage2_downsample_512_int8_dwpatched_segment_0_of_2.tflite
Input size: 1.07MiB
Output model: /mnt/c/Users/jjw74/Desktop/SNU/SNU 3-2/Creative Integrated Design/repnext-optimization/logs/iter3_segments/n2/repnext_m5_relu_sparse_stage2_downsample_512_int8_dwpatched_segment_0_of_2_edgetpu.tflite
Output size: 1.37MiB
On-chip memory used for caching model parameters: 65.00KiB
On-chip memory remaining for caching model parameters: 6.12MiB
Off-chip memory used for streaming uncached model parameters: 0.00B
Number of Edge TPU subgraphs: 1
Total number of operations: 420
Operation log: /mnt/c/Users/jjw74/Desktop/SNU/SNU 3-2/Creative Integrated Design/repnext-optimization/logs/iter3_segments/n2/repnext_m5_relu_sparse_stage2_downsample_512_int8_dwpatched_segment_0_of_2_edgetpu.log

Model successfully compiled but not all operations are supported by the Edge TPU. A percentage of the model will instead run on the CPU, which is slower. If possible, consider updating your model to use only operations supported by the Edge TPU. For details, visit g.co/coral/model-reqs.
Number of operations that will run on Edge TPU: 25
Number of operations that will run on CPU: 395

Operator                       Count      Status

ADD                            99         More than one subgraph is not supported
ADD                            7          Mapped to Edge TPU
SPLIT                          10         More than one subgraph is not supported
SPLIT                          1          Mapped to Edge TPU
TRANSPOSE                      88         Operation is otherwise supported, but not mapped due to some unspecified limitation
CONCATENATION                  12         More than one subgraph is not supported
PAD                            2          Mapped to Edge TPU
PAD                            10         More than one subgraph is not supported
DEPTHWISE_CONV_2D              141        More than one subgraph is not supported
DEPTHWISE_CONV_2D              13         Mapped to Edge TPU
MUL                            12         More than one subgraph is not supported
CONV_2D                        2          Mapped to Edge TPU
CONV_2D                        23         More than one subgraph is not supported
Compilation child process completed within timeout period.
Compilation succeeded! 
Started a compilation timeout timer of 180 seconds.

Model compiled successfully in 75 ms.

Input model: /mnt/c/Users/jjw74/Desktop/SNU/SNU 3-2/Creative Integrated Design/repnext-optimization/logs/iter3_segments/n2/repnext_m5_relu_sparse_stage2_downsample_512_int8_dwpatched_segment_1_of_2.tflite
Input size: 997.09KiB
Output model: /mnt/c/Users/jjw74/Desktop/SNU/SNU 3-2/Creative Integrated Design/repnext-optimization/logs/iter3_segments/n2/repnext_m5_relu_sparse_stage2_downsample_512_int8_dwpatched_segment_1_of_2_edgetpu.tflite
Output size: 1.01MiB
On-chip memory used for caching model parameters: 62.25KiB
On-chip memory remaining for caching model parameters: 7.29MiB
Off-chip memory used for streaming uncached model parameters: 0.00B
Number of Edge TPU subgraphs: 1
Total number of operations: 144
Operation log: /mnt/c/Users/jjw74/Desktop/SNU/SNU 3-2/Creative Integrated Design/repnext-optimization/logs/iter3_segments/n2/repnext_m5_relu_sparse_stage2_downsample_512_int8_dwpatched_segment_1_of_2_edgetpu.log

Model successfully compiled but not all operations are supported by the Edge TPU. A percentage of the model will instead run on the CPU, which is slower. If possible, consider updating your model to use only operations supported by the Edge TPU. For details, visit g.co/coral/model-reqs.
Number of operations that will run on Edge TPU: 2
Number of operations that will run on CPU: 142

Operator                       Count      Status

ADD                            35         More than one subgraph is not supported
ADD                            1          Mapped to Edge TPU
SPLIT                          3          More than one subgraph is not supported
CONCATENATION                  4          More than one subgraph is not supported
PAD                            10         More than one subgraph is not supported
TRANSPOSE                      28         Operation is otherwise supported, but not mapped due to some unspecified limitation
DEPTHWISE_CONV_2D              50         More than one subgraph is not supported
MUL                            4          More than one subgraph is not supported
CONV_2D                        1          Mapped to Edge TPU
CONV_2D                        8          More than one subgraph is not supported
Compilation child process completed within timeout period.
Compilation succeeded! 
