Edge TPU Compiler version 16.0.384591198
Warning: For the given model, you're creating more segmentsthan is necessary, which can increase inference latency.We instead recommend num_segments = 1
Started a compilation timeout timer of 180 seconds.

Model compiled successfully in 1155 ms.

Input model: /mnt/c/Users/jjw74/Desktop/SNU/SNU 3-2/Creative Integrated Design/repnext-optimization/logs/iter3_segments/n4/repnext_m5_relu_sparse_stage2_downsample_512_int8_dwpatched_segment_0_of_4.tflite
Input size: 596.53KiB
Output model: /mnt/c/Users/jjw74/Desktop/SNU/SNU 3-2/Creative Integrated Design/repnext-optimization/logs/iter3_segments/n4/repnext_m5_relu_sparse_stage2_downsample_512_int8_dwpatched_segment_0_of_4_edgetpu.tflite
Output size: 916.31KiB
On-chip memory used for caching model parameters: 65.00KiB
On-chip memory remaining for caching model parameters: 6.12MiB
Off-chip memory used for streaming uncached model parameters: 0.00B
Number of Edge TPU subgraphs: 1
Total number of operations: 314
Operation log: /mnt/c/Users/jjw74/Desktop/SNU/SNU 3-2/Creative Integrated Design/repnext-optimization/logs/iter3_segments/n4/repnext_m5_relu_sparse_stage2_downsample_512_int8_dwpatched_segment_0_of_4_edgetpu.log

Model successfully compiled but not all operations are supported by the Edge TPU. A percentage of the model will instead run on the CPU, which is slower. If possible, consider updating your model to use only operations supported by the Edge TPU. For details, visit g.co/coral/model-reqs.
Number of operations that will run on Edge TPU: 25
Number of operations that will run on CPU: 289

Operator                       Count      Status

TRANSPOSE                      64         Operation is otherwise supported, but not mapped due to some unspecified limitation
SPLIT                          1          Mapped to Edge TPU
SPLIT                          7          More than one subgraph is not supported
MUL                            9          More than one subgraph is not supported
CONV_2D                        2          Mapped to Edge TPU
CONV_2D                        16         More than one subgraph is not supported
DEPTHWISE_CONV_2D              102        More than one subgraph is not supported
DEPTHWISE_CONV_2D              13         Mapped to Edge TPU
CONCATENATION                  9          More than one subgraph is not supported
PAD                            2          Mapped to Edge TPU
PAD                            10         More than one subgraph is not supported
ADD                            7          Mapped to Edge TPU
ADD                            72         More than one subgraph is not supported
Compilation child process completed within timeout period.
Compilation succeeded! 
Started a compilation timeout timer of 180 seconds.

Model compiled successfully in 115 ms.

Input model: /mnt/c/Users/jjw74/Desktop/SNU/SNU 3-2/Creative Integrated Design/repnext-optimization/logs/iter3_segments/n4/repnext_m5_relu_sparse_stage2_downsample_512_int8_dwpatched_segment_1_of_4.tflite
Input size: 495.17KiB
Output model: /mnt/c/Users/jjw74/Desktop/SNU/SNU 3-2/Creative Integrated Design/repnext-optimization/logs/iter3_segments/n4/repnext_m5_relu_sparse_stage2_downsample_512_int8_dwpatched_segment_1_of_4_edgetpu.tflite
Output size: 533.59KiB
On-chip memory used for caching model parameters: 116.00KiB
On-chip memory remaining for caching model parameters: 7.23MiB
Off-chip memory used for streaming uncached model parameters: 0.00B
Number of Edge TPU subgraphs: 1
Total number of operations: 106
Operation log: /mnt/c/Users/jjw74/Desktop/SNU/SNU 3-2/Creative Integrated Design/repnext-optimization/logs/iter3_segments/n4/repnext_m5_relu_sparse_stage2_downsample_512_int8_dwpatched_segment_1_of_4_edgetpu.log

Model successfully compiled but not all operations are supported by the Edge TPU. A percentage of the model will instead run on the CPU, which is slower. If possible, consider updating your model to use only operations supported by the Edge TPU. For details, visit g.co/coral/model-reqs.
Number of operations that will run on Edge TPU: 3
Number of operations that will run on CPU: 103

Operator                       Count      Status

DEPTHWISE_CONV_2D              39         More than one subgraph is not supported
CONV_2D                        2          Mapped to Edge TPU
CONV_2D                        5          More than one subgraph is not supported
MUL                            3          More than one subgraph is not supported
SPLIT                          3          More than one subgraph is not supported
TRANSPOSE                      24         Operation is otherwise supported, but not mapped due to some unspecified limitation
ADD                            26         More than one subgraph is not supported
ADD                            1          Mapped to Edge TPU
CONCATENATION                  3          More than one subgraph is not supported
Compilation child process completed within timeout period.
Compilation succeeded! 
Started a compilation timeout timer of 180 seconds.

Model compiled successfully in 121 ms.

Input model: /mnt/c/Users/jjw74/Desktop/SNU/SNU 3-2/Creative Integrated Design/repnext-optimization/logs/iter3_segments/n4/repnext_m5_relu_sparse_stage2_downsample_512_int8_dwpatched_segment_2_of_4.tflite
Input size: 515.14KiB
Output model: /mnt/c/Users/jjw74/Desktop/SNU/SNU 3-2/Creative Integrated Design/repnext-optimization/logs/iter3_segments/n4/repnext_m5_relu_sparse_stage2_downsample_512_int8_dwpatched_segment_2_of_4_edgetpu.tflite
Output size: 556.78KiB
On-chip memory used for caching model parameters: 62.25KiB
On-chip memory remaining for caching model parameters: 7.29MiB
Off-chip memory used for streaming uncached model parameters: 0.00B
Number of Edge TPU subgraphs: 1
Total number of operations: 116
Operation log: /mnt/c/Users/jjw74/Desktop/SNU/SNU 3-2/Creative Integrated Design/repnext-optimization/logs/iter3_segments/n4/repnext_m5_relu_sparse_stage2_downsample_512_int8_dwpatched_segment_2_of_4_edgetpu.log

Model successfully compiled but not all operations are supported by the Edge TPU. A percentage of the model will instead run on the CPU, which is slower. If possible, consider updating your model to use only operations supported by the Edge TPU. For details, visit g.co/coral/model-reqs.
Number of operations that will run on Edge TPU: 2
Number of operations that will run on CPU: 114

Operator                       Count      Status

MUL                            3          More than one subgraph is not supported
CONV_2D                        6          More than one subgraph is not supported
CONV_2D                        1          Mapped to Edge TPU
ADD                            1          Mapped to Edge TPU
ADD                            27         More than one subgraph is not supported
SPLIT                          3          More than one subgraph is not supported
TRANSPOSE                      24         Operation is otherwise supported, but not mapped due to some unspecified limitation
CONCATENATION                  3          More than one subgraph is not supported
PAD                            5          More than one subgraph is not supported
DEPTHWISE_CONV_2D              43         More than one subgraph is not supported
Compilation child process completed within timeout period.
Compilation succeeded! 
Started a compilation timeout timer of 180 seconds.

Model compiled successfully in 203 ms.

Input model: /mnt/c/Users/jjw74/Desktop/SNU/SNU 3-2/Creative Integrated Design/repnext-optimization/logs/iter3_segments/n4/repnext_m5_relu_sparse_stage2_downsample_512_int8_dwpatched_segment_3_of_4.tflite
Input size: 483.19KiB
Output model: /mnt/c/Users/jjw74/Desktop/SNU/SNU 3-2/Creative Integrated Design/repnext-optimization/logs/iter3_segments/n4/repnext_m5_relu_sparse_stage2_downsample_512_int8_dwpatched_segment_3_of_4_edgetpu.tflite
Output size: 578.72KiB
On-chip memory used for caching model parameters: 76.50KiB
On-chip memory remaining for caching model parameters: 7.52MiB
Off-chip memory used for streaming uncached model parameters: 0.00B
Number of Edge TPU subgraphs: 1
Total number of operations: 28
Operation log: /mnt/c/Users/jjw74/Desktop/SNU/SNU 3-2/Creative Integrated Design/repnext-optimization/logs/iter3_segments/n4/repnext_m5_relu_sparse_stage2_downsample_512_int8_dwpatched_segment_3_of_4_edgetpu.log

Model successfully compiled but not all operations are supported by the Edge TPU. A percentage of the model will instead run on the CPU, which is slower. If possible, consider updating your model to use only operations supported by the Edge TPU. For details, visit g.co/coral/model-reqs.
Number of operations that will run on Edge TPU: 18
Number of operations that will run on CPU: 10

Operator                       Count      Status

TRANSPOSE                      4          Operation is otherwise supported, but not mapped due to some unspecified limitation
PAD                            5          Mapped to Edge TPU
CONCATENATION                  1          More than one subgraph is not supported
ADD                            6          Mapped to Edge TPU
ADD                            2          More than one subgraph is not supported
CONV_2D                        2          More than one subgraph is not supported
MUL                            1          More than one subgraph is not supported
DEPTHWISE_CONV_2D              7          Mapped to Edge TPU
Compilation child process completed within timeout period.
Compilation succeeded! 
