Edge TPU Compiler version 16.0.384591198
Started a compilation timeout timer of 180 seconds.

Model compiled successfully in 672 ms.

Input model: logs/repnext_stage2_int8_dwpatched_concatfold.tflite
Input size: 2.02MiB
Output model: logs/iter5_concatfold/repnext_stage2_int8_dwpatched_concatfold_edgetpu.tflite
Output size: 2.25MiB
On-chip memory used for caching model parameters: 103.75KiB
On-chip memory remaining for caching model parameters: 6.30MiB
Off-chip memory used for streaming uncached model parameters: 2.50KiB
Number of Edge TPU subgraphs: 1
Total number of operations: 553
Operation log: logs/iter5_concatfold/repnext_stage2_int8_dwpatched_concatfold_edgetpu.log

Model successfully compiled but not all operations are supported by the Edge TPU. A percentage of the model will instead run on the CPU, which is slower. If possible, consider updating your model to use only operations supported by the Edge TPU. For details, visit g.co/coral/model-reqs.
Number of operations that will run on Edge TPU: 31
Number of operations that will run on CPU: 522

Operator                       Count      Status

CONV_2D                        30         More than one subgraph is not supported
CONV_2D                        4          Mapped to Edge TPU
ADD                            9          Mapped to Edge TPU
ADD                            133        More than one subgraph is not supported
SPLIT                          13         More than one subgraph is not supported
SPLIT                          1          Mapped to Edge TPU
TRANSPOSE                      105        Operation is otherwise supported, but not mapped due to some unspecified limitation
PAD                            20         More than one subgraph is not supported
PAD                            2          Mapped to Edge TPU
CONCATENATION                  15         More than one subgraph is not supported
CONCATENATION                  1          Mapped to Edge TPU
DEPTHWISE_CONV_2D              13         Mapped to Edge TPU
DEPTHWISE_CONV_2D              191        More than one subgraph is not supported
MUL                            15         More than one subgraph is not supported
MUL                            1          Mapped to Edge TPU
Compilation child process completed within timeout period.
Compilation succeeded! 
