[onnx] patched kernel_shape on 238 Conv nodes -> repnext_m5_tanhgelu_sparse_stage2_downsample_512_kernelshape.onnx
[run] onnx2tf -i repnext_m5_tanhgelu_sparse_stage2_downsample_512_kernelshape.onnx -o saved_model_repnext_tanhgelu_stage2_downsample_512_int8 -dsm -n -oiqt -iqd int8 -oqd int8 -cind input calib_512_5_nhwc_float32.npy [[[[0.485,0.456,0.406]]]] [[[[0.229,0.224,0.225]]]]
WARNING: All log messages before absl::InitializeLog() is called are written to STDERR
E0000 00:00:1777441204.881120     575 cuda_dnn.cc:8579] Unable to register cuDNN factory: Attempting to register factory for plugin cuDNN when one has already been registered
E0000 00:00:1777441204.890752     575 cuda_blas.cc:1407] Unable to register cuBLAS factory: Attempting to register factory for plugin cuBLAS when one has already been registered
W0000 00:00:1777441204.911665     575 computation_placer.cc:177] computation placer already registered. Please check linkage and avoid linking the same target more than once.
W0000 00:00:1777441204.911727     575 computation_placer.cc:177] computation placer already registered. Please check linkage and avoid linking the same target more than once.
W0000 00:00:1777441204.911731     575 computation_placer.cc:177] computation placer already registered. Please check linkage and avoid linking the same target more than once.
W0000 00:00:1777441204.911732     575 computation_placer.cc:177] computation placer already registered. Please check linkage and avoid linking the same target more than once.
[0;93m2026-04-29 14:40:06.972737417 [W:onnxruntime:Default, device_discovery.cc:164 DiscoverDevicesForPlatform] GPU device discovery failed: device_discovery.cc:89 ReadFileContents Failed to open file: "/sys/class/drm/card0/device/vendor"[m
Saved artifact at 'saved_model_repnext_tanhgelu_stage2_downsample_512_int8'. The following endpoints are available:

* Endpoint 'serving_default'
  inputs_0 (POSITIONAL_ONLY): TensorSpec(shape=(1, 512, 512, 3), dtype=tf.float32, name='input')
Output Type:
  TensorSpec(shape=(1, 320, 32, 32), dtype=tf.float32, name=None)
Captures:
  140596412550608: TensorSpec(shape=(4, 2), dtype=tf.int32, name=None)
  140596412550032: TensorSpec(shape=(3, 3, 3, 40), dtype=tf.float32, name=None)
  140596412550992: TensorSpec(shape=(40,), dtype=tf.float32, name=None)
  140596412551952: TensorSpec(shape=(1, 1, 1, 1), dtype=tf.float32, name=None)
  140596412552144: TensorSpec(shape=(1, 1, 1, 1), dtype=tf.float32, name=None)
  140596412554256: TensorSpec(shape=(), dtype=tf.float32, name=None)
  140596412554064: TensorSpec(shape=(1, 1, 1, 1), dtype=tf.float32, name=None)
  140596412554448: TensorSpec(shape=(4, 2), dtype=tf.int32, name=None)
  140596412554640: TensorSpec(shape=(3, 3, 40, 80), dtype=tf.float32, name=None)
  140596412554832: TensorSpec(shape=(80,), dtype=tf.float32, name=None)
  140596412555984: TensorSpec(shape=(5, 3, 20, 1), dtype=tf.float32, name=None)
  140596412557136: TensorSpec(shape=(7, 7, 20, 1), dtype=tf.float32, name=None)
  140596412557328: TensorSpec(shape=(20,), dtype=tf.float32, name=None)
  140596412556944: TensorSpec(shape=(20,), dtype=tf.float32, name=None)
  140596412557904: TensorSpec(shape=(3, 5, 20, 1), dtype=tf.float32, name=None)
  140596412555216: TensorSpec(shape=(3, 1, 20, 1), dtype=tf.float32, name=None)
  140596412555408: TensorSpec(shape=(3, 3, 20, 1), dtype=tf.float32, name=None)
  140596412556176: TensorSpec(shape=(20,), dtype=tf.float32, name=None)
  140596412555792: TensorSpec(shape=(20,), dtype=tf.float32, name=None)
  140596412555024: TensorSpec(shape=(20,), dtype=tf.float32, name=None)
  140596412558288: TensorSpec(shape=(1, 7, 20, 1), dtype=tf.float32, name=None)
  140596412556368: TensorSpec(shape=(1, 3, 20, 1), dtype=tf.float32, name=None)
  140596412558096: TensorSpec(shape=(7, 1, 20, 1), dtype=tf.float32, name=None)
  140596412555600: TensorSpec(shape=(20,), dtype=tf.float32, name=None)
  140596412559056: TensorSpec(shape=(1, 11, 20, 1), dtype=tf.float32, name=None)
  140596412557712: TensorSpec(shape=(20,), dtype=tf.float32, name=None)
  140596412558480: TensorSpec(shape=(1, 5, 20, 1), dtype=tf.float32, name=None)
  140596412556752: TensorSpec(shape=(2, 2, 20, 1), dtype=tf.float32, name=None)
  140596412558672: TensorSpec(shape=(11, 1, 20, 1), dtype=tf.float32, name=None)
  140596412558864: TensorSpec(shape=(5, 1, 20, 1), dtype=tf.float32, name=None)
  140596412556560: TensorSpec(shape=(20,), dtype=tf.float32, name=None)
  140596412559248: TensorSpec(shape=(20,), dtype=tf.float32, name=None)
  140596412562128: TensorSpec(shape=(80,), dtype=tf.float32, name=None)
  140596412562320: TensorSpec(shape=(80,), dtype=tf.float32, name=None)
  140596412561744: TensorSpec(shape=(1, 1, 80, 160), dtype=tf.float32, name=None)
  140596412560976: TensorSpec(shape=(160,), dtype=tf.float32, name=None)
  140596412561552: TensorSpec(shape=(1, 1, 1, 1), dtype=tf.float32, name=None)
  140596412560784: TensorSpec(shape=(1, 1, 1, 1), dtype=tf.float32, name=None)
  140596412560016: TensorSpec(shape=(), dtype=tf.float32, name=None)
  140596412562512: TensorSpec(shape=(1, 1, 1, 1), dtype=tf.float32, name=None)
  140596412561168: TensorSpec(shape=(1, 1, 160, 80), dtype=tf.float32, name=None)
  140596412560592: TensorSpec(shape=(80,), dtype=tf.float32, name=None)
  140596363906128: TensorSpec(shape=(), dtype=tf.resource, name=None)
  140596363905936: TensorSpec(shape=(), dtype=tf.resource, name=None)
  140596363906320: TensorSpec(shape=(20,), dtype=tf.float32, name=None)
  140596363906512: TensorSpec(shape=(20,), dtype=tf.float32, name=None)
  140596363906896: TensorSpec(shape=(), dtype=tf.resource, name=None)
  140596363903824: TensorSpec(shape=(), dtype=tf.resource, name=None)
  140596363903632: TensorSpec(shape=(), dtype=tf.resource, name=None)
  140596363905552: TensorSpec(shape=(20,), dtype=tf.float32, name=None)
  140596412561936: TensorSpec(shape=(20,), dtype=tf.float32, name=None)
  140596412562704: TensorSpec(shape=(20,), dtype=tf.float32, name=None)
  140596363906704: TensorSpec(shape=(), dtype=tf.resource, name=None)
  140596363905360: TensorSpec(shape=(), dtype=tf.resource, name=None)
  140596363907280: TensorSpec(shape=(7, 1, 20, 1), dtype=tf.float32, name=None)
  140596363904784: TensorSpec(shape=(20,), dtype=tf.float32, name=None)
  140596363909200: TensorSpec(shape=(), dtype=tf.resource, name=None)
  140596363905744: TensorSpec(shape=(), dtype=tf.resource, name=None)
  140596363907664: TensorSpec(shape=(20,), dtype=tf.float32, name=None)
  140596363908432: TensorSpec(shape=(), dtype=tf.resource, name=None)
  140596363907856: TensorSpec(shape=(11, 1, 20, 1), dtype=tf.float32, name=None)
  140596363907472: TensorSpec(shape=(5, 1, 20, 1), dtype=tf.float32, name=None)
  140596363904592: TensorSpec(shape=(20,), dtype=tf.float32, name=None)
  140596412560400: TensorSpec(shape=(20,), dtype=tf.float32, name=None)
  140596363910736: TensorSpec(shape=(80,), dtype=tf.float32, name=None)
  140596363909776: TensorSpec(shape=(80,), dtype=tf.float32, name=None)
  140596363910352: TensorSpec(shape=(1, 1, 80, 160), dtype=tf.float32, name=None)
  140596363909584: TensorSpec(shape=(160,), dtype=tf.float32, name=None)
  140596363910160: TensorSpec(shape=(1, 1, 1, 1), dtype=tf.float32, name=None)
  140596363910544: TensorSpec(shape=(1, 1, 1, 1), dtype=tf.float32, name=None)
  140596363911120: TensorSpec(shape=(), dtype=tf.float32, name=None)
  140596363910928: TensorSpec(shape=(1, 1, 1, 1), dtype=tf.float32, name=None)
  140596363911504: TensorSpec(shape=(1, 1, 160, 80), dtype=tf.float32, name=None)
  140596363909968: TensorSpec(shape=(80,), dtype=tf.float32, name=None)
  140596363913424: TensorSpec(shape=(), dtype=tf.resource, name=None)
  140596363912848: TensorSpec(shape=(), dtype=tf.resource, name=None)
  140596363913232: TensorSpec(shape=(20,), dtype=tf.float32, name=None)
  140596363913040: TensorSpec(shape=(20,), dtype=tf.float32, name=None)
  140596363914000: TensorSpec(shape=(), dtype=tf.resource, name=None)
  140596363907088: TensorSpec(shape=(), dtype=tf.resource, name=None)
  140596363908240: TensorSpec(shape=(), dtype=tf.resource, name=None)
  140596363913616: TensorSpec(shape=(20,), dtype=tf.float32, name=None)
  140596363911312: TensorSpec(shape=(20,), dtype=tf.float32, name=None)
  140596363909392: TensorSpec(shape=(20,), dtype=tf.float32, name=None)
  140596363909008: TensorSpec(shape=(), dtype=tf.resource, name=None)
  140596363912080: TensorSpec(shape=(), dtype=tf.resource, name=None)
  140596363912656: TensorSpec(shape=(7, 1, 20, 1), dtype=tf.float32, name=None)
  140596363911696: TensorSpec(shape=(20,), dtype=tf.float32, name=None)
  140596363914960: TensorSpec(shape=(), dtype=tf.resource, name=None)
  140596363912464: TensorSpec(shape=(), dtype=tf.resource, name=None)
  140596363914192: TensorSpec(shape=(20,), dtype=tf.float32, name=None)
  140596363914384: TensorSpec(shape=(), dtype=tf.resource, name=None)
  140596363915152: TensorSpec(shape=(11, 1, 20, 1), dtype=tf.float32, name=None)
  140596363911888: TensorSpec(shape=(5, 1, 20, 1), dtype=tf.float32, name=None)
  140596363912272: TensorSpec(shape=(20,), dtype=tf.float32, name=None)
  140596363914576: TensorSpec(shape=(20,), dtype=tf.float32, name=None)
  140596363916880: TensorSpec(shape=(80,), dtype=tf.float32, name=None)
  140596363917072: TensorSpec(shape=(80,), dtype=tf.float32, name=None)
  140596363915920: TensorSpec(shape=(1, 1, 80, 160), dtype=tf.float32, name=None)
  140596363916304: TensorSpec(shape=(160,), dtype=tf.float32, name=None)
  140596363916112: TensorSpec(shape=(1, 1, 1, 1), dtype=tf.float32, name=None)
  140596363916496: TensorSpec(shape=(1, 1, 1, 1), dtype=tf.float32, name=None)
  140596363917264: TensorSpec(shape=(), dtype=tf.float32, name=None)
  140596363913808: TensorSpec(shape=(1, 1, 1, 1), dtype=tf.float32, name=None)
  140596363914768: TensorSpec(shape=(1, 1, 160, 80), dtype=tf.float32, name=None)
  140596363915728: TensorSpec(shape=(80,), dtype=tf.float32, name=None)
  140596359741904: TensorSpec(shape=(), dtype=tf.resource, name=None)
  140596359741712: TensorSpec(shape=(), dtype=tf.resource, name=None)
  140596359741520: TensorSpec(shape=(20,), dtype=tf.float32, name=None)
  140596363919184: TensorSpec(shape=(20,), dtype=tf.float32, name=None)
  140596359742288: TensorSpec(shape=(), dtype=tf.resource, name=None)
  140596363917840: TensorSpec(shape=(), dtype=tf.resource, name=None)
  140596363917648: TensorSpec(shape=(), dtype=tf.resource, name=None)
  140596363917456: TensorSpec(shape=(20,), dtype=tf.float32, name=None)
  140596363915536: TensorSpec(shape=(20,), dtype=tf.float32, name=None)
  140596363916688: TensorSpec(shape=(20,), dtype=tf.float32, name=None)
  140596359742480: TensorSpec(shape=(), dtype=tf.resource, name=None)
  140596363918416: TensorSpec(shape=(), dtype=tf.resource, name=None)
  140596359742096: TensorSpec(shape=(7, 1, 20, 1), dtype=tf.float32, name=None)
  140596363918032: TensorSpec(shape=(20,), dtype=tf.float32, name=None)
  140596359743440: TensorSpec(shape=(), dtype=tf.resource, name=None)
  140596363918800: TensorSpec(shape=(), dtype=tf.resource, name=None)
  140596359743056: TensorSpec(shape=(20,), dtype=tf.float32, name=None)
  140596359742864: TensorSpec(shape=(), dtype=tf.resource, name=None)
  140596359743632: TensorSpec(shape=(11, 1, 20, 1), dtype=tf.float32, name=None)
  140596359742672: TensorSpec(shape=(5, 1, 20, 1), dtype=tf.float32, name=None)
  140596363918608: TensorSpec(shape=(20,), dtype=tf.float32, name=None)
  140596363918992: TensorSpec(shape=(20,), dtype=tf.float32, name=None)
  140596359745360: TensorSpec(shape=(80,), dtype=tf.float32, name=None)
  140596359745552: TensorSpec(shape=(80,), dtype=tf.float32, name=None)
  140596359744400: TensorSpec(shape=(1, 1, 80, 160), dtype=tf.float32, name=None)
  140596359744784: TensorSpec(shape=(160,), dtype=tf.float32, name=None)
  140596359744976: TensorSpec(shape=(1, 1, 1, 1), dtype=tf.float32, name=None)
  140596359744592: TensorSpec(shape=(1, 1, 1, 1), dtype=tf.float32, name=None)
  140596363918224: TensorSpec(shape=(), dtype=tf.float32, name=None)
  140596359743248: TensorSpec(shape=(1, 1, 1, 1), dtype=tf.float32, name=None)
  140596359743824: TensorSpec(shape=(1, 1, 160, 80), dtype=tf.float32, name=None)
  140596359744208: TensorSpec(shape=(80,), dtype=tf.float32, name=None)
  140596359746704: TensorSpec(shape=(), dtype=tf.resource, name=None)
  140596359746512: TensorSpec(shape=(), dtype=tf.resource, name=None)
  140596359746320: TensorSpec(shape=(20,), dtype=tf.float32, name=None)
  140596412548112: TensorSpec(shape=(20,), dtype=tf.float32, name=None)
  140596359745168: TensorSpec(shape=(), dtype=tf.resource, name=None)
  140596359746128: TensorSpec(shape=(), dtype=tf.resource, name=None)
  140596359745936: TensorSpec(shape=(), dtype=tf.resource, name=None)
  140596412547152: TensorSpec(shape=(20,), dtype=tf.float32, name=None)
  140596359744016: TensorSpec(shape=(20,), dtype=tf.float32, name=None)
  140596359745744: TensorSpec(shape=(20,), dtype=tf.float32, name=None)
  140596359746896: TensorSpec(shape=(), dtype=tf.resource, name=None)
  140596412559632: TensorSpec(shape=(), dtype=tf.resource, name=None)
  140596359747088: TensorSpec(shape=(7, 1, 20, 1), dtype=tf.float32, name=None)
  140596363915344: TensorSpec(shape=(20,), dtype=tf.float32, name=None)
  140596359748048: TensorSpec(shape=(), dtype=tf.resource, name=None)
  140596412548304: TensorSpec(shape=(), dtype=tf.resource, name=None)
  140596359747664: TensorSpec(shape=(20,), dtype=tf.float32, name=None)
  140596359747472: TensorSpec(shape=(), dtype=tf.resource, name=None)
  140596359748240: TensorSpec(shape=(11, 1, 20, 1), dtype=tf.float32, name=None)
  140596359747280: TensorSpec(shape=(5, 1, 20, 1), dtype=tf.float32, name=None)
  140596412549456: TensorSpec(shape=(20,), dtype=tf.float32, name=None)
  140596412549072: TensorSpec(shape=(20,), dtype=tf.float32, name=None)
  140596359749968: TensorSpec(shape=(80,), dtype=tf.float32, name=None)
  140596359750160: TensorSpec(shape=(80,), dtype=tf.float32, name=None)
  140596359749008: TensorSpec(shape=(1, 1, 80, 160), dtype=tf.float32, name=None)
  140596359749584: TensorSpec(shape=(160,), dtype=tf.float32, name=None)
  140596359749200: TensorSpec(shape=(1, 1, 1, 1), dtype=tf.float32, name=None)
  140596359749776: TensorSpec(shape=(1, 1, 1, 1), dtype=tf.float32, name=None)
  140596359750544: TensorSpec(shape=(), dtype=tf.float32, name=None)
  140596359750352: TensorSpec(shape=(1, 1, 1, 1), dtype=tf.float32, name=None)
  140596359750928: TensorSpec(shape=(1, 1, 160, 80), dtype=tf.float32, name=None)
  140596359749392: TensorSpec(shape=(80,), dtype=tf.float32, name=None)
  140596359752080: TensorSpec(shape=(), dtype=tf.resource, name=None)
  140596359751696: TensorSpec(shape=(), dtype=tf.resource, name=None)
  140596359752464: TensorSpec(shape=(20,), dtype=tf.float32, name=None)
  140596359752656: TensorSpec(shape=(20,), dtype=tf.float32, name=None)
  140596359753040: TensorSpec(shape=(), dtype=tf.resource, name=None)
  140596359748624: TensorSpec(shape=(), dtype=tf.resource, name=None)
  140596359751312: TensorSpec(shape=(), dtype=tf.resource, name=None)
  140596359752848: TensorSpec(shape=(20,), dtype=tf.float32, name=None)
  140596359751504: TensorSpec(shape=(20,), dtype=tf.float32, name=None)
  140596359748816: TensorSpec(shape=(20,), dtype=tf.float32, name=None)
  140596359752272: TensorSpec(shape=(), dtype=tf.resource, name=None)
  140596359751120: TensorSpec(shape=(), dtype=tf.resource, name=None)
  140596359753424: TensorSpec(shape=(7, 1, 20, 1), dtype=tf.float32, name=None)
  140596359750736: TensorSpec(shape=(20,), dtype=tf.float32, name=None)
  140596359754384: TensorSpec(shape=(), dtype=tf.resource, name=None)
  140596359751888: TensorSpec(shape=(), dtype=tf.resource, name=None)
  140596359754000: TensorSpec(shape=(20,), dtype=tf.float32, name=None)
  140596359753616: TensorSpec(shape=(), dtype=tf.resource, name=None)
  140596359754576: TensorSpec(shape=(11, 1, 20, 1), dtype=tf.float32, name=None)
  140596359753808: TensorSpec(shape=(5, 1, 20, 1), dtype=tf.float32, name=None)
  140596359747856: TensorSpec(shape=(20,), dtype=tf.float32, name=None)
  140596363908624: TensorSpec(shape=(20,), dtype=tf.float32, name=None)
  140596359756496: TensorSpec(shape=(80,), dtype=tf.float32, name=None)
  140596359755536: TensorSpec(shape=(80,), dtype=tf.float32, name=None)
  140596359756112: TensorSpec(shape=(1, 1, 80, 160), dtype=tf.float32, name=None)
  140596359755344: TensorSpec(shape=(160,), dtype=tf.float32, name=None)
  140596359755920: TensorSpec(shape=(1, 1, 1, 1), dtype=tf.float32, name=None)
  140596359756304: TensorSpec(shape=(1, 1, 1, 1), dtype=tf.float32, name=None)
  140596359756880: TensorSpec(shape=(), dtype=tf.float32, name=None)
  140596359756688: TensorSpec(shape=(1, 1, 1, 1), dtype=tf.float32, name=None)
  140596359757264: TensorSpec(shape=(1, 1, 160, 80), dtype=tf.float32, name=None)
  140596359755728: TensorSpec(shape=(80,), dtype=tf.float32, name=None)
  140596409451920: TensorSpec(shape=(), dtype=tf.resource, name=None)
  140596409451344: TensorSpec(shape=(), dtype=tf.resource, name=None)
  140596409451536: TensorSpec(shape=(20,), dtype=tf.float32, name=None)
  140596409451728: TensorSpec(shape=(20,), dtype=tf.float32, name=None)
  140596409452496: TensorSpec(shape=(), dtype=tf.resource, name=None)
  140596359753232: TensorSpec(shape=(), dtype=tf.resource, name=None)
  140596359754192: TensorSpec(shape=(), dtype=tf.resource, name=None)
  140596409452304: TensorSpec(shape=(20,), dtype=tf.float32, name=None)
  140596359757072: TensorSpec(shape=(20,), dtype=tf.float32, name=None)
  140596359755152: TensorSpec(shape=(20,), dtype=tf.float32, name=None)
  140596409452112: TensorSpec(shape=(), dtype=tf.resource, name=None)
  140596409450576: TensorSpec(shape=(), dtype=tf.resource, name=None)
  140596409450960: TensorSpec(shape=(7, 1, 20, 1), dtype=tf.float32, name=None)
  140596359757456: TensorSpec(shape=(20,), dtype=tf.float32, name=None)
  140596409453456: TensorSpec(shape=(), dtype=tf.resource, name=None)
  140596409450768: TensorSpec(shape=(), dtype=tf.resource, name=None)
  140596409453072: TensorSpec(shape=(20,), dtype=tf.float32, name=None)
  140596409452880: TensorSpec(shape=(), dtype=tf.resource, name=None)
  140596409453648: TensorSpec(shape=(11, 1, 20, 1), dtype=tf.float32, name=None)
  140596409452688: TensorSpec(shape=(5, 1, 20, 1), dtype=tf.float32, name=None)
  140596359757648: TensorSpec(shape=(20,), dtype=tf.float32, name=None)
  140596359754960: TensorSpec(shape=(20,), dtype=tf.float32, name=None)
  140596409455376: TensorSpec(shape=(80,), dtype=tf.float32, name=None)
  140596409455568: TensorSpec(shape=(80,), dtype=tf.float32, name=None)
  140596409454416: TensorSpec(shape=(1, 1, 80, 160), dtype=tf.float32, name=None)
  140596409454800: TensorSpec(shape=(160,), dtype=tf.float32, name=None)
  140596409454608: TensorSpec(shape=(1, 1, 1, 1), dtype=tf.float32, name=None)
  140596409454992: TensorSpec(shape=(1, 1, 1, 1), dtype=tf.float32, name=None)
  140596409455760: TensorSpec(shape=(), dtype=tf.float32, name=None)
  140596409451152: TensorSpec(shape=(1, 1, 1, 1), dtype=tf.float32, name=None)
  140596409453264: TensorSpec(shape=(1, 1, 160, 80), dtype=tf.float32, name=None)
  140596409454224: TensorSpec(shape=(80,), dtype=tf.float32, name=None)
  140596409458256: TensorSpec(shape=(4, 2), dtype=tf.int32, name=None)
  140596409457872: TensorSpec(shape=(4, 2), dtype=tf.int32, name=None)
  140596409458448: TensorSpec(shape=(), dtype=tf.resource, name=None)
  140596409458064: TensorSpec(shape=(), dtype=tf.resource, name=None)
  140596409458640: TensorSpec(shape=(80,), dtype=tf.float32, name=None)
  140596409457680: TensorSpec(shape=(80,), dtype=tf.float32, name=None)
  140596409458832: TensorSpec(shape=(4, 2), dtype=tf.int32, name=None)
  140596409459216: TensorSpec(shape=(), dtype=tf.resource, name=None)
  140596409459600: TensorSpec(shape=(4, 2), dtype=tf.int32, name=None)
  140596409456528: TensorSpec(shape=(80,), dtype=tf.float32, name=None)
  140596409456336: TensorSpec(shape=(4, 2), dtype=tf.int32, name=None)
  140596409459408: TensorSpec(shape=(), dtype=tf.resource, name=None)
  140596409456720: TensorSpec(shape=(), dtype=tf.resource, name=None)
  140596409455952: TensorSpec(shape=(4, 2), dtype=tf.int32, name=None)
  140596409459984: TensorSpec(shape=(4, 2), dtype=tf.int32, name=None)
  140596409456912: TensorSpec(shape=(4, 2), dtype=tf.int32, name=None)
  140596409456144: TensorSpec(shape=(), dtype=tf.resource, name=None)
  140596409459792: TensorSpec(shape=(4, 2), dtype=tf.int32, name=None)
  140596409460176: TensorSpec(shape=(), dtype=tf.resource, name=None)
  140596409457104: TensorSpec(shape=(), dtype=tf.resource, name=None)
  140596409454032: TensorSpec(shape=(80,), dtype=tf.float32, name=None)
  140596409460368: TensorSpec(shape=(), dtype=tf.resource, name=None)
  140596409457296: TensorSpec(shape=(4, 2), dtype=tf.int32, name=None)
  140596409460752: TensorSpec(shape=(4, 2), dtype=tf.int32, name=None)
  140596409457488: TensorSpec(shape=(), dtype=tf.resource, name=None)
  140596409460944: TensorSpec(shape=(), dtype=tf.resource, name=None)
  140596409455184: TensorSpec(shape=(80,), dtype=tf.float32, name=None)
  140596409462480: TensorSpec(shape=(160,), dtype=tf.float32, name=None)
  140596409462672: TensorSpec(shape=(160,), dtype=tf.float32, name=None)
  140596409461520: TensorSpec(shape=(1, 1, 160, 320), dtype=tf.float32, name=None)
  140596409462096: TensorSpec(shape=(320,), dtype=tf.float32, name=None)
  140596409461712: TensorSpec(shape=(1, 1, 1, 1), dtype=tf.float32, name=None)
  140596409459024: TensorSpec(shape=(1, 1, 1, 1), dtype=tf.float32, name=None)
  140596409461328: TensorSpec(shape=(), dtype=tf.float32, name=None)
  140596409462864: TensorSpec(shape=(1, 1, 1, 1), dtype=tf.float32, name=None)
  140596409461904: TensorSpec(shape=(1, 1, 320, 160), dtype=tf.float32, name=None)
  140596409461136: TensorSpec(shape=(160,), dtype=tf.float32, name=None)
  140596409465360: TensorSpec(shape=(), dtype=tf.resource, name=None)
  140596409464784: TensorSpec(shape=(), dtype=tf.resource, name=None)
  140596409465168: TensorSpec(shape=(40,), dtype=tf.float32, name=None)
  140596409464976: TensorSpec(shape=(40,), dtype=tf.float32, name=None)
  140596409465936: TensorSpec(shape=(), dtype=tf.resource, name=None)
  140596409463440: TensorSpec(shape=(), dtype=tf.resource, name=None)
  140596409463248: TensorSpec(shape=(), dtype=tf.resource, name=None)
  140596409465552: TensorSpec(shape=(40,), dtype=tf.float32, name=None)
  140596409462288: TensorSpec(shape=(40,), dtype=tf.float32, name=None)
  140596409463056: TensorSpec(shape=(40,), dtype=tf.float32, name=None)
  140596409463824: TensorSpec(shape=(), dtype=tf.resource, name=None)
  140596409464016: TensorSpec(shape=(), dtype=tf.resource, name=None)
  140596409465744: TensorSpec(shape=(7, 1, 40, 1), dtype=tf.float32, name=None)
  140596409463632: TensorSpec(shape=(40,), dtype=tf.float32, name=None)
  140596227489872: TensorSpec(shape=(), dtype=tf.resource, name=None)
  140596409464400: TensorSpec(shape=(), dtype=tf.resource, name=None)
  140596409460560: TensorSpec(shape=(40,), dtype=tf.float32, name=None)
  140596409466128: TensorSpec(shape=(), dtype=tf.resource, name=None)
  140596227490064: TensorSpec(shape=(11, 1, 40, 1), dtype=tf.float32, name=None)
  140596409466320: TensorSpec(shape=(5, 1, 40, 1), dtype=tf.float32, name=None)
  140596409464208: TensorSpec(shape=(40,), dtype=tf.float32, name=None)
  140596409466704: TensorSpec(shape=(40,), dtype=tf.float32, name=None)
  140596227491984: TensorSpec(shape=(160,), dtype=tf.float32, name=None)
  140596227492176: TensorSpec(shape=(160,), dtype=tf.float32, name=None)
  140596227491600: TensorSpec(shape=(1, 1, 160, 320), dtype=tf.float32, name=None)
  140596227491024: TensorSpec(shape=(320,), dtype=tf.float32, name=None)
  140596227491408: TensorSpec(shape=(1, 1, 1, 1), dtype=tf.float32, name=None)
  140596227491792: TensorSpec(shape=(1, 1, 1, 1), dtype=tf.float32, name=None)
  140596227492560: TensorSpec(shape=(), dtype=tf.float32, name=None)
  140596227492368: TensorSpec(shape=(1, 1, 1, 1), dtype=tf.float32, name=None)
  140596409466512: TensorSpec(shape=(1, 1, 320, 160), dtype=tf.float32, name=None)
  140596227490832: TensorSpec(shape=(160,), dtype=tf.float32, name=None)
  140596227494672: TensorSpec(shape=(), dtype=tf.resource, name=None)
  140596227494096: TensorSpec(shape=(), dtype=tf.resource, name=None)
  140596227494480: TensorSpec(shape=(40,), dtype=tf.float32, name=None)
  140596227494288: TensorSpec(shape=(40,), dtype=tf.float32, name=None)
  140596227495248: TensorSpec(shape=(), dtype=tf.resource, name=None)
  140596227491216: TensorSpec(shape=(), dtype=tf.resource, name=None)
  140596227490640: TensorSpec(shape=(), dtype=tf.resource, name=None)
  140596227494864: TensorSpec(shape=(40,), dtype=tf.float32, name=None)
  140596227493136: TensorSpec(shape=(40,), dtype=tf.float32, name=None)
  140596227492944: TensorSpec(shape=(40,), dtype=tf.float32, name=None)
  140596227490448: TensorSpec(shape=(), dtype=tf.resource, name=None)
  140596227493328: TensorSpec(shape=(), dtype=tf.resource, name=None)
  140596227493904: TensorSpec(shape=(7, 1, 40, 1), dtype=tf.float32, name=None)
  140596227492752: TensorSpec(shape=(40,), dtype=tf.float32, name=None)
  140596227496208: TensorSpec(shape=(), dtype=tf.resource, name=None)
  140596227493712: TensorSpec(shape=(), dtype=tf.resource, name=None)
  140596227495440: TensorSpec(shape=(40,), dtype=tf.float32, name=None)
  140596227495632: TensorSpec(shape=(), dtype=tf.resource, name=None)
  140596227496400: TensorSpec(shape=(11, 1, 40, 1), dtype=tf.float32, name=None)
  140596227490256: TensorSpec(shape=(5, 1, 40, 1), dtype=tf.float32, name=None)
  140596227493520: TensorSpec(shape=(40,), dtype=tf.float32, name=None)
  140596227495824: TensorSpec(shape=(40,), dtype=tf.float32, name=None)
  140596227498320: TensorSpec(shape=(160,), dtype=tf.float32, name=None)
  140596227498512: TensorSpec(shape=(160,), dtype=tf.float32, name=None)
  140596227497936: TensorSpec(shape=(1, 1, 160, 320), dtype=tf.float32, name=None)
  140596227497360: TensorSpec(shape=(320,), dtype=tf.float32, name=None)
  140596227497744: TensorSpec(shape=(1, 1, 1, 1), dtype=tf.float32, name=None)
  140596227497552: TensorSpec(shape=(1, 1, 1, 1), dtype=tf.float32, name=None)
  140596227498128: TensorSpec(shape=(), dtype=tf.float32, name=None)
  140596227498704: TensorSpec(shape=(1, 1, 1, 1), dtype=tf.float32, name=None)
  140596227499088: TensorSpec(shape=(1, 1, 320, 160), dtype=tf.float32, name=None)
  140596227496592: TensorSpec(shape=(160,), dtype=tf.float32, name=None)
  140596227501584: TensorSpec(shape=(), dtype=tf.resource, name=None)
  140596227501968: TensorSpec(shape=(), dtype=tf.resource, name=None)
  140596227501392: TensorSpec(shape=(40,), dtype=tf.float32, name=None)
  140596227499472: TensorSpec(shape=(40,), dtype=tf.float32, name=None)
  140596227501776: TensorSpec(shape=(), dtype=tf.resource, name=None)
  140596227499856: TensorSpec(shape=(), dtype=tf.resource, name=None)
  140596227499664: TensorSpec(shape=(), dtype=tf.resource, name=None)
  140596227501008: TensorSpec(shape=(40,), dtype=tf.float32, name=None)
  140596227498896: TensorSpec(shape=(40,), dtype=tf.float32, name=None)
  140596227499280: TensorSpec(shape=(40,), dtype=tf.float32, name=None)
  140596227502160: TensorSpec(shape=(), dtype=tf.resource, name=None)
  140596227500432: TensorSpec(shape=(), dtype=tf.resource, name=None)
  140596227502352: TensorSpec(shape=(7, 1, 40, 1), dtype=tf.float32, name=None)
  140596227500048: TensorSpec(shape=(40,), dtype=tf.float32, name=None)
  140596227503312: TensorSpec(shape=(), dtype=tf.resource, name=None)
  140596227500816: TensorSpec(shape=(), dtype=tf.resource, name=None)
  140596227500240: TensorSpec(shape=(40,), dtype=tf.float32, name=None)
  140596227502544: TensorSpec(shape=(), dtype=tf.resource, name=None)
  140596227503504: TensorSpec(shape=(11, 1, 40, 1), dtype=tf.float32, name=None)
  140596227502736: TensorSpec(shape=(5, 1, 40, 1), dtype=tf.float32, name=None)
  140596227500624: TensorSpec(shape=(40,), dtype=tf.float32, name=None)
  140596227502928: TensorSpec(shape=(40,), dtype=tf.float32, name=None)
  140596227505424: TensorSpec(shape=(160,), dtype=tf.float32, name=None)
  140596227505616: TensorSpec(shape=(160,), dtype=tf.float32, name=None)
  140596227505040: TensorSpec(shape=(1, 1, 160, 320), dtype=tf.float32, name=None)
  140596227504464: TensorSpec(shape=(320,), dtype=tf.float32, name=None)
  140596227504848: TensorSpec(shape=(1, 1, 1, 1), dtype=tf.float32, name=None)
  140596227505232: TensorSpec(shape=(1, 1, 1, 1), dtype=tf.float32, name=None)
  140596227506000: TensorSpec(shape=(), dtype=tf.float32, name=None)
  140596227504272: TensorSpec(shape=(1, 1, 1, 1), dtype=tf.float32, name=None)
  140596227504080: TensorSpec(shape=(1, 1, 320, 160), dtype=tf.float32, name=None)
  140596227503888: TensorSpec(shape=(160,), dtype=tf.float32, name=None)
  140595694814992: TensorSpec(shape=(), dtype=tf.resource, name=None)
  140595694815376: TensorSpec(shape=(), dtype=tf.resource, name=None)
  140595694814032: TensorSpec(shape=(40,), dtype=tf.float32, name=None)
  140595694815184: TensorSpec(shape=(40,), dtype=tf.float32, name=None)
  140595694815952: TensorSpec(shape=(), dtype=tf.resource, name=None)
  140595694813456: TensorSpec(shape=(), dtype=tf.resource, name=None)
  140596227505808: TensorSpec(shape=(), dtype=tf.resource, name=None)
  140595694815760: TensorSpec(shape=(40,), dtype=tf.float32, name=None)
  140596227503696: TensorSpec(shape=(40,), dtype=tf.float32, name=None)
  140596227503120: TensorSpec(shape=(40,), dtype=tf.float32, name=None)
  140595694814800: TensorSpec(shape=(), dtype=tf.resource, name=None)
  140595694813840: TensorSpec(shape=(), dtype=tf.resource, name=None)
  140595694814416: TensorSpec(shape=(7, 1, 40, 1), dtype=tf.float32, name=None)
  140595694813648: TensorSpec(shape=(40,), dtype=tf.float32, name=None)
  140595694816720: TensorSpec(shape=(), dtype=tf.resource, name=None)
  140595694814224: TensorSpec(shape=(), dtype=tf.resource, name=None)
  140595694816336: TensorSpec(shape=(40,), dtype=tf.float32, name=None)
  140595694814608: TensorSpec(shape=(), dtype=tf.resource, name=None)
  140595694816912: TensorSpec(shape=(11, 1, 40, 1), dtype=tf.float32, name=None)
  140595694815568: TensorSpec(shape=(5, 1, 40, 1), dtype=tf.float32, name=None)
  140595694813264: TensorSpec(shape=(40,), dtype=tf.float32, name=None)
  140596227504656: TensorSpec(shape=(40,), dtype=tf.float32, name=None)
  140595694818832: TensorSpec(shape=(160,), dtype=tf.float32, name=None)
  140595694819024: TensorSpec(shape=(160,), dtype=tf.float32, name=None)
  140595694818448: TensorSpec(shape=(1, 1, 160, 320), dtype=tf.float32, name=None)
  140595694817872: TensorSpec(shape=(320,), dtype=tf.float32, name=None)
  140595694818256: TensorSpec(shape=(1, 1, 1, 1), dtype=tf.float32, name=None)
  140595694818640: TensorSpec(shape=(1, 1, 1, 1), dtype=tf.float32, name=None)
  140595694819408: TensorSpec(shape=(), dtype=tf.float32, name=None)
  140595694819216: TensorSpec(shape=(1, 1, 1, 1), dtype=tf.float32, name=None)
  140595694819792: TensorSpec(shape=(1, 1, 320, 160), dtype=tf.float32, name=None)
  140595694817104: TensorSpec(shape=(160,), dtype=tf.float32, name=None)
  140595694820944: TensorSpec(shape=(), dtype=tf.resource, name=None)
  140595694820176: TensorSpec(shape=(), dtype=tf.resource, name=None)
  140595694820752: TensorSpec(shape=(40,), dtype=tf.float32, name=None)
  140595694821136: TensorSpec(shape=(40,), dtype=tf.float32, name=None)
  140595694821712: TensorSpec(shape=(), dtype=tf.resource, name=None)
  140595694816528: TensorSpec(shape=(), dtype=tf.resource, name=None)
  140595694817296: TensorSpec(shape=(), dtype=tf.resource, name=None)
  140595694821328: TensorSpec(shape=(40,), dtype=tf.float32, name=None)
  140595694817488: TensorSpec(shape=(40,), dtype=tf.float32, name=None)
  140595694817680: TensorSpec(shape=(40,), dtype=tf.float32, name=None)
  140595694821904: TensorSpec(shape=(), dtype=tf.resource, name=None)
  140595694820368: TensorSpec(shape=(), dtype=tf.resource, name=None)
  140595694822096: TensorSpec(shape=(7, 1, 40, 1), dtype=tf.float32, name=None)
  140595694818064: TensorSpec(shape=(40,), dtype=tf.float32, name=None)
  140595694823056: TensorSpec(shape=(), dtype=tf.resource, name=None)
  140595694820560: TensorSpec(shape=(), dtype=tf.resource, name=None)
  140595694819984: TensorSpec(shape=(40,), dtype=tf.float32, name=None)
  140595694822288: TensorSpec(shape=(), dtype=tf.resource, name=None)
  140595694823248: TensorSpec(shape=(11, 1, 40, 1), dtype=tf.float32, name=None)
  140595694822480: TensorSpec(shape=(5, 1, 40, 1), dtype=tf.float32, name=None)
  140595694819600: TensorSpec(shape=(40,), dtype=tf.float32, name=None)
  140595694822672: TensorSpec(shape=(40,), dtype=tf.float32, name=None)
  140595694825168: TensorSpec(shape=(160,), dtype=tf.float32, name=None)
  140595694825360: TensorSpec(shape=(160,), dtype=tf.float32, name=None)
  140595694824784: TensorSpec(shape=(1, 1, 160, 320), dtype=tf.float32, name=None)
  140595694824208: TensorSpec(shape=(320,), dtype=tf.float32, name=None)
  140595694824592: TensorSpec(shape=(1, 1, 1, 1), dtype=tf.float32, name=None)
  140595694824976: TensorSpec(shape=(1, 1, 1, 1), dtype=tf.float32, name=None)
  140595694823632: TensorSpec(shape=(), dtype=tf.float32, name=None)
  140595694824016: TensorSpec(shape=(1, 1, 1, 1), dtype=tf.float32, name=None)
  140595694824400: TensorSpec(shape=(1, 1, 320, 160), dtype=tf.float32, name=None)
  140595694823824: TensorSpec(shape=(160,), dtype=tf.float32, name=None)
  140595694827856: TensorSpec(shape=(), dtype=tf.resource, name=None)
  140595694827280: TensorSpec(shape=(), dtype=tf.resource, name=None)
  140595694827664: TensorSpec(shape=(40,), dtype=tf.float32, name=None)
  140595694827472: TensorSpec(shape=(40,), dtype=tf.float32, name=None)
  140596227496784: TensorSpec(shape=(), dtype=tf.resource, name=None)
  140595694825936: TensorSpec(shape=(), dtype=tf.resource, name=None)
  140595694823440: TensorSpec(shape=(), dtype=tf.resource, name=None)
  140596412563088: TensorSpec(shape=(40,), dtype=tf.float32, name=None)
  140595694822864: TensorSpec(shape=(40,), dtype=tf.float32, name=None)
  140595694825552: TensorSpec(shape=(40,), dtype=tf.float32, name=None)
  140596227496016: TensorSpec(shape=(), dtype=tf.resource, name=None)
  140595694826512: TensorSpec(shape=(), dtype=tf.resource, name=None)
  140596359754768: TensorSpec(shape=(7, 1, 40, 1), dtype=tf.float32, name=None)
  140595694826128: TensorSpec(shape=(40,), dtype=tf.float32, name=None)
  140595694827088: TensorSpec(shape=(), dtype=tf.resource, name=None)
  140595694826896: TensorSpec(shape=(), dtype=tf.resource, name=None)
  140596359748432: TensorSpec(shape=(40,), dtype=tf.float32, name=None)
  140595694825744: TensorSpec(shape=(), dtype=tf.resource, name=None)
  140595694828432: TensorSpec(shape=(11, 1, 40, 1), dtype=tf.float32, name=None)
  140595694828048: TensorSpec(shape=(5, 1, 40, 1), dtype=tf.float32, name=None)
  140595694826704: TensorSpec(shape=(40,), dtype=tf.float32, name=None)
  140596227496976: TensorSpec(shape=(40,), dtype=tf.float32, name=None)
  140595693830800: TensorSpec(shape=(160,), dtype=tf.float32, name=None)
  140595693830992: TensorSpec(shape=(160,), dtype=tf.float32, name=None)
  140595694829200: TensorSpec(shape=(1, 1, 160, 320), dtype=tf.float32, name=None)
  140595694826320: TensorSpec(shape=(320,), dtype=tf.float32, name=None)
  140595693830416: TensorSpec(shape=(1, 1, 1, 1), dtype=tf.float32, name=None)
  140595693830608: TensorSpec(shape=(1, 1, 1, 1), dtype=tf.float32, name=None)
  140595693831376: TensorSpec(shape=(), dtype=tf.float32, name=None)
  140595693831184: TensorSpec(shape=(1, 1, 1, 1), dtype=tf.float32, name=None)
  140595693831760: TensorSpec(shape=(1, 1, 320, 160), dtype=tf.float32, name=None)
  140595693830224: TensorSpec(shape=(160,), dtype=tf.float32, name=None)
  140595693833488: TensorSpec(shape=(), dtype=tf.resource, name=None)
  140595693832912: TensorSpec(shape=(), dtype=tf.resource, name=None)
  140595693833104: TensorSpec(shape=(40,), dtype=tf.float32, name=None)
  140595693833296: TensorSpec(shape=(40,), dtype=tf.float32, name=None)
  140595693834064: TensorSpec(shape=(), dtype=tf.resource, name=None)
  140595693831568: TensorSpec(shape=(), dtype=tf.resource, name=None)
  140595694828240: TensorSpec(shape=(), dtype=tf.resource, name=None)
  140595693833872: TensorSpec(shape=(40,), dtype=tf.float32, name=None)
  140595694829008: TensorSpec(shape=(40,), dtype=tf.float32, name=None)
  140595694828624: TensorSpec(shape=(40,), dtype=tf.float32, name=None)
  140595693833680: TensorSpec(shape=(), dtype=tf.resource, name=None)
  140595693831952: TensorSpec(shape=(), dtype=tf.resource, name=None)
  140595693832336: TensorSpec(shape=(7, 1, 40, 1), dtype=tf.float32, name=None)
  140595694829392: TensorSpec(shape=(40,), dtype=tf.float32, name=None)
  140595693835024: TensorSpec(shape=(), dtype=tf.resource, name=None)
  140595693832528: TensorSpec(shape=(), dtype=tf.resource, name=None)
  140595693834640: TensorSpec(shape=(40,), dtype=tf.float32, name=None)
  140595693834448: TensorSpec(shape=(), dtype=tf.resource, name=None)
  140595693835216: TensorSpec(shape=(11, 1, 40, 1), dtype=tf.float32, name=None)
  140595693834256: TensorSpec(shape=(5, 1, 40, 1), dtype=tf.float32, name=None)
  140595693832144: TensorSpec(shape=(40,), dtype=tf.float32, name=None)
  140595694828816: TensorSpec(shape=(40,), dtype=tf.float32, name=None)
  140595693837136: TensorSpec(shape=(160,), dtype=tf.float32, name=None)
  140595693837328: TensorSpec(shape=(160,), dtype=tf.float32, name=None)
  140595693836752: TensorSpec(shape=(1, 1, 160, 320), dtype=tf.float32, name=None)
  140595693836176: TensorSpec(shape=(320,), dtype=tf.float32, name=None)
  140595693836560: TensorSpec(shape=(1, 1, 1, 1), dtype=tf.float32, name=None)
  140595693836368: TensorSpec(shape=(1, 1, 1, 1), dtype=tf.float32, name=None)
  140595693836944: TensorSpec(shape=(), dtype=tf.float32, name=None)
  140595693837520: TensorSpec(shape=(1, 1, 1, 1), dtype=tf.float32, name=None)
  140595693837904: TensorSpec(shape=(1, 1, 320, 160), dtype=tf.float32, name=None)
  140595693835408: TensorSpec(shape=(160,), dtype=tf.float32, name=None)
  140595693840592: TensorSpec(shape=(4, 2), dtype=tf.int32, name=None)
  140595693840208: TensorSpec(shape=(4, 2), dtype=tf.int32, name=None)
  140595693840784: TensorSpec(shape=(), dtype=tf.resource, name=None)
  140595693840400: TensorSpec(shape=(), dtype=tf.resource, name=None)
  140595693840976: TensorSpec(shape=(160,), dtype=tf.float32, name=None)
  140595693840016: TensorSpec(shape=(160,), dtype=tf.float32, name=None)
  140595693841168: TensorSpec(shape=(4, 2), dtype=tf.int32, name=None)
  140595693841552: TensorSpec(shape=(), dtype=tf.resource, name=None)
  140595693841936: TensorSpec(shape=(4, 2), dtype=tf.int32, name=None)
  140595693838864: TensorSpec(shape=(160,), dtype=tf.float32, name=None)
  140595693838672: TensorSpec(shape=(4, 2), dtype=tf.int32, name=None)
  140595693841744: TensorSpec(shape=(), dtype=tf.resource, name=None)
  140595693839056: TensorSpec(shape=(), dtype=tf.resource, name=None)
  140595693838288: TensorSpec(shape=(4, 2), dtype=tf.int32, name=None)
  140595693842320: TensorSpec(shape=(4, 2), dtype=tf.int32, name=None)
  140595693839248: TensorSpec(shape=(4, 2), dtype=tf.int32, name=None)
  140595693838480: TensorSpec(shape=(), dtype=tf.resource, name=None)
  140595693842128: TensorSpec(shape=(4, 2), dtype=tf.int32, name=None)
  140595693842512: TensorSpec(shape=(), dtype=tf.resource, name=None)
  140595693839440: TensorSpec(shape=(), dtype=tf.resource, name=None)
  140595693837712: TensorSpec(shape=(160,), dtype=tf.float32, name=None)
  140595693842704: TensorSpec(shape=(), dtype=tf.resource, name=None)
  140595693839632: TensorSpec(shape=(4, 2), dtype=tf.int32, name=None)
  140595693843088: TensorSpec(shape=(4, 2), dtype=tf.int32, name=None)
  140595693839824: TensorSpec(shape=(), dtype=tf.resource, name=None)
  140595693843280: TensorSpec(shape=(), dtype=tf.resource, name=None)
  140595693838096: TensorSpec(shape=(160,), dtype=tf.float32, name=None)
  140595693844816: TensorSpec(shape=(320,), dtype=tf.float32, name=None)
  140595693845008: TensorSpec(shape=(320,), dtype=tf.float32, name=None)
  140595693843856: TensorSpec(shape=(1, 1, 320, 640), dtype=tf.float32, name=None)
  140595693844432: TensorSpec(shape=(640,), dtype=tf.float32, name=None)
  140595693844048: TensorSpec(shape=(1, 1, 1, 1), dtype=tf.float32, name=None)
  140595693844624: TensorSpec(shape=(1, 1, 1, 1), dtype=tf.float32, name=None)
  140595693845392: TensorSpec(shape=(), dtype=tf.float32, name=None)
  140595693845200: TensorSpec(shape=(1, 1, 1, 1), dtype=tf.float32, name=None)
  140595693845776: TensorSpec(shape=(1, 1, 640, 320), dtype=tf.float32, name=None)
  140595693844240: TensorSpec(shape=(320,), dtype=tf.float32, name=None)
I0000 00:00:1777441240.684328     575 devices.cc:67] Number of eligible GPUs (core count >= 8, compute capability >= 0.0): 0
WARNING: All log messages before absl::InitializeLog() is called are written to STDERR
I0000 00:00:1777441240.684871     575 single_machine.cc:374] Starting new session
W0000 00:00:1777441242.642687     575 tf_tfl_flatbuffer_helpers.cc:365] Ignored output_format.
W0000 00:00:1777441242.642885     575 tf_tfl_flatbuffer_helpers.cc:368] Ignored drop_control_dependency.
I0000 00:00:1777441255.371122     575 devices.cc:67] Number of eligible GPUs (core count >= 8, compute capability >= 0.0): 0
I0000 00:00:1777441255.371376     575 single_machine.cc:374] Starting new session
W0000 00:00:1777441257.540754     575 tf_tfl_flatbuffer_helpers.cc:365] Ignored output_format.
W0000 00:00:1777441257.540813     575 tf_tfl_flatbuffer_helpers.cc:368] Ignored drop_control_dependency.
I0000 00:00:1777441258.916267     575 devices.cc:67] Number of eligible GPUs (core count >= 8, compute capability >= 0.0): 0
I0000 00:00:1777441258.917231     575 single_machine.cc:374] Starting new session
W0000 00:00:1777441260.941068     575 tf_tfl_flatbuffer_helpers.cc:365] Ignored output_format.
W0000 00:00:1777441260.941200     575 tf_tfl_flatbuffer_helpers.cc:368] Ignored drop_control_dependency.
W0000 00:00:1777441265.663832     575 tf_tfl_flatbuffer_helpers.cc:365] Ignored output_format.
W0000 00:00:1777441265.663903     575 tf_tfl_flatbuffer_helpers.cc:368] Ignored drop_control_dependency.
I0000 00:00:1777441265.826601     575 mlir_graph_optimization_pass.cc:425] MLIR V1 optimization pass is not enabled
fully_quantize: 0, inference_type: 6, input_inference_type: FLOAT32, output_inference_type: FLOAT32
W0000 00:00:1777441310.868689     575 tf_tfl_flatbuffer_helpers.cc:365] Ignored output_format.
W0000 00:00:1777441310.868768     575 tf_tfl_flatbuffer_helpers.cc:368] Ignored drop_control_dependency.
fully_quantize: 0, inference_type: 6, input_inference_type: INT8, output_inference_type: INT8
W0000 00:00:1777441357.514653     575 tf_tfl_flatbuffer_helpers.cc:365] Ignored output_format.
W0000 00:00:1777441357.514744     575 tf_tfl_flatbuffer_helpers.cc:368] Ignored drop_control_dependency.
W0000 00:00:1777441481.060346     575 tf_tfl_flatbuffer_helpers.cc:365] Ignored output_format.
W0000 00:00:1777441481.062740     575 tf_tfl_flatbuffer_helpers.cc:368] Ignored drop_control_dependency.


[error] [Errno 2] No such file or directory: 'edgetpu_compiler'

[run] edgetpu_compiler -s -a -o . repnext_m5_tanhgelu_sparse_stage2_downsample_512_int8.tflite
Traceback (most recent call last):
  File "/mnt/c/Users/jjw74/Desktop/SNU/SNU 3-2/Creative Integrated Design/repnext-optimization/conversion/convert_tflite.py", line 180, in <module>
    main()
  File "/mnt/c/Users/jjw74/Desktop/SNU/SNU 3-2/Creative Integrated Design/repnext-optimization/conversion/convert_tflite.py", line 175, in main
    compile_edgetpu(args.tflite, ".", args.edgetpu_log, args.compiler)
  File "/mnt/c/Users/jjw74/Desktop/SNU/SNU 3-2/Creative Integrated Design/repnext-optimization/conversion/convert_tflite.py", line 98, in compile_edgetpu
    run(cmd, log_path=log_path)
  File "/mnt/c/Users/jjw74/Desktop/SNU/SNU 3-2/Creative Integrated Design/repnext-optimization/conversion/convert_tflite.py", line 18, in run
    proc = subprocess.run(
           ^^^^^^^^^^^^^^^
  File "/usr/lib/python3.11/subprocess.py", line 548, in run
    with Popen(*popenargs, **kwargs) as process:
         ^^^^^^^^^^^^^^^^^^^^^^^^^^^
  File "/usr/lib/python3.11/subprocess.py", line 1026, in __init__
    self._execute_child(args, executable, preexec_fn, close_fds,
  File "/usr/lib/python3.11/subprocess.py", line 1955, in _execute_child
    raise child_exception_type(errno_num, err_msg, err_filename)
FileNotFoundError: [Errno 2] No such file or directory: 'edgetpu_compiler'
