[onnx] patched kernel_shape on 238 Conv nodes -> repnext_m5_relu_tpu_stage2_downsample_512_simplified_kernelshape.onnx
[run] onnx2tf -i repnext_m5_relu_tpu_stage2_downsample_512_simplified_kernelshape.onnx -o saved_model_repnext_stage2_downsample_512_int8 -dsm -n -oiqt -iqd int8 -oqd int8 -cind input calib_512_5_nhwc_float32.npy [[[[0.485,0.456,0.406]]]] [[[[0.229,0.224,0.225]]]]
WARNING: All log messages before absl::InitializeLog() is called are written to STDERR
E0000 00:00:1776949693.849742     401 cuda_dnn.cc:8579] Unable to register cuDNN factory: Attempting to register factory for plugin cuDNN when one has already been registered
E0000 00:00:1776949693.887940     401 cuda_blas.cc:1407] Unable to register cuBLAS factory: Attempting to register factory for plugin cuBLAS when one has already been registered
W0000 00:00:1776949694.128301     401 computation_placer.cc:177] computation placer already registered. Please check linkage and avoid linking the same target more than once.
W0000 00:00:1776949694.128397     401 computation_placer.cc:177] computation placer already registered. Please check linkage and avoid linking the same target more than once.
W0000 00:00:1776949694.128402     401 computation_placer.cc:177] computation placer already registered. Please check linkage and avoid linking the same target more than once.
W0000 00:00:1776949694.128404     401 computation_placer.cc:177] computation placer already registered. Please check linkage and avoid linking the same target more than once.
[0;93m2026-04-23 22:08:18.619440189 [W:onnxruntime:Default, device_discovery.cc:164 DiscoverDevicesForPlatform] GPU device discovery failed: device_discovery.cc:89 ReadFileContents Failed to open file: "/sys/class/drm/card0/device/vendor"[m
Saved artifact at 'saved_model_repnext_stage2_downsample_512_int8'. The following endpoints are available:

* Endpoint 'serving_default'
  inputs_0 (POSITIONAL_ONLY): TensorSpec(shape=(1, 512, 512, 3), dtype=tf.float32, name='input')
Output Type:
  TensorSpec(shape=(1, 320, 32, 32), dtype=tf.float32, name=None)
Captures:
  140386632008336: TensorSpec(shape=(4, 2), dtype=tf.int32, name=None)
  140386682158544: TensorSpec(shape=(3, 3, 3, 40), dtype=tf.float32, name=None)
  140386632009104: TensorSpec(shape=(40,), dtype=tf.float32, name=None)
  140386632009872: TensorSpec(shape=(4, 2), dtype=tf.int32, name=None)
  140386632010640: TensorSpec(shape=(3, 3, 40, 80), dtype=tf.float32, name=None)
  140386632011216: TensorSpec(shape=(80,), dtype=tf.float32, name=None)
  140386632011024: TensorSpec(shape=(5, 3, 20, 1), dtype=tf.float32, name=None)
  140386632014288: TensorSpec(shape=(7, 7, 20, 1), dtype=tf.float32, name=None)
  140386632008912: TensorSpec(shape=(20,), dtype=tf.float32, name=None)
  140386632014672: TensorSpec(shape=(20,), dtype=tf.float32, name=None)
  140386632014864: TensorSpec(shape=(3, 5, 20, 1), dtype=tf.float32, name=None)
  140386632013520: TensorSpec(shape=(3, 1, 20, 1), dtype=tf.float32, name=None)
  140386632012560: TensorSpec(shape=(3, 3, 20, 1), dtype=tf.float32, name=None)
  140386632015056: TensorSpec(shape=(20,), dtype=tf.float32, name=None)
  140386632013136: TensorSpec(shape=(20,), dtype=tf.float32, name=None)
  140386632011408: TensorSpec(shape=(20,), dtype=tf.float32, name=None)
  140386632014480: TensorSpec(shape=(1, 7, 20, 1), dtype=tf.float32, name=None)
  140386632012752: TensorSpec(shape=(1, 3, 20, 1), dtype=tf.float32, name=None)
  140386632015824: TensorSpec(shape=(7, 1, 20, 1), dtype=tf.float32, name=None)
  140386632013712: TensorSpec(shape=(20,), dtype=tf.float32, name=None)
  140386632016016: TensorSpec(shape=(1, 11, 20, 1), dtype=tf.float32, name=None)
  140386632015632: TensorSpec(shape=(20,), dtype=tf.float32, name=None)
  140386632015440: TensorSpec(shape=(1, 5, 20, 1), dtype=tf.float32, name=None)
  140386632014096: TensorSpec(shape=(2, 2, 20, 1), dtype=tf.float32, name=None)
  140386632015248: TensorSpec(shape=(11, 1, 20, 1), dtype=tf.float32, name=None)
  140386632016592: TensorSpec(shape=(5, 1, 20, 1), dtype=tf.float32, name=None)
  140386632013904: TensorSpec(shape=(20,), dtype=tf.float32, name=None)
  140386632016208: TensorSpec(shape=(20,), dtype=tf.float32, name=None)
  140386632019472: TensorSpec(shape=(80,), dtype=tf.float32, name=None)
  140386632019664: TensorSpec(shape=(80,), dtype=tf.float32, name=None)
  140386632018512: TensorSpec(shape=(1, 1, 80, 160), dtype=tf.float32, name=None)
  140386632018704: TensorSpec(shape=(160,), dtype=tf.float32, name=None)
  140386632018896: TensorSpec(shape=(1, 1, 160, 80), dtype=tf.float32, name=None)
  140386632019088: TensorSpec(shape=(80,), dtype=tf.float32, name=None)
  140386632023888: TensorSpec(shape=(), dtype=tf.resource, name=None)
  140386632023696: TensorSpec(shape=(), dtype=tf.resource, name=None)
  140386632023120: TensorSpec(shape=(20,), dtype=tf.float32, name=None)
  140386632023504: TensorSpec(shape=(20,), dtype=tf.float32, name=None)
  140386576318544: TensorSpec(shape=(), dtype=tf.resource, name=None)
  140386632020816: TensorSpec(shape=(), dtype=tf.resource, name=None)
  140386632018320: TensorSpec(shape=(), dtype=tf.resource, name=None)
  140386632023312: TensorSpec(shape=(20,), dtype=tf.float32, name=None)
  140386632020624: TensorSpec(shape=(20,), dtype=tf.float32, name=None)
  140386632018128: TensorSpec(shape=(20,), dtype=tf.float32, name=None)
  140386576318736: TensorSpec(shape=(), dtype=tf.resource, name=None)
  140386632021776: TensorSpec(shape=(), dtype=tf.resource, name=None)
  140386576319312: TensorSpec(shape=(7, 1, 20, 1), dtype=tf.float32, name=None)
  140386632021584: TensorSpec(shape=(20,), dtype=tf.float32, name=None)
  140386576320656: TensorSpec(shape=(), dtype=tf.resource, name=None)
  140386632022544: TensorSpec(shape=(), dtype=tf.resource, name=None)
  140386576318928: TensorSpec(shape=(20,), dtype=tf.float32, name=None)
  140386576320080: TensorSpec(shape=(), dtype=tf.resource, name=None)
  140386576320464: TensorSpec(shape=(11, 1, 20, 1), dtype=tf.float32, name=None)
  140386576319504: TensorSpec(shape=(5, 1, 20, 1), dtype=tf.float32, name=None)
  140386632022352: TensorSpec(shape=(20,), dtype=tf.float32, name=None)
  140386632017552: TensorSpec(shape=(20,), dtype=tf.float32, name=None)
  140386576322576: TensorSpec(shape=(80,), dtype=tf.float32, name=None)
  140386576321616: TensorSpec(shape=(80,), dtype=tf.float32, name=None)
  140386576322192: TensorSpec(shape=(1, 1, 80, 160), dtype=tf.float32, name=None)
  140386576321424: TensorSpec(shape=(160,), dtype=tf.float32, name=None)
  140386576321808: TensorSpec(shape=(1, 1, 160, 80), dtype=tf.float32, name=None)
  140386576322000: TensorSpec(shape=(80,), dtype=tf.float32, name=None)
  140386576325264: TensorSpec(shape=(), dtype=tf.resource, name=None)
  140386576324880: TensorSpec(shape=(), dtype=tf.resource, name=None)
  140386576324688: TensorSpec(shape=(20,), dtype=tf.float32, name=None)
  140386576325072: TensorSpec(shape=(20,), dtype=tf.float32, name=None)
  140386576325648: TensorSpec(shape=(), dtype=tf.resource, name=None)
  140386576323344: TensorSpec(shape=(), dtype=tf.resource, name=None)
  140386576323152: TensorSpec(shape=(), dtype=tf.resource, name=None)
  140386576325456: TensorSpec(shape=(20,), dtype=tf.float32, name=None)
  140386576322384: TensorSpec(shape=(20,), dtype=tf.float32, name=None)
  140386576322768: TensorSpec(shape=(20,), dtype=tf.float32, name=None)
  140386576324304: TensorSpec(shape=(), dtype=tf.resource, name=None)
  140386576323728: TensorSpec(shape=(), dtype=tf.resource, name=None)
  140386576322960: TensorSpec(shape=(7, 1, 20, 1), dtype=tf.float32, name=None)
  140386576323536: TensorSpec(shape=(20,), dtype=tf.float32, name=None)
  140386576326032: TensorSpec(shape=(), dtype=tf.resource, name=None)
  140386576324112: TensorSpec(shape=(), dtype=tf.resource, name=None)
  140386576321040: TensorSpec(shape=(20,), dtype=tf.float32, name=None)
  140386576319888: TensorSpec(shape=(), dtype=tf.resource, name=None)
  140386576320848: TensorSpec(shape=(11, 1, 20, 1), dtype=tf.float32, name=None)
  140386576325840: TensorSpec(shape=(5, 1, 20, 1), dtype=tf.float32, name=None)
  140386576323920: TensorSpec(shape=(20,), dtype=tf.float32, name=None)
  140386576319120: TensorSpec(shape=(20,), dtype=tf.float32, name=None)
  140386576326608: TensorSpec(shape=(80,), dtype=tf.float32, name=None)
  140386576324496: TensorSpec(shape=(80,), dtype=tf.float32, name=None)
  140386682156624: TensorSpec(shape=(1, 1, 80, 160), dtype=tf.float32, name=None)
  140386682156240: TensorSpec(shape=(160,), dtype=tf.float32, name=None)
  140386682156816: TensorSpec(shape=(1, 1, 160, 80), dtype=tf.float32, name=None)
  140386682156432: TensorSpec(shape=(80,), dtype=tf.float32, name=None)
  140386576327568: TensorSpec(shape=(), dtype=tf.resource, name=None)
  140386576327952: TensorSpec(shape=(), dtype=tf.resource, name=None)
  140386576327376: TensorSpec(shape=(20,), dtype=tf.float32, name=None)
  140386576328144: TensorSpec(shape=(20,), dtype=tf.float32, name=None)
  140386576328336: TensorSpec(shape=(), dtype=tf.resource, name=None)
  140386576321232: TensorSpec(shape=(), dtype=tf.resource, name=None)
  140386632022928: TensorSpec(shape=(), dtype=tf.resource, name=None)
  140386576327760: TensorSpec(shape=(20,), dtype=tf.float32, name=None)
  140386632022736: TensorSpec(shape=(20,), dtype=tf.float32, name=None)
  140386682157008: TensorSpec(shape=(20,), dtype=tf.float32, name=None)
  140386576328528: TensorSpec(shape=(), dtype=tf.resource, name=None)
  140386576326416: TensorSpec(shape=(), dtype=tf.resource, name=None)
  140386576329488: TensorSpec(shape=(7, 1, 20, 1), dtype=tf.float32, name=None)
  140386576326224: TensorSpec(shape=(20,), dtype=tf.float32, name=None)
  140386576328720: TensorSpec(shape=(), dtype=tf.resource, name=None)
  140386576327184: TensorSpec(shape=(), dtype=tf.resource, name=None)
  140386576329296: TensorSpec(shape=(20,), dtype=tf.float32, name=None)
  140386576329104: TensorSpec(shape=(), dtype=tf.resource, name=None)
  140386576330064: TensorSpec(shape=(11, 1, 20, 1), dtype=tf.float32, name=None)
  140386576329680: TensorSpec(shape=(5, 1, 20, 1), dtype=tf.float32, name=None)
  140386576326992: TensorSpec(shape=(20,), dtype=tf.float32, name=None)
  140386682156048: TensorSpec(shape=(20,), dtype=tf.float32, name=None)
  140386576331984: TensorSpec(shape=(80,), dtype=tf.float32, name=None)
  140386576331024: TensorSpec(shape=(80,), dtype=tf.float32, name=None)
  140386576331600: TensorSpec(shape=(1, 1, 80, 160), dtype=tf.float32, name=None)
  140386576330832: TensorSpec(shape=(160,), dtype=tf.float32, name=None)
  140386576331216: TensorSpec(shape=(1, 1, 160, 80), dtype=tf.float32, name=None)
  140386576331408: TensorSpec(shape=(80,), dtype=tf.float32, name=None)
  140386576333904: TensorSpec(shape=(), dtype=tf.resource, name=None)
  140386576333520: TensorSpec(shape=(), dtype=tf.resource, name=None)
  140386576333328: TensorSpec(shape=(20,), dtype=tf.float32, name=None)
  140386576333712: TensorSpec(shape=(20,), dtype=tf.float32, name=None)
  140386576334288: TensorSpec(shape=(), dtype=tf.resource, name=None)
  140386576332752: TensorSpec(shape=(), dtype=tf.resource, name=None)
  140386576332560: TensorSpec(shape=(), dtype=tf.resource, name=None)
  140386576334096: TensorSpec(shape=(20,), dtype=tf.float32, name=None)
  140386576331792: TensorSpec(shape=(20,), dtype=tf.float32, name=None)
  140386576332176: TensorSpec(shape=(20,), dtype=tf.float32, name=None)
  140386576334480: TensorSpec(shape=(), dtype=tf.resource, name=None)
  140386576333136: TensorSpec(shape=(), dtype=tf.resource, name=None)
  140386576332368: TensorSpec(shape=(7, 1, 20, 1), dtype=tf.float32, name=None)
  140386576329872: TensorSpec(shape=(20,), dtype=tf.float32, name=None)
  140386613985360: TensorSpec(shape=(), dtype=tf.resource, name=None)
  140386576330256: TensorSpec(shape=(), dtype=tf.resource, name=None)
  140386613985744: TensorSpec(shape=(20,), dtype=tf.float32, name=None)
  140386613985552: TensorSpec(shape=(), dtype=tf.resource, name=None)
  140386613985936: TensorSpec(shape=(11, 1, 20, 1), dtype=tf.float32, name=None)
  140386613986320: TensorSpec(shape=(5, 1, 20, 1), dtype=tf.float32, name=None)
  140386576330448: TensorSpec(shape=(20,), dtype=tf.float32, name=None)
  140386576328912: TensorSpec(shape=(20,), dtype=tf.float32, name=None)
  140386613988048: TensorSpec(shape=(80,), dtype=tf.float32, name=None)
  140386613987088: TensorSpec(shape=(80,), dtype=tf.float32, name=None)
  140386613987664: TensorSpec(shape=(1, 1, 80, 160), dtype=tf.float32, name=None)
  140386613986896: TensorSpec(shape=(160,), dtype=tf.float32, name=None)
  140386613987280: TensorSpec(shape=(1, 1, 160, 80), dtype=tf.float32, name=None)
  140386613987472: TensorSpec(shape=(80,), dtype=tf.float32, name=None)
  140386613990736: TensorSpec(shape=(), dtype=tf.resource, name=None)
  140386613990352: TensorSpec(shape=(), dtype=tf.resource, name=None)
  140386613990160: TensorSpec(shape=(20,), dtype=tf.float32, name=None)
  140386613990544: TensorSpec(shape=(20,), dtype=tf.float32, name=None)
  140386613988432: TensorSpec(shape=(), dtype=tf.resource, name=None)
  140386613988816: TensorSpec(shape=(), dtype=tf.resource, name=None)
  140386613988624: TensorSpec(shape=(), dtype=tf.resource, name=None)
  140386576334672: TensorSpec(shape=(20,), dtype=tf.float32, name=None)
  140386613987856: TensorSpec(shape=(20,), dtype=tf.float32, name=None)
  140386613988240: TensorSpec(shape=(20,), dtype=tf.float32, name=None)
  140386613991120: TensorSpec(shape=(), dtype=tf.resource, name=None)
  140386613989200: TensorSpec(shape=(), dtype=tf.resource, name=None)
  140386613990928: TensorSpec(shape=(7, 1, 20, 1), dtype=tf.float32, name=None)
  140386613989008: TensorSpec(shape=(20,), dtype=tf.float32, name=None)
  140386613989776: TensorSpec(shape=(), dtype=tf.resource, name=None)
  140386613989584: TensorSpec(shape=(), dtype=tf.resource, name=None)
  140386613986704: TensorSpec(shape=(20,), dtype=tf.float32, name=None)
  140386613986512: TensorSpec(shape=(), dtype=tf.resource, name=None)
  140386613991696: TensorSpec(shape=(11, 1, 20, 1), dtype=tf.float32, name=None)
  140386613991312: TensorSpec(shape=(5, 1, 20, 1), dtype=tf.float32, name=None)
  140386613989392: TensorSpec(shape=(20,), dtype=tf.float32, name=None)
  140386576332944: TensorSpec(shape=(20,), dtype=tf.float32, name=None)
  140386613993616: TensorSpec(shape=(80,), dtype=tf.float32, name=None)
  140386613992656: TensorSpec(shape=(80,), dtype=tf.float32, name=None)
  140386613993232: TensorSpec(shape=(1, 1, 80, 160), dtype=tf.float32, name=None)
  140386613992464: TensorSpec(shape=(160,), dtype=tf.float32, name=None)
  140386613992848: TensorSpec(shape=(1, 1, 160, 80), dtype=tf.float32, name=None)
  140386613993040: TensorSpec(shape=(80,), dtype=tf.float32, name=None)
  140386613995344: TensorSpec(shape=(), dtype=tf.resource, name=None)
  140386613994960: TensorSpec(shape=(), dtype=tf.resource, name=None)
  140386613994768: TensorSpec(shape=(20,), dtype=tf.float32, name=None)
  140386613995152: TensorSpec(shape=(20,), dtype=tf.float32, name=None)
  140386613995728: TensorSpec(shape=(), dtype=tf.resource, name=None)
  140386613992080: TensorSpec(shape=(), dtype=tf.resource, name=None)
  140386613991504: TensorSpec(shape=(), dtype=tf.resource, name=None)
  140386613995536: TensorSpec(shape=(20,), dtype=tf.float32, name=None)
  140386613993424: TensorSpec(shape=(20,), dtype=tf.float32, name=None)
  140386613993808: TensorSpec(shape=(20,), dtype=tf.float32, name=None)
  140386613995920: TensorSpec(shape=(), dtype=tf.resource, name=None)
  140386613989968: TensorSpec(shape=(), dtype=tf.resource, name=None)
  140386613994000: TensorSpec(shape=(7, 1, 20, 1), dtype=tf.float32, name=None)
  140386613991888: TensorSpec(shape=(20,), dtype=tf.float32, name=None)
  140386613996112: TensorSpec(shape=(), dtype=tf.resource, name=None)
  140386613994192: TensorSpec(shape=(), dtype=tf.resource, name=None)
  140386613996688: TensorSpec(shape=(20,), dtype=tf.float32, name=None)
  140386613996496: TensorSpec(shape=(), dtype=tf.resource, name=None)
  140386613996880: TensorSpec(shape=(11, 1, 20, 1), dtype=tf.float32, name=None)
  140386613994576: TensorSpec(shape=(5, 1, 20, 1), dtype=tf.float32, name=None)
  140386613992272: TensorSpec(shape=(20,), dtype=tf.float32, name=None)
  140386613994384: TensorSpec(shape=(20,), dtype=tf.float32, name=None)
  140386613998992: TensorSpec(shape=(80,), dtype=tf.float32, name=None)
  140386613998032: TensorSpec(shape=(80,), dtype=tf.float32, name=None)
  140386613998608: TensorSpec(shape=(1, 1, 80, 160), dtype=tf.float32, name=None)
  140386613997840: TensorSpec(shape=(160,), dtype=tf.float32, name=None)
  140386613998224: TensorSpec(shape=(1, 1, 160, 80), dtype=tf.float32, name=None)
  140386613998416: TensorSpec(shape=(80,), dtype=tf.float32, name=None)
  140386613999952: TensorSpec(shape=(4, 2), dtype=tf.int32, name=None)
  140386613997456: TensorSpec(shape=(4, 2), dtype=tf.int32, name=None)
  140386614000528: TensorSpec(shape=(), dtype=tf.resource, name=None)
  140386613997264: TensorSpec(shape=(), dtype=tf.resource, name=None)
  140386614000720: TensorSpec(shape=(80,), dtype=tf.float32, name=None)
  140386613996304: TensorSpec(shape=(80,), dtype=tf.float32, name=None)
  140386614000912: TensorSpec(shape=(4, 2), dtype=tf.int32, name=None)
  140386614001104: TensorSpec(shape=(), dtype=tf.resource, name=None)
  140386614001488: TensorSpec(shape=(4, 2), dtype=tf.int32, name=None)
  140386614001296: TensorSpec(shape=(80,), dtype=tf.float32, name=None)
  140386613999760: TensorSpec(shape=(4, 2), dtype=tf.int32, name=None)
  140386312372496: TensorSpec(shape=(), dtype=tf.resource, name=None)
  140386614000144: TensorSpec(shape=(), dtype=tf.resource, name=None)
  140386613999376: TensorSpec(shape=(4, 2), dtype=tf.int32, name=None)
  140386312372304: TensorSpec(shape=(4, 2), dtype=tf.int32, name=None)
  140386312373072: TensorSpec(shape=(4, 2), dtype=tf.int32, name=None)
  140386613999568: TensorSpec(shape=(), dtype=tf.resource, name=None)
  140386312372688: TensorSpec(shape=(4, 2), dtype=tf.int32, name=None)
  140386312373456: TensorSpec(shape=(), dtype=tf.resource, name=None)
  140386312373264: TensorSpec(shape=(), dtype=tf.resource, name=None)
  140386613998800: TensorSpec(shape=(80,), dtype=tf.float32, name=None)
  140386312372880: TensorSpec(shape=(), dtype=tf.resource, name=None)
  140386312373840: TensorSpec(shape=(4, 2), dtype=tf.int32, name=None)
  140386613997072: TensorSpec(shape=(), dtype=tf.resource, name=None)
  140386312374032: TensorSpec(shape=(), dtype=tf.resource, name=None)
  140386614000336: TensorSpec(shape=(80,), dtype=tf.float32, name=None)
  140386312375568: TensorSpec(shape=(160,), dtype=tf.float32, name=None)
  140386312375760: TensorSpec(shape=(160,), dtype=tf.float32, name=None)
  140386312374608: TensorSpec(shape=(1, 1, 160, 320), dtype=tf.float32, name=None)
  140386312374992: TensorSpec(shape=(320,), dtype=tf.float32, name=None)
  140386613999184: TensorSpec(shape=(1, 1, 320, 160), dtype=tf.float32, name=None)
  140386312374800: TensorSpec(shape=(160,), dtype=tf.float32, name=None)
  140386312378064: TensorSpec(shape=(), dtype=tf.resource, name=None)
  140386312377680: TensorSpec(shape=(), dtype=tf.resource, name=None)
  140386312377488: TensorSpec(shape=(40,), dtype=tf.float32, name=None)
  140386312377872: TensorSpec(shape=(40,), dtype=tf.float32, name=None)
  140386312378448: TensorSpec(shape=(), dtype=tf.resource, name=None)
  140386312376144: TensorSpec(shape=(), dtype=tf.resource, name=None)
  140386312375376: TensorSpec(shape=(), dtype=tf.resource, name=None)
  140386312378256: TensorSpec(shape=(40,), dtype=tf.float32, name=None)
  140386312374416: TensorSpec(shape=(40,), dtype=tf.float32, name=None)
  140386312375952: TensorSpec(shape=(40,), dtype=tf.float32, name=None)
  140386312377104: TensorSpec(shape=(), dtype=tf.resource, name=None)
  140386312376528: TensorSpec(shape=(), dtype=tf.resource, name=None)
  140386312375184: TensorSpec(shape=(7, 1, 40, 1), dtype=tf.float32, name=None)
  140386312376336: TensorSpec(shape=(40,), dtype=tf.float32, name=None)
  140386312378832: TensorSpec(shape=(), dtype=tf.resource, name=None)
  140386312376912: TensorSpec(shape=(), dtype=tf.resource, name=None)
  140386312373648: TensorSpec(shape=(40,), dtype=tf.float32, name=None)
  140386312374224: TensorSpec(shape=(), dtype=tf.resource, name=None)
  140386312378640: TensorSpec(shape=(11, 1, 40, 1), dtype=tf.float32, name=None)
  140386312379216: TensorSpec(shape=(5, 1, 40, 1), dtype=tf.float32, name=None)
  140386312376720: TensorSpec(shape=(40,), dtype=tf.float32, name=None)
  140386312379024: TensorSpec(shape=(40,), dtype=tf.float32, name=None)
  140386312381328: TensorSpec(shape=(160,), dtype=tf.float32, name=None)
  140386312381520: TensorSpec(shape=(160,), dtype=tf.float32, name=None)
  140386312380368: TensorSpec(shape=(1, 1, 160, 320), dtype=tf.float32, name=None)
  140386312380752: TensorSpec(shape=(320,), dtype=tf.float32, name=None)
  140386312379408: TensorSpec(shape=(1, 1, 320, 160), dtype=tf.float32, name=None)
  140386312380560: TensorSpec(shape=(160,), dtype=tf.float32, name=None)
  140386312383824: TensorSpec(shape=(), dtype=tf.resource, name=None)
  140386312383440: TensorSpec(shape=(), dtype=tf.resource, name=None)
  140386312383248: TensorSpec(shape=(40,), dtype=tf.float32, name=None)
  140386312383632: TensorSpec(shape=(40,), dtype=tf.float32, name=None)
  140386312384208: TensorSpec(shape=(), dtype=tf.resource, name=None)
  140386312381904: TensorSpec(shape=(), dtype=tf.resource, name=None)
  140386312381136: TensorSpec(shape=(), dtype=tf.resource, name=None)
  140386312384016: TensorSpec(shape=(40,), dtype=tf.float32, name=None)
  140386312380944: TensorSpec(shape=(40,), dtype=tf.float32, name=None)
  140386312379600: TensorSpec(shape=(40,), dtype=tf.float32, name=None)
  140386312382864: TensorSpec(shape=(), dtype=tf.resource, name=None)
  140386312382288: TensorSpec(shape=(), dtype=tf.resource, name=None)
  140386312381712: TensorSpec(shape=(7, 1, 40, 1), dtype=tf.float32, name=None)
  140386312382096: TensorSpec(shape=(40,), dtype=tf.float32, name=None)
  140386312384592: TensorSpec(shape=(), dtype=tf.resource, name=None)
  140386312382672: TensorSpec(shape=(), dtype=tf.resource, name=None)
  140386312379792: TensorSpec(shape=(40,), dtype=tf.float32, name=None)
  140386312380176: TensorSpec(shape=(), dtype=tf.resource, name=None)
  140386312384400: TensorSpec(shape=(11, 1, 40, 1), dtype=tf.float32, name=None)
  140386312384976: TensorSpec(shape=(5, 1, 40, 1), dtype=tf.float32, name=None)
  140386312382480: TensorSpec(shape=(40,), dtype=tf.float32, name=None)
  140386312384784: TensorSpec(shape=(40,), dtype=tf.float32, name=None)
  140386312387088: TensorSpec(shape=(160,), dtype=tf.float32, name=None)
  140386312387280: TensorSpec(shape=(160,), dtype=tf.float32, name=None)
  140386312386128: TensorSpec(shape=(1, 1, 160, 320), dtype=tf.float32, name=None)
  140386312386512: TensorSpec(shape=(320,), dtype=tf.float32, name=None)
  140386312385168: TensorSpec(shape=(1, 1, 320, 160), dtype=tf.float32, name=None)
  140386312386320: TensorSpec(shape=(160,), dtype=tf.float32, name=None)
  140386309456720: TensorSpec(shape=(), dtype=tf.resource, name=None)
  140386309456912: TensorSpec(shape=(), dtype=tf.resource, name=None)
  140386309457104: TensorSpec(shape=(40,), dtype=tf.float32, name=None)
  140386312388432: TensorSpec(shape=(40,), dtype=tf.float32, name=None)
  140386309457488: TensorSpec(shape=(), dtype=tf.resource, name=None)
  140386312387664: TensorSpec(shape=(), dtype=tf.resource, name=None)
  140386312386896: TensorSpec(shape=(), dtype=tf.resource, name=None)
  140386309457296: TensorSpec(shape=(40,), dtype=tf.float32, name=None)
  140386312386704: TensorSpec(shape=(40,), dtype=tf.float32, name=None)
  140386312385360: TensorSpec(shape=(40,), dtype=tf.float32, name=None)
  140386312385552: TensorSpec(shape=(), dtype=tf.resource, name=None)
  140386312388048: TensorSpec(shape=(), dtype=tf.resource, name=None)
  140386309456336: TensorSpec(shape=(7, 1, 40, 1), dtype=tf.float32, name=None)
  140386312387856: TensorSpec(shape=(40,), dtype=tf.float32, name=None)
  140386309457872: TensorSpec(shape=(), dtype=tf.resource, name=None)
  140386309455952: TensorSpec(shape=(), dtype=tf.resource, name=None)
  140386309456144: TensorSpec(shape=(40,), dtype=tf.float32, name=None)
  140386309456528: TensorSpec(shape=(), dtype=tf.resource, name=None)
  140386309458256: TensorSpec(shape=(11, 1, 40, 1), dtype=tf.float32, name=None)
  140386309457680: TensorSpec(shape=(5, 1, 40, 1), dtype=tf.float32, name=None)
  140386312388240: TensorSpec(shape=(40,), dtype=tf.float32, name=None)
  140386312387472: TensorSpec(shape=(40,), dtype=tf.float32, name=None)
  140386309460176: TensorSpec(shape=(160,), dtype=tf.float32, name=None)
  140386309460368: TensorSpec(shape=(160,), dtype=tf.float32, name=None)
  140386309459216: TensorSpec(shape=(1, 1, 160, 320), dtype=tf.float32, name=None)
  140386309459600: TensorSpec(shape=(320,), dtype=tf.float32, name=None)
  140386309458064: TensorSpec(shape=(1, 1, 320, 160), dtype=tf.float32, name=None)
  140386309459408: TensorSpec(shape=(160,), dtype=tf.float32, name=None)
  140386309462480: TensorSpec(shape=(), dtype=tf.resource, name=None)
  140386309461712: TensorSpec(shape=(), dtype=tf.resource, name=None)
  140386309462864: TensorSpec(shape=(40,), dtype=tf.float32, name=None)
  140386309462672: TensorSpec(shape=(40,), dtype=tf.float32, name=None)
  140386309463248: TensorSpec(shape=(), dtype=tf.resource, name=None)
  140386309460752: TensorSpec(shape=(), dtype=tf.resource, name=None)
  140386309459984: TensorSpec(shape=(), dtype=tf.resource, name=None)
  140386309463056: TensorSpec(shape=(40,), dtype=tf.float32, name=None)
  140386309459792: TensorSpec(shape=(40,), dtype=tf.float32, name=None)
  140386309458448: TensorSpec(shape=(40,), dtype=tf.float32, name=None)
  140386309462288: TensorSpec(shape=(), dtype=tf.resource, name=None)
  140386309461136: TensorSpec(shape=(), dtype=tf.resource, name=None)
  140386309460560: TensorSpec(shape=(7, 1, 40, 1), dtype=tf.float32, name=None)
  140386309460944: TensorSpec(shape=(40,), dtype=tf.float32, name=None)
  140386576330640: TensorSpec(shape=(), dtype=tf.resource, name=None)
  140386309461520: TensorSpec(shape=(), dtype=tf.resource, name=None)
  140386613986128: TensorSpec(shape=(40,), dtype=tf.float32, name=None)
  140386613997648: TensorSpec(shape=(), dtype=tf.resource, name=None)
  140386309458832: TensorSpec(shape=(11, 1, 40, 1), dtype=tf.float32, name=None)
  140386309461904: TensorSpec(shape=(5, 1, 40, 1), dtype=tf.float32, name=None)
  140386309461328: TensorSpec(shape=(40,), dtype=tf.float32, name=None)
  140386632019856: TensorSpec(shape=(40,), dtype=tf.float32, name=None)
  140386309464592: TensorSpec(shape=(160,), dtype=tf.float32, name=None)
  140386309464784: TensorSpec(shape=(160,), dtype=tf.float32, name=None)
  140386309463440: TensorSpec(shape=(1, 1, 160, 320), dtype=tf.float32, name=None)
  140386309464016: TensorSpec(shape=(320,), dtype=tf.float32, name=None)
  140386576326800: TensorSpec(shape=(1, 1, 320, 160), dtype=tf.float32, name=None)
  140386309464208: TensorSpec(shape=(160,), dtype=tf.float32, name=None)
  140386309466128: TensorSpec(shape=(), dtype=tf.resource, name=None)
  140386309466704: TensorSpec(shape=(), dtype=tf.resource, name=None)
  140386309466512: TensorSpec(shape=(40,), dtype=tf.float32, name=None)
  140386309466896: TensorSpec(shape=(40,), dtype=tf.float32, name=None)
  140386309458640: TensorSpec(shape=(), dtype=tf.resource, name=None)
  140386309465168: TensorSpec(shape=(), dtype=tf.resource, name=None)
  140386309464400: TensorSpec(shape=(), dtype=tf.resource, name=None)
  140386309466320: TensorSpec(shape=(40,), dtype=tf.float32, name=None)
  140386309463824: TensorSpec(shape=(40,), dtype=tf.float32, name=None)
  140386309462096: TensorSpec(shape=(40,), dtype=tf.float32, name=None)
  140386309459024: TensorSpec(shape=(), dtype=tf.resource, name=None)
  140386309465552: TensorSpec(shape=(), dtype=tf.resource, name=None)
  140386309464976: TensorSpec(shape=(7, 1, 40, 1), dtype=tf.float32, name=None)
  140386309465360: TensorSpec(shape=(40,), dtype=tf.float32, name=None)
  140386309467088: TensorSpec(shape=(), dtype=tf.resource, name=None)
  140386309465936: TensorSpec(shape=(), dtype=tf.resource, name=None)
  140386309467664: TensorSpec(shape=(40,), dtype=tf.float32, name=None)
  140386309467472: TensorSpec(shape=(), dtype=tf.resource, name=None)
  140386309467856: TensorSpec(shape=(11, 1, 40, 1), dtype=tf.float32, name=None)
  140386309468240: TensorSpec(shape=(5, 1, 40, 1), dtype=tf.float32, name=None)
  140386309465744: TensorSpec(shape=(40,), dtype=tf.float32, name=None)
  140386309468048: TensorSpec(shape=(40,), dtype=tf.float32, name=None)
  140386309470352: TensorSpec(shape=(160,), dtype=tf.float32, name=None)
  140386309470544: TensorSpec(shape=(160,), dtype=tf.float32, name=None)
  140386309469392: TensorSpec(shape=(1, 1, 160, 320), dtype=tf.float32, name=None)
  140386309469776: TensorSpec(shape=(320,), dtype=tf.float32, name=None)
  140386309469968: TensorSpec(shape=(1, 1, 320, 160), dtype=tf.float32, name=None)
  140386309469584: TensorSpec(shape=(160,), dtype=tf.float32, name=None)
  140385725923984: TensorSpec(shape=(), dtype=tf.resource, name=None)
  140385725923600: TensorSpec(shape=(), dtype=tf.resource, name=None)
  140385725923408: TensorSpec(shape=(40,), dtype=tf.float32, name=None)
  140385725923792: TensorSpec(shape=(40,), dtype=tf.float32, name=None)
  140386309471888: TensorSpec(shape=(), dtype=tf.resource, name=None)
  140386309470928: TensorSpec(shape=(), dtype=tf.resource, name=None)
  140386309470160: TensorSpec(shape=(), dtype=tf.resource, name=None)
  140386309472080: TensorSpec(shape=(40,), dtype=tf.float32, name=None)
  140386309468624: TensorSpec(shape=(40,), dtype=tf.float32, name=None)
  140386309468432: TensorSpec(shape=(40,), dtype=tf.float32, name=None)
  140386309469200: TensorSpec(shape=(), dtype=tf.resource, name=None)
  140386309471312: TensorSpec(shape=(), dtype=tf.resource, name=None)
  140385725924560: TensorSpec(shape=(7, 1, 40, 1), dtype=tf.float32, name=None)
  140386309471120: TensorSpec(shape=(40,), dtype=tf.float32, name=None)
  140385725924176: TensorSpec(shape=(), dtype=tf.resource, name=None)
  140386309471696: TensorSpec(shape=(), dtype=tf.resource, name=None)
  140386309468816: TensorSpec(shape=(40,), dtype=tf.float32, name=None)
  140385725924368: TensorSpec(shape=(), dtype=tf.resource, name=None)
  140385725925136: TensorSpec(shape=(11, 1, 40, 1), dtype=tf.float32, name=None)
  140385725924752: TensorSpec(shape=(5, 1, 40, 1), dtype=tf.float32, name=None)
  140386309471504: TensorSpec(shape=(40,), dtype=tf.float32, name=None)
  140386309470736: TensorSpec(shape=(40,), dtype=tf.float32, name=None)
  140385725927056: TensorSpec(shape=(160,), dtype=tf.float32, name=None)
  140385725927248: TensorSpec(shape=(160,), dtype=tf.float32, name=None)
  140385725926096: TensorSpec(shape=(1, 1, 160, 320), dtype=tf.float32, name=None)
  140385725926480: TensorSpec(shape=(320,), dtype=tf.float32, name=None)
  140385725926672: TensorSpec(shape=(1, 1, 320, 160), dtype=tf.float32, name=None)
  140385725926288: TensorSpec(shape=(160,), dtype=tf.float32, name=None)
  140385725929552: TensorSpec(shape=(), dtype=tf.resource, name=None)
  140385725929168: TensorSpec(shape=(), dtype=tf.resource, name=None)
  140385725928976: TensorSpec(shape=(40,), dtype=tf.float32, name=None)
  140385725929360: TensorSpec(shape=(40,), dtype=tf.float32, name=None)
  140385725929936: TensorSpec(shape=(), dtype=tf.resource, name=None)
  140385725927632: TensorSpec(shape=(), dtype=tf.resource, name=None)
  140385725926864: TensorSpec(shape=(), dtype=tf.resource, name=None)
  140385725928592: TensorSpec(shape=(40,), dtype=tf.float32, name=None)
  140385725925328: TensorSpec(shape=(40,), dtype=tf.float32, name=None)
  140385725924944: TensorSpec(shape=(40,), dtype=tf.float32, name=None)
  140385725928784: TensorSpec(shape=(), dtype=tf.resource, name=None)
  140385725928016: TensorSpec(shape=(), dtype=tf.resource, name=None)
  140385725927440: TensorSpec(shape=(7, 1, 40, 1), dtype=tf.float32, name=None)
  140385725927824: TensorSpec(shape=(40,), dtype=tf.float32, name=None)
  140385725925904: TensorSpec(shape=(), dtype=tf.resource, name=None)
  140385725928400: TensorSpec(shape=(), dtype=tf.resource, name=None)
  140385725929744: TensorSpec(shape=(40,), dtype=tf.float32, name=None)
  140385725925712: TensorSpec(shape=(), dtype=tf.resource, name=None)
  140385725930128: TensorSpec(shape=(11, 1, 40, 1), dtype=tf.float32, name=None)
  140385725930512: TensorSpec(shape=(5, 1, 40, 1), dtype=tf.float32, name=None)
  140385725928208: TensorSpec(shape=(40,), dtype=tf.float32, name=None)
  140385725930320: TensorSpec(shape=(40,), dtype=tf.float32, name=None)
  140385725932624: TensorSpec(shape=(160,), dtype=tf.float32, name=None)
  140385725932816: TensorSpec(shape=(160,), dtype=tf.float32, name=None)
  140385725931664: TensorSpec(shape=(1, 1, 160, 320), dtype=tf.float32, name=None)
  140385725932048: TensorSpec(shape=(320,), dtype=tf.float32, name=None)
  140385725932240: TensorSpec(shape=(1, 1, 320, 160), dtype=tf.float32, name=None)
  140385725931856: TensorSpec(shape=(160,), dtype=tf.float32, name=None)
  140385725934544: TensorSpec(shape=(4, 2), dtype=tf.int32, name=None)
  140385725933968: TensorSpec(shape=(4, 2), dtype=tf.int32, name=None)
  140385725934736: TensorSpec(shape=(), dtype=tf.resource, name=None)
  140385725934160: TensorSpec(shape=(), dtype=tf.resource, name=None)
  140385725934928: TensorSpec(shape=(160,), dtype=tf.float32, name=None)
  140385725934352: TensorSpec(shape=(160,), dtype=tf.float32, name=None)
  140385725935120: TensorSpec(shape=(4, 2), dtype=tf.int32, name=None)
  140385725931472: TensorSpec(shape=(), dtype=tf.resource, name=None)
  140385725931088: TensorSpec(shape=(4, 2), dtype=tf.int32, name=None)
  140385725935504: TensorSpec(shape=(160,), dtype=tf.float32, name=None)
  140385725933200: TensorSpec(shape=(4, 2), dtype=tf.int32, name=None)
  140385725935312: TensorSpec(shape=(), dtype=tf.resource, name=None)
  140385725933584: TensorSpec(shape=(), dtype=tf.resource, name=None)
  140385725933008: TensorSpec(shape=(4, 2), dtype=tf.int32, name=None)
  140385725936464: TensorSpec(shape=(4, 2), dtype=tf.int32, name=None)
  140385725936080: TensorSpec(shape=(4, 2), dtype=tf.int32, name=None)
  140385725932432: TensorSpec(shape=(), dtype=tf.resource, name=None)
  140385725935696: TensorSpec(shape=(4, 2), dtype=tf.int32, name=None)
  140385725930704: TensorSpec(shape=(), dtype=tf.resource, name=None)
  140385725936272: TensorSpec(shape=(), dtype=tf.resource, name=None)
  140385725930896: TensorSpec(shape=(160,), dtype=tf.float32, name=None)
  140385725935888: TensorSpec(shape=(), dtype=tf.resource, name=None)
  140385725936848: TensorSpec(shape=(4, 2), dtype=tf.int32, name=None)
  140385725933392: TensorSpec(shape=(), dtype=tf.resource, name=None)
  140385725937040: TensorSpec(shape=(), dtype=tf.resource, name=None)
  140385725933776: TensorSpec(shape=(160,), dtype=tf.float32, name=None)
  140385725938576: TensorSpec(shape=(320,), dtype=tf.float32, name=None)
  140385725938768: TensorSpec(shape=(320,), dtype=tf.float32, name=None)
  140385725937616: TensorSpec(shape=(1, 1, 320, 640), dtype=tf.float32, name=None)
  140385725938000: TensorSpec(shape=(640,), dtype=tf.float32, name=None)
  140385725931280: TensorSpec(shape=(1, 1, 640, 320), dtype=tf.float32, name=None)
  140385725937808: TensorSpec(shape=(320,), dtype=tf.float32, name=None)
I0000 00:00:1776949735.748285     401 devices.cc:67] Number of eligible GPUs (core count >= 8, compute capability >= 0.0): 0
WARNING: All log messages before absl::InitializeLog() is called are written to STDERR
I0000 00:00:1776949735.748626     401 single_machine.cc:374] Starting new session
W0000 00:00:1776949738.103694     401 tf_tfl_flatbuffer_helpers.cc:365] Ignored output_format.
W0000 00:00:1776949738.103759     401 tf_tfl_flatbuffer_helpers.cc:368] Ignored drop_control_dependency.
I0000 00:00:1776949751.461877     401 devices.cc:67] Number of eligible GPUs (core count >= 8, compute capability >= 0.0): 0
I0000 00:00:1776949751.462157     401 single_machine.cc:374] Starting new session
W0000 00:00:1776949753.543291     401 tf_tfl_flatbuffer_helpers.cc:365] Ignored output_format.
W0000 00:00:1776949753.543376     401 tf_tfl_flatbuffer_helpers.cc:368] Ignored drop_control_dependency.
I0000 00:00:1776949755.069500     401 devices.cc:67] Number of eligible GPUs (core count >= 8, compute capability >= 0.0): 0
I0000 00:00:1776949755.069804     401 single_machine.cc:374] Starting new session
W0000 00:00:1776949757.656059     401 tf_tfl_flatbuffer_helpers.cc:365] Ignored output_format.
W0000 00:00:1776949757.656117     401 tf_tfl_flatbuffer_helpers.cc:368] Ignored drop_control_dependency.
W0000 00:00:1776949762.668674     401 tf_tfl_flatbuffer_helpers.cc:365] Ignored output_format.
W0000 00:00:1776949762.668760     401 tf_tfl_flatbuffer_helpers.cc:368] Ignored drop_control_dependency.
I0000 00:00:1776949762.879417     401 mlir_graph_optimization_pass.cc:425] MLIR V1 optimization pass is not enabled
fully_quantize: 0, inference_type: 6, input_inference_type: FLOAT32, output_inference_type: FLOAT32
W0000 00:00:1776949794.241658     401 tf_tfl_flatbuffer_helpers.cc:365] Ignored output_format.
W0000 00:00:1776949794.241729     401 tf_tfl_flatbuffer_helpers.cc:368] Ignored drop_control_dependency.
fully_quantize: 0, inference_type: 6, input_inference_type: INT8, output_inference_type: INT8
W0000 00:00:1776949825.542351     401 tf_tfl_flatbuffer_helpers.cc:365] Ignored output_format.
W0000 00:00:1776949825.542426     401 tf_tfl_flatbuffer_helpers.cc:368] Ignored drop_control_dependency.
W0000 00:00:1776949882.607214     401 tf_tfl_flatbuffer_helpers.cc:365] Ignored output_format.
W0000 00:00:1776949882.607288     401 tf_tfl_flatbuffer_helpers.cc:368] Ignored drop_control_dependency.



