Edge TPU Compiler version 16.0.384591198
Started a compilation timeout timer of 180 seconds.

Model compiled successfully in 62283 ms.

Input model: artifacts/full_repnext/repnext_m5_tanhgelu_real_full_96_logits_full_integer_quant_dwpatched.tflite
Input size: 27.74MiB
Output model: artifacts/full_repnext/repnext_m5_tanhgelu_real_full_96_logits_full_integer_quant_dwpatched_edgetpu.tflite
Output size: 40.88MiB
On-chip memory used for caching model parameters: 7.59MiB
On-chip memory remaining for caching model parameters: 0.00B
Off-chip memory used for streaming uncached model parameters: 22.67MiB
Number of Edge TPU subgraphs: 1
Total number of operations: 2519
Operation log: artifacts/full_repnext/repnext_m5_tanhgelu_real_full_96_logits_full_integer_quant_dwpatched_edgetpu.log

Operator                       Count      Status

ADD                            599        Mapped to Edge TPU
TRANSPOSE                      414        Mapped to Edge TPU
MUL                            330        Mapped to Edge TPU
CONV_2D                        126        Mapped to Edge TPU
RESIZE_BILINEAR                6          Mapped to Edge TPU
RESIZE_NEAREST_NEIGHBOR        3          Mapped to Edge TPU
DEPTHWISE_CONV_2D              696        Mapped to Edge TPU
PAD                            32         Mapped to Edge TPU
CONCATENATION                  54         Mapped to Edge TPU
TANH                           55         Mapped to Edge TPU
STRIDED_SLICE                  204        Mapped to Edge TPU
Compilation child process completed within timeout period.
Compilation succeeded! 
