Edge TPU Compiler version 16.0.384591198
Warning: For the given model, you're creating more segmentsthan is necessary, which can increase inference latency.We instead recommend num_segments = 1
Started a compilation timeout timer of 180 seconds.

Model compiled successfully in 861 ms.

Input model: logs/iter5_concatfold_n2/repnext_stage2_int8_dwpatched_concatfold_segment_0_of_2.tflite
Input size: 1.06MiB
Output model: logs/iter5_concatfold_n2/repnext_stage2_int8_dwpatched_concatfold_segment_0_of_2_edgetpu.tflite
Output size: 1.29MiB
On-chip memory used for caching model parameters: 103.75KiB
On-chip memory remaining for caching model parameters: 6.30MiB
Off-chip memory used for streaming uncached model parameters: 2.50KiB
Number of Edge TPU subgraphs: 1
Total number of operations: 412
Operation log: logs/iter5_concatfold_n2/repnext_stage2_int8_dwpatched_concatfold_segment_0_of_2_edgetpu.log

Model successfully compiled but not all operations are supported by the Edge TPU. A percentage of the model will instead run on the CPU, which is slower. If possible, consider updating your model to use only operations supported by the Edge TPU. For details, visit g.co/coral/model-reqs.
Number of operations that will run on Edge TPU: 31
Number of operations that will run on CPU: 381

Operator                       Count      Status

CONV_2D                        4          Mapped to Edge TPU
CONV_2D                        21         More than one subgraph is not supported
MUL                            11         More than one subgraph is not supported
MUL                            1          Mapped to Edge TPU
DEPTHWISE_CONV_2D              13         Mapped to Edge TPU
DEPTHWISE_CONV_2D              141        More than one subgraph is not supported
TRANSPOSE                      80         Operation is otherwise supported, but not mapped due to some unspecified limitation
CONCATENATION                  11         More than one subgraph is not supported
CONCATENATION                  1          Mapped to Edge TPU
PAD                            2          Mapped to Edge TPU
PAD                            10         More than one subgraph is not supported
SPLIT                          1          Mapped to Edge TPU
SPLIT                          10         More than one subgraph is not supported
ADD                            9          Mapped to Edge TPU
ADD                            97         More than one subgraph is not supported
Compilation child process completed within timeout period.
Compilation succeeded! 
Started a compilation timeout timer of 180 seconds.

Model compiled successfully in 119 ms.

Input model: logs/iter5_concatfold_n2/repnext_stage2_int8_dwpatched_concatfold_segment_1_of_2.tflite
Input size: 995.75KiB
Output model: logs/iter5_concatfold_n2/repnext_stage2_int8_dwpatched_concatfold_segment_1_of_2_edgetpu.tflite
Output size: 1.01MiB
On-chip memory used for caching model parameters: 62.25KiB
On-chip memory remaining for caching model parameters: 7.29MiB
Off-chip memory used for streaming uncached model parameters: 0.00B
Number of Edge TPU subgraphs: 1
Total number of operations: 141
Operation log: logs/iter5_concatfold_n2/repnext_stage2_int8_dwpatched_concatfold_segment_1_of_2_edgetpu.log

Model successfully compiled but not all operations are supported by the Edge TPU. A percentage of the model will instead run on the CPU, which is slower. If possible, consider updating your model to use only operations supported by the Edge TPU. For details, visit g.co/coral/model-reqs.
Number of operations that will run on Edge TPU: 2
Number of operations that will run on CPU: 139

Operator                       Count      Status

PAD                            10         More than one subgraph is not supported
CONCATENATION                  4          More than one subgraph is not supported
SPLIT                          3          More than one subgraph is not supported
ADD                            1          Mapped to Edge TPU
ADD                            35         More than one subgraph is not supported
CONV_2D                        8          More than one subgraph is not supported
CONV_2D                        1          Mapped to Edge TPU
MUL                            4          More than one subgraph is not supported
DEPTHWISE_CONV_2D              50         More than one subgraph is not supported
TRANSPOSE                      25         Operation is otherwise supported, but not mapped due to some unspecified limitation
Compilation child process completed within timeout period.
Compilation succeeded! 
