Edge TPU Compiler version 16.0.384591198
Started a compilation timeout timer of 180 seconds.

Model compiled successfully in 7299 ms.

Input model: logs/repnext_stage2_int8_dwpatched_concatfold.tflite
Input size: 2.02MiB
Output model: logs/iter5_concatfold_a/repnext_stage2_int8_dwpatched_concatfold_edgetpu.tflite
Output size: 5.07MiB
On-chip memory used for caching model parameters: 2.07MiB
On-chip memory remaining for caching model parameters: 3.54MiB
Off-chip memory used for streaming uncached model parameters: 75.00KiB
Number of Edge TPU subgraphs: 53
Total number of operations: 553
Operation log: logs/iter5_concatfold_a/repnext_stage2_int8_dwpatched_concatfold_edgetpu.log

Model successfully compiled but not all operations are supported by the Edge TPU. A percentage of the model will instead run on the CPU, which is slower. If possible, consider updating your model to use only operations supported by the Edge TPU. For details, visit g.co/coral/model-reqs.
Number of operations that will run on Edge TPU: 448
Number of operations that will run on CPU: 105

Operator                       Count      Status

DEPTHWISE_CONV_2D              204        Mapped to Edge TPU
MUL                            16         Mapped to Edge TPU
CONV_2D                        34         Mapped to Edge TPU
ADD                            142        Mapped to Edge TPU
SPLIT                          14         Mapped to Edge TPU
TRANSPOSE                      105        Operation is otherwise supported, but not mapped due to some unspecified limitation
PAD                            22         Mapped to Edge TPU
CONCATENATION                  16         Mapped to Edge TPU
Compilation child process completed within timeout period.
Compilation succeeded! 
